<?xml version="1.0" encoding="UTF-8"?>
<testsuites name="Baseline" time="413.108" tests="35" failures="14" errors="0">
   <testsuite name="Baseline" tests="35" failures="14" errors="0" time="413.108" skipped="0" timestamp="2026-04-27T15:25:32.426Z" hostname="ACER - Aspire-A715" id="Test Suites/Baseline">
      <properties>
[...]
</properties>
      <testcase name="Test Cases/Authentication/TC-001-Open-HMS-role-selection" time="5.257" classname="Test Cases/Authentication/TC-001-Open-HMS-role-selection" status="PASSED">
         <system-out><![CDATA[27-04-2026T22:25:32 - [TEST_CASE][PASSED] - Test Cases/Authentication/TC-001-Open-HMS-role-selection: Test Cases/Authentication/TC-001-Open-HMS-role-selection

27-04-2026T22:25:32 - [TEST_STEP][PASSED] - try: pulseclinic.WebUiKeywords.verifyTextPresent is PASSED

27-04-2026T22:25:32 - [TEST_STEP][PASSED] - pulseclinic.WebUiKeywords.openAt(hmsBaseUrl): pulseclinic.WebUiKeywords.openAt is PASSED

27-04-2026T22:25:33 - [MESSAGE][INFO] - Starting 'Edge Chromium' driver

27-04-2026T22:25:33 - [MESSAGE][INFO] - Action delay is set to 0 milliseconds

27-04-2026T22:25:35 - [MESSAGE][PASSED] - Browser is opened with url: ''

27-04-2026T22:25:35 - [MESSAGE][PASSED] - Current window maximized

27-04-2026T22:25:36 - [MESSAGE][PASSED] - Navigate to 'http://hms.localhost:3000' successfully

27-04-2026T22:25:36 - [MESSAGE][PASSED] - Wait for page load successfully

27-04-2026T22:25:36 - [MESSAGE][PASSED] - pulseclinic.WebUiKeywords.openAt is PASSED

27-04-2026T22:25:36 - [TEST_STEP][PASSED] - pulseclinic.WebUiKeywords.verifyTextPresent("Hospital Management System"): pulseclinic.WebUiKeywords.verifyTextPresent is PASSED

27-04-2026T22:25:37 - [MESSAGE][PASSED] - Text 'Hospital Management System' is present on page 

27-04-2026T22:25:37 - [MESSAGE][PASSED] - pulseclinic.WebUiKeywords.verifyTextPresent is PASSED

27-04-2026T22:25:37 - [TEST_STEP][PASSED] - pulseclinic.WebUiKeywords.verifyTextPresent("Staff"): pulseclinic.WebUiKeywords.verifyTextPresent is PASSED

27-04-2026T22:25:37 - [MESSAGE][PASSED] - Text 'Staff' is present on page 

27-04-2026T22:25:37 - [MESSAGE][PASSED] - pulseclinic.WebUiKeywords.verifyTextPresent is PASSED

27-04-2026T22:25:37 - [TEST_STEP][PASSED] - pulseclinic.WebUiKeywords.verifyTextPresent("Doctor"): pulseclinic.WebUiKeywords.verifyTextPresent is PASSED

27-04-2026T22:25:37 - [MESSAGE][PASSED] - Text 'Doctor' is present on page 

27-04-2026T22:25:37 - [MESSAGE][PASSED] - pulseclinic.WebUiKeywords.verifyTextPresent is PASSED

27-04-2026T22:25:37 - [TEST_STEP][PASSED] - Finally: pulseclinic.WebUiKeywords.closeBrowser is PASSED

27-04-2026T22:25:37 - [TEST_STEP][PASSED] - pulseclinic.WebUiKeywords.closeBrowser(): pulseclinic.WebUiKeywords.closeBrowser is PASSED

27-04-2026T22:25:37 - [MESSAGE][PASSED] - Browser is closed

27-04-2026T22:25:37 - [MESSAGE][PASSED] - pulseclinic.WebUiKeywords.closeBrowser is PASSED]]></system-out>
         <system-err><![CDATA[]]></system-err>
      </testcase>
      <testcase name="Test Cases/Authentication/TC-002-Open-staff-login" time="4.398" classname="Test Cases/Authentication/TC-002-Open-staff-login" status="PASSED">
         <system-out><![CDATA[27-04-2026T22:25:37 - [TEST_CASE][PASSED] - Test Cases/Authentication/TC-002-Open-staff-login: Test Cases/Authentication/TC-002-Open-staff-login

27-04-2026T22:25:37 - [TEST_STEP][PASSED] - try: pulseclinic.WebUiKeywords.verifyTextPresent is PASSED

27-04-2026T22:25:37 - [TEST_STEP][PASSED] - pulseclinic.WebUiKeywords.openAt(hmsBaseUrl): pulseclinic.WebUiKeywords.openAt is PASSED

27-04-2026T22:25:37 - [MESSAGE][INFO] - Starting 'Edge Chromium' driver

27-04-2026T22:25:37 - [MESSAGE][INFO] - Action delay is set to 0 milliseconds

27-04-2026T22:25:38 - [MESSAGE][PASSED] - Browser is opened with url: ''

27-04-2026T22:25:39 - [MESSAGE][PASSED] - Current window maximized

27-04-2026T22:25:39 - [MESSAGE][PASSED] - Navigate to 'http://hms.localhost:3000' successfully

27-04-2026T22:25:39 - [MESSAGE][PASSED] - Wait for page load successfully

27-04-2026T22:25:39 - [MESSAGE][PASSED] - pulseclinic.WebUiKeywords.openAt is PASSED

27-04-2026T22:25:39 - [TEST_STEP][PASSED] - pulseclinic.WebUiKeywords.clickByTestId("role-card-staff"): pulseclinic.WebUiKeywords.clickByTestId is PASSED

27-04-2026T22:25:40 - [MESSAGE][PASSED] - Object 'testid:role-card-staff' is clickable

27-04-2026T22:25:41 - [MESSAGE][PASSED] - Object: 'testid:role-card-staff' is clicked on

27-04-2026T22:25:41 - [MESSAGE][PASSED] - pulseclinic.WebUiKeywords.clickByTestId is PASSED

27-04-2026T22:25:41 - [TEST_STEP][PASSED] - pulseclinic.WebUiKeywords.verifyUrlContains("/login"): pulseclinic.WebUiKeywords.verifyUrlContains is PASSED

27-04-2026T22:25:41 - [MESSAGE][PASSED] - Current window's url is: 'http://staff.localhost:3000/login'

27-04-2026T22:25:41 - [MESSAGE][PASSED] - pulseclinic.WebUiKeywords.verifyUrlContains is PASSED

27-04-2026T22:25:41 - [TEST_STEP][PASSED] - pulseclinic.WebUiKeywords.verifyTextPresent("Staff Login"): pulseclinic.WebUiKeywords.verifyTextPresent is PASSED

27-04-2026T22:25:42 - [MESSAGE][PASSED] - Text 'Staff Login' is present on page 

27-04-2026T22:25:42 - [MESSAGE][PASSED] - pulseclinic.WebUiKeywords.verifyTextPresent is PASSED

27-04-2026T22:25:42 - [TEST_STEP][PASSED] - Finally: pulseclinic.WebUiKeywords.closeBrowser is PASSED

27-04-2026T22:25:42 - [TEST_STEP][PASSED] - pulseclinic.WebUiKeywords.closeBrowser(): pulseclinic.WebUiKeywords.closeBrowser is PASSED

27-04-2026T22:25:42 - [MESSAGE][PASSED] - Browser is closed

27-04-2026T22:25:42 - [MESSAGE][PASSED] - pulseclinic.WebUiKeywords.closeBrowser is PASSED]]></system-out>
         <system-err><![CDATA[]]></system-err>
      </testcase>
      <testcase name="Test Cases/Authentication/TC-003-Staff-login-required-fields" time="3.354" classname="Test Cases/Authentication/TC-003-Staff-login-required-fields" status="PASSED">
         <system-out><![CDATA[27-04-2026T22:25:42 - [TEST_CASE][PASSED] - Test Cases/Authentication/TC-003-Staff-login-required-fields: Test Cases/Authentication/TC-003-Staff-login-required-fields

27-04-2026T22:25:42 - [TEST_STEP][PASSED] - try: pulseclinic.WebUiKeywords.clickByTestId is PASSED

27-04-2026T22:25:42 - [TEST_STEP][PASSED] - pulseclinic.WebUiKeywords.openAt(staffBaseUrl + "/login"): pulseclinic.WebUiKeywords.openAt is PASSED

27-04-2026T22:25:42 - [MESSAGE][INFO] - Starting 'Edge Chromium' driver

27-04-2026T22:25:42 - [MESSAGE][INFO] - Action delay is set to 0 milliseconds

27-04-2026T22:25:43 - [MESSAGE][PASSED] - Browser is opened with url: ''

27-04-2026T22:25:43 - [MESSAGE][PASSED] - Current window maximized

27-04-2026T22:25:44 - [MESSAGE][PASSED] - Navigate to 'http://staff.localhost:3000/login' successfully

27-04-2026T22:25:44 - [MESSAGE][PASSED] - Wait for page load successfully

27-04-2026T22:25:44 - [MESSAGE][PASSED] - pulseclinic.WebUiKeywords.openAt is PASSED

27-04-2026T22:25:44 - [TEST_STEP][PASSED] - verifyElementHasAttribute(pulseclinic.WebUiKeywords.byTestId("login-email-input"), "required", defaultTimeout): Object 'testid:login-email-input' has attribute 'required'

27-04-2026T22:25:44 - [MESSAGE][PASSED] - pulseclinic.WebUiKeywords.byTestId is PASSED

27-04-2026T22:25:44 - [MESSAGE][PASSED] - Object 'testid:login-email-input' has attribute 'required'

27-04-2026T22:25:44 - [TEST_STEP][PASSED] - verifyElementHasAttribute(pulseclinic.WebUiKeywords.byTestId("login-password-input"), "required", defaultTimeout): Object 'testid:login-password-input' has attribute 'required'

27-04-2026T22:25:44 - [MESSAGE][PASSED] - pulseclinic.WebUiKeywords.byTestId is PASSED

27-04-2026T22:25:44 - [MESSAGE][PASSED] - Object 'testid:login-password-input' has attribute 'required'

27-04-2026T22:25:44 - [TEST_STEP][PASSED] - pulseclinic.WebUiKeywords.clickByTestId("login-submit-button"): pulseclinic.WebUiKeywords.clickByTestId is PASSED

27-04-2026T22:25:45 - [MESSAGE][PASSED] - Object 'testid:login-submit-button' is clickable

27-04-2026T22:25:45 - [MESSAGE][PASSED] - Object: 'testid:login-submit-button' is clicked on

27-04-2026T22:25:45 - [MESSAGE][PASSED] - pulseclinic.WebUiKeywords.clickByTestId is PASSED

27-04-2026T22:25:45 - [TEST_STEP][PASSED] - Finally: pulseclinic.WebUiKeywords.closeBrowser is PASSED

27-04-2026T22:25:45 - [TEST_STEP][PASSED] - pulseclinic.WebUiKeywords.closeBrowser(): pulseclinic.WebUiKeywords.closeBrowser is PASSED

27-04-2026T22:25:45 - [MESSAGE][PASSED] - Browser is closed

27-04-2026T22:25:45 - [MESSAGE][PASSED] - pulseclinic.WebUiKeywords.closeBrowser is PASSED]]></system-out>
         <system-err><![CDATA[]]></system-err>
      </testcase>
      <testcase name="Test Cases/Authentication/TC-004-Staff-login-invalid-credentials" time="6.299" classname="Test Cases/Authentication/TC-004-Staff-login-invalid-credentials" status="PASSED">
         <system-out><![CDATA[27-04-2026T22:25:45 - [TEST_CASE][PASSED] - Test Cases/Authentication/TC-004-Staff-login-invalid-credentials: Test Cases/Authentication/TC-004-Staff-login-invalid-credentials

27-04-2026T22:25:45 - [TEST_STEP][PASSED] - try: Object 'testid:login-error' is visible

27-04-2026T22:25:45 - [TEST_STEP][PASSED] - pulseclinic.WebUiKeywords.openAt(staffBaseUrl + "/login"): pulseclinic.WebUiKeywords.openAt is PASSED

27-04-2026T22:25:45 - [MESSAGE][INFO] - Starting 'Edge Chromium' driver

27-04-2026T22:25:45 - [MESSAGE][INFO] - Action delay is set to 0 milliseconds

27-04-2026T22:25:46 - [MESSAGE][PASSED] - Browser is opened with url: ''

27-04-2026T22:25:46 - [MESSAGE][PASSED] - Current window maximized

27-04-2026T22:25:47 - [MESSAGE][PASSED] - Navigate to 'http://staff.localhost:3000/login' successfully

27-04-2026T22:25:47 - [MESSAGE][PASSED] - Wait for page load successfully

27-04-2026T22:25:47 - [MESSAGE][PASSED] - pulseclinic.WebUiKeywords.openAt is PASSED

27-04-2026T22:25:47 - [TEST_STEP][PASSED] - pulseclinic.WebUiKeywords.setTextByTestId("login-email-input", "wrong.staff@hospital.com"): pulseclinic.WebUiKeywords.setTextByTestId is PASSED

27-04-2026T22:25:47 - [MESSAGE][PASSED] - Object 'testid:login-email-input' is visible

27-04-2026T22:25:48 - [MESSAGE][PASSED] - Text 'wrong.staff@hospital.com' is set on object 'testid:login-email-input'

27-04-2026T22:25:48 - [MESSAGE][PASSED] - pulseclinic.WebUiKeywords.setTextByTestId is PASSED

27-04-2026T22:25:48 - [TEST_STEP][PASSED] - pulseclinic.WebUiKeywords.setTextByTestId("login-password-input", "wrong-password"): pulseclinic.WebUiKeywords.setTextByTestId is PASSED

27-04-2026T22:25:49 - [MESSAGE][PASSED] - Object 'testid:login-password-input' is visible

27-04-2026T22:25:49 - [MESSAGE][PASSED] - Text 'wrong-password' is set on object 'testid:login-password-input'

27-04-2026T22:25:49 - [MESSAGE][PASSED] - pulseclinic.WebUiKeywords.setTextByTestId is PASSED

27-04-2026T22:25:49 - [TEST_STEP][PASSED] - pulseclinic.WebUiKeywords.clickByTestId("login-submit-button"): pulseclinic.WebUiKeywords.clickByTestId is PASSED

27-04-2026T22:25:50 - [MESSAGE][PASSED] - Object 'testid:login-submit-button' is clickable

27-04-2026T22:25:50 - [MESSAGE][PASSED] - Object: 'testid:login-submit-button' is clicked on

27-04-2026T22:25:50 - [MESSAGE][PASSED] - pulseclinic.WebUiKeywords.clickByTestId is PASSED

27-04-2026T22:25:50 - [TEST_STEP][PASSED] - waitForElementPresent(pulseclinic.WebUiKeywords.byTestId("login-error"), defaultTimeout): Object 'testid:login-error' is present

27-04-2026T22:25:50 - [MESSAGE][PASSED] - pulseclinic.WebUiKeywords.byTestId is PASSED

27-04-2026T22:25:51 - [MESSAGE][PASSED] - Object 'testid:login-error' is present

27-04-2026T22:25:51 - [TEST_STEP][PASSED] - verifyElementVisible(pulseclinic.WebUiKeywords.byTestId("login-error")): Object 'testid:login-error' is visible

27-04-2026T22:25:51 - [MESSAGE][PASSED] - pulseclinic.WebUiKeywords.byTestId is PASSED

27-04-2026T22:25:51 - [MESSAGE][PASSED] - Object 'testid:login-error' is visible

27-04-2026T22:25:51 - [TEST_STEP][PASSED] - Finally: pulseclinic.WebUiKeywords.closeBrowser is PASSED

27-04-2026T22:25:51 - [TEST_STEP][PASSED] - pulseclinic.WebUiKeywords.closeBrowser(): pulseclinic.WebUiKeywords.closeBrowser is PASSED

27-04-2026T22:25:52 - [MESSAGE][PASSED] - Browser is closed

27-04-2026T22:25:52 - [MESSAGE][PASSED] - pulseclinic.WebUiKeywords.closeBrowser is PASSED]]></system-out>
         <system-err><![CDATA[]]></system-err>
      </testcase>
      <testcase name="Test Cases/Authentication/TC-005-Staff-login-success-dashboard" time="5.909" classname="Test Cases/Authentication/TC-005-Staff-login-success-dashboard" status="PASSED">
         <system-out><![CDATA[27-04-2026T22:25:52 - [TEST_CASE][PASSED] - Test Cases/Authentication/TC-005-Staff-login-success-dashboard: Test Cases/Authentication/TC-005-Staff-login-success-dashboard

27-04-2026T22:25:52 - [TEST_STEP][PASSED] - try: pulseclinic.WebUiKeywords.loginAsStaff is PASSED

27-04-2026T22:25:52 - [TEST_STEP][PASSED] - pulseclinic.WebUiKeywords.loginAsStaff(): pulseclinic.WebUiKeywords.loginAsStaff is PASSED

27-04-2026T22:25:52 - [MESSAGE][INFO] - Starting 'Edge Chromium' driver

27-04-2026T22:25:52 - [MESSAGE][INFO] - Action delay is set to 0 milliseconds

27-04-2026T22:25:53 - [MESSAGE][PASSED] - Browser is opened with url: ''

27-04-2026T22:25:53 - [MESSAGE][PASSED] - Current window maximized

27-04-2026T22:25:53 - [MESSAGE][PASSED] - Navigate to 'http://staff.localhost:3000/login' successfully

27-04-2026T22:25:53 - [MESSAGE][PASSED] - Wait for page load successfully

27-04-2026T22:25:54 - [MESSAGE][PASSED] - Object 'testid:login-email-input' is visible

27-04-2026T22:25:54 - [MESSAGE][PASSED] - Text 'pharmacist1@hospital.com' is set on object 'testid:login-email-input'

27-04-2026T22:25:55 - [MESSAGE][PASSED] - Object 'testid:login-password-input' is visible

27-04-2026T22:25:55 - [MESSAGE][PASSED] - Text 'password123' is set on object 'testid:login-password-input'

27-04-2026T22:25:56 - [MESSAGE][PASSED] - Object 'testid:login-submit-button' is clickable

27-04-2026T22:25:56 - [MESSAGE][PASSED] - Object: 'testid:login-submit-button' is clicked on

27-04-2026T22:25:56 - [MESSAGE][PASSED] - Current window's url is: 'http://staff.localhost:3000/login'

27-04-2026T22:25:57 - [MESSAGE][PASSED] - Delayed 1 second(s)

27-04-2026T22:25:57 - [MESSAGE][PASSED] - Current window's url is: 'http://staff.localhost:3000/dashboard'

27-04-2026T22:25:57 - [MESSAGE][PASSED] - pulseclinic.WebUiKeywords.loginAsStaff is PASSED

27-04-2026T22:25:57 - [TEST_STEP][PASSED] - Finally: pulseclinic.WebUiKeywords.closeBrowser is PASSED

27-04-2026T22:25:57 - [TEST_STEP][PASSED] - pulseclinic.WebUiKeywords.closeBrowser(): pulseclinic.WebUiKeywords.closeBrowser is PASSED

27-04-2026T22:25:57 - [MESSAGE][PASSED] - Browser is closed

27-04-2026T22:25:57 - [MESSAGE][PASSED] - pulseclinic.WebUiKeywords.closeBrowser is PASSED]]></system-out>
         <system-err><![CDATA[]]></system-err>
      </testcase>
      <testcase name="Test Cases/Authentication/TC-006-Doctor-login-success-schedule" time="5.936" classname="Test Cases/Authentication/TC-006-Doctor-login-success-schedule" status="PASSED">
         <system-out><![CDATA[27-04-2026T22:25:57 - [TEST_CASE][PASSED] - Test Cases/Authentication/TC-006-Doctor-login-success-schedule: Test Cases/Authentication/TC-006-Doctor-login-success-schedule

27-04-2026T22:25:58 - [TEST_STEP][PASSED] - try: pulseclinic.WebUiKeywords.loginAsDoctor is PASSED

27-04-2026T22:25:58 - [TEST_STEP][PASSED] - pulseclinic.WebUiKeywords.loginAsDoctor(): pulseclinic.WebUiKeywords.loginAsDoctor is PASSED

27-04-2026T22:25:58 - [MESSAGE][INFO] - Starting 'Edge Chromium' driver

27-04-2026T22:25:58 - [MESSAGE][INFO] - Action delay is set to 0 milliseconds

27-04-2026T22:25:59 - [MESSAGE][PASSED] - Browser is opened with url: ''

27-04-2026T22:25:59 - [MESSAGE][PASSED] - Current window maximized

27-04-2026T22:25:59 - [MESSAGE][PASSED] - Navigate to 'http://doctor.localhost:3000/login' successfully

27-04-2026T22:25:59 - [MESSAGE][PASSED] - Wait for page load successfully

27-04-2026T22:26:00 - [MESSAGE][PASSED] - Object 'testid:login-email-input' is visible

27-04-2026T22:26:01 - [MESSAGE][PASSED] - Text 'admin.doctor@hospital.com' is set on object 'testid:login-email-input'

27-04-2026T22:26:01 - [MESSAGE][PASSED] - Object 'testid:login-password-input' is visible

27-04-2026T22:26:01 - [MESSAGE][PASSED] - Text 'password123' is set on object 'testid:login-password-input'

27-04-2026T22:26:02 - [MESSAGE][PASSED] - Object 'testid:login-submit-button' is clickable

27-04-2026T22:26:02 - [MESSAGE][PASSED] - Object: 'testid:login-submit-button' is clicked on

27-04-2026T22:26:02 - [MESSAGE][PASSED] - Current window's url is: 'http://doctor.localhost:3000/login'

27-04-2026T22:26:03 - [MESSAGE][PASSED] - Delayed 1 second(s)

27-04-2026T22:26:03 - [MESSAGE][PASSED] - Current window's url is: 'http://doctor.localhost:3000/schedule'

27-04-2026T22:26:03 - [MESSAGE][PASSED] - pulseclinic.WebUiKeywords.loginAsDoctor is PASSED

27-04-2026T22:26:03 - [TEST_STEP][PASSED] - Finally: pulseclinic.WebUiKeywords.closeBrowser is PASSED

27-04-2026T22:26:03 - [TEST_STEP][PASSED] - pulseclinic.WebUiKeywords.closeBrowser(): pulseclinic.WebUiKeywords.closeBrowser is PASSED

27-04-2026T22:26:03 - [MESSAGE][PASSED] - Browser is closed

27-04-2026T22:26:03 - [MESSAGE][PASSED] - pulseclinic.WebUiKeywords.closeBrowser is PASSED]]></system-out>
         <system-err><![CDATA[]]></system-err>
      </testcase>
      <testcase name="Test Cases/Authentication/TC-007-Patient-login-success-dashboard" time="5.67" classname="Test Cases/Authentication/TC-007-Patient-login-success-dashboard" status="PASSED">
         <system-out><![CDATA[27-04-2026T22:26:03 - [TEST_CASE][PASSED] - Test Cases/Authentication/TC-007-Patient-login-success-dashboard: Test Cases/Authentication/TC-007-Patient-login-success-dashboard

27-04-2026T22:26:03 - [TEST_STEP][PASSED] - try: pulseclinic.WebUiKeywords.loginAsPatient is PASSED

27-04-2026T22:26:03 - [TEST_STEP][PASSED] - pulseclinic.WebUiKeywords.loginAsPatient(): pulseclinic.WebUiKeywords.loginAsPatient is PASSED

27-04-2026T22:26:03 - [MESSAGE][INFO] - Starting 'Edge Chromium' driver

27-04-2026T22:26:03 - [MESSAGE][INFO] - Action delay is set to 0 milliseconds

27-04-2026T22:26:05 - [MESSAGE][PASSED] - Browser is opened with url: ''

27-04-2026T22:26:05 - [MESSAGE][PASSED] - Current window maximized

27-04-2026T22:26:05 - [MESSAGE][PASSED] - Navigate to 'http://localhost:3000/login' successfully

27-04-2026T22:26:05 - [MESSAGE][PASSED] - Wait for page load successfully

27-04-2026T22:26:06 - [MESSAGE][PASSED] - Object 'testid:login-email-input' is visible

27-04-2026T22:26:06 - [MESSAGE][PASSED] - Text 'patient1@example.com' is set on object 'testid:login-email-input'

27-04-2026T22:26:07 - [MESSAGE][PASSED] - Object 'testid:login-password-input' is visible

27-04-2026T22:26:07 - [MESSAGE][PASSED] - Text 'password123' is set on object 'testid:login-password-input'

27-04-2026T22:26:08 - [MESSAGE][PASSED] - Object 'testid:login-submit-button' is clickable

27-04-2026T22:26:08 - [MESSAGE][PASSED] - Object: 'testid:login-submit-button' is clicked on

27-04-2026T22:26:08 - [MESSAGE][PASSED] - Current window's url is: 'http://localhost:3000/login'

27-04-2026T22:26:09 - [MESSAGE][PASSED] - Delayed 1 second(s)

27-04-2026T22:26:09 - [MESSAGE][PASSED] - Current window's url is: 'http://localhost:3000/dashboard'

27-04-2026T22:26:09 - [MESSAGE][PASSED] - pulseclinic.WebUiKeywords.loginAsPatient is PASSED

27-04-2026T22:26:09 - [TEST_STEP][PASSED] - Finally: pulseclinic.WebUiKeywords.closeBrowser is PASSED

27-04-2026T22:26:09 - [TEST_STEP][PASSED] - pulseclinic.WebUiKeywords.closeBrowser(): pulseclinic.WebUiKeywords.closeBrowser is PASSED

27-04-2026T22:26:09 - [MESSAGE][PASSED] - Browser is closed

27-04-2026T22:26:09 - [MESSAGE][PASSED] - pulseclinic.WebUiKeywords.closeBrowser is PASSED]]></system-out>
         <system-err><![CDATA[]]></system-err>
      </testcase>
      <testcase name="Test Cases/StaffTables/TC-008-Patient-profile-table" time="7.513" classname="Test Cases/StaffTables/TC-008-Patient-profile-table" status="PASSED">
         <system-out><![CDATA[27-04-2026T22:26:09 - [TEST_CASE][PASSED] - Test Cases/StaffTables/TC-008-Patient-profile-table: Test Cases/StaffTables/TC-008-Patient-profile-table

27-04-2026T22:26:09 - [TEST_STEP][PASSED] - try: pulseclinic.WebUiKeywords.verifyRowsOrEmptyState is PASSED

27-04-2026T22:26:09 - [TEST_STEP][PASSED] - pulseclinic.WebUiKeywords.loginAsStaff(): pulseclinic.WebUiKeywords.loginAsStaff is PASSED

27-04-2026T22:26:09 - [MESSAGE][INFO] - Starting 'Edge Chromium' driver

27-04-2026T22:26:09 - [MESSAGE][INFO] - Action delay is set to 0 milliseconds

27-04-2026T22:26:10 - [MESSAGE][PASSED] - Browser is opened with url: ''

27-04-2026T22:26:10 - [MESSAGE][PASSED] - Current window maximized

27-04-2026T22:26:11 - [MESSAGE][PASSED] - Navigate to 'http://staff.localhost:3000/login' successfully

27-04-2026T22:26:11 - [MESSAGE][PASSED] - Wait for page load successfully

27-04-2026T22:26:11 - [MESSAGE][PASSED] - Object 'testid:login-email-input' is visible

27-04-2026T22:26:12 - [MESSAGE][PASSED] - Text 'pharmacist1@hospital.com' is set on object 'testid:login-email-input'

27-04-2026T22:26:12 - [MESSAGE][PASSED] - Object 'testid:login-password-input' is visible

27-04-2026T22:26:13 - [MESSAGE][PASSED] - Text 'password123' is set on object 'testid:login-password-input'

27-04-2026T22:26:13 - [MESSAGE][PASSED] - Object 'testid:login-submit-button' is clickable

27-04-2026T22:26:14 - [MESSAGE][PASSED] - Object: 'testid:login-submit-button' is clicked on

27-04-2026T22:26:14 - [MESSAGE][PASSED] - Current window's url is: 'http://staff.localhost:3000/login'

27-04-2026T22:26:15 - [MESSAGE][PASSED] - Delayed 1 second(s)

27-04-2026T22:26:15 - [MESSAGE][PASSED] - Current window's url is: 'http://staff.localhost:3000/dashboard'

27-04-2026T22:26:15 - [MESSAGE][PASSED] - pulseclinic.WebUiKeywords.loginAsStaff is PASSED

27-04-2026T22:26:15 - [TEST_STEP][PASSED] - navigateToUrl(staffBaseUrl + "/patients"): Navigate to 'http://staff.localhost:3000/patients' successfully

27-04-2026T22:26:15 - [MESSAGE][PASSED] - Navigate to 'http://staff.localhost:3000/patients' successfully

27-04-2026T22:26:15 - [TEST_STEP][PASSED] - pulseclinic.WebUiKeywords.verifyRowsOrEmptyState(): pulseclinic.WebUiKeywords.verifyRowsOrEmptyState is PASSED

27-04-2026T22:26:16 - [MESSAGE][PASSED] - Object 'testid:data-table' is present

27-04-2026T22:26:16 - [MESSAGE][PASSED] - Object 'testid:data-table' is present

27-04-2026T22:26:16 - [MESSAGE][PASSED] - Execute JavaScript 'return document.querySelectorAll('[data-testid="data-table-row"]').length' successfully

27-04-2026T22:26:16 - [MESSAGE][PASSED] - Text 'No data available' is present on page 

27-04-2026T22:26:16 - [MESSAGE][PASSED] - pulseclinic.WebUiKeywords.verifyRowsOrEmptyState is PASSED

27-04-2026T22:26:16 - [TEST_STEP][PASSED] - Finally: pulseclinic.WebUiKeywords.closeBrowser is PASSED

27-04-2026T22:26:16 - [TEST_STEP][PASSED] - pulseclinic.WebUiKeywords.closeBrowser(): pulseclinic.WebUiKeywords.closeBrowser is PASSED

27-04-2026T22:26:17 - [MESSAGE][PASSED] - Browser is closed

27-04-2026T22:26:17 - [MESSAGE][PASSED] - pulseclinic.WebUiKeywords.closeBrowser is PASSED]]></system-out>
         <system-err><![CDATA[]]></system-err>
      </testcase>
      <testcase name="Test Cases/StaffTables/TC-009-Patient-search" time="8.953" classname="Test Cases/StaffTables/TC-009-Patient-search" status="FAILED">
         <failure type="FAILED" message="Test Cases/StaffTables/TC-009-Patient-search FAILED.&#xa;Reason:&#xa;com.kms.katalon.core.exception.StepFailedException: Unable to verify text 'John Patient' is present &#xa;	at com.kms.katalon.core.webui.keyword.internal.WebUIKeywordMain.stepFailed(WebUIKeywordMain.groovy:177)&#xa;	at com.kms.katalon.core.webui.keyword.internal.WebUIKeywordMain.runKeyword(WebUIKeywordMain.groovy:49)&#xa;	at com.kms.katalon.core.webui.keyword.builtin.VerifyTextPresentKeyword.verifyTextPresent(VerifyTextPresentKeyword.groovy:83)&#xa;	at com.kms.katalon.core.webui.keyword.builtin.VerifyTextPresentKeyword.execute(VerifyTextPresentKeyword.groovy:68)&#xa;	at com.kms.katalon.core.keyword.internal.KeywordExecutor.executeKeywordForPlatform(KeywordExecutor.groovy:95)&#xa;	at com.kms.katalon.core.webui.keyword.WebUiBuiltInKeywords.verifyTextPresent(WebUiBuiltInKeywords.groovy:1808)&#xa;	at pulseclinic.WebUiKeywords.verifyTextPresent(WebUiKeywords.groovy:60)&#xa;	at java.base/jdk.internal.reflect.DirectMethodHandleAccessor.invoke(DirectMethodHandleAccessor.java:103)&#xa;	at com.kms.katalon.core.main.CustomKeywordDelegatingMetaClass.invokeStaticMethod(CustomKeywordDelegatingMetaClass.java:55)&#xa;	at Script20260425152000.run(Script20260425152000.groovy:9)&#xa;	at com.kms.katalon.core.main.ScriptEngine.run(ScriptEngine.java:194)&#xa;	at com.kms.katalon.core.main.ScriptEngine.runScriptAsRawText(ScriptEngine.java:119)&#xa;	at com.kms.katalon.core.main.TestCaseExecutor.runScript(TestCaseExecutor.java:502)&#xa;	at com.kms.katalon.core.main.TestCaseExecutor.doExecute(TestCaseExecutor.java:493)&#xa;	at com.kms.katalon.core.main.TestCaseExecutor.processExecutionPhase(TestCaseExecutor.java:472)&#xa;	at com.kms.katalon.core.main.TestCaseExecutor.accessMainPhase(TestCaseExecutor.java:464)&#xa;	at com.kms.katalon.core.main.TestCaseExecutor.execute(TestCaseExecutor.java:334)&#xa;	at com.kms.katalon.core.common.CommonExecutor.accessTestCaseMainPhase(CommonExecutor.java:71)&#xa;	at com.kms.katalon.core.main.TestSuiteExecutor.accessTestSuiteMainPhase(TestSuiteExecutor.java:163)&#xa;	at com.kms.katalon.core.main.TestSuiteExecutor.execute(TestSuiteExecutor.java:120)&#xa;	at com.kms.katalon.core.main.TestCaseMain.startTestSuite(TestCaseMain.java:205)&#xa;	at S0.run(S0.groovy:40)&#xa;	at java.base/jdk.internal.reflect.DirectMethodHandleAccessor.invoke(DirectMethodHandleAccessor.java:103)&#xa;Caused by: com.kms.katalon.core.exception.StepFailedException: Text 'John Patient' is not present on page &#xa;	at com.kms.katalon.core.webui.keyword.internal.WebUIKeywordMain.stepFailed(WebUIKeywordMain.groovy:177)&#xa;	at com.kms.katalon.core.webui.keyword.builtin.VerifyTextPresentKeyword$_verifyTextPresent_closure1.doCall(VerifyTextPresentKeyword.groovy:79)&#xa;	at com.kms.katalon.core.webui.keyword.builtin.VerifyTextPresentKeyword$_verifyTextPresent_closure1.call(VerifyTextPresentKeyword.groovy)&#xa;	at com.kms.katalon.core.webui.keyword.internal.WebUIKeywordMain.runKeyword(WebUIKeywordMain.groovy:41)&#xa;	... 21 more&#xa;"/>
         <system-out><![CDATA[27-04-2026T22:26:17 - [TEST_CASE][FAILED] - Test Cases/StaffTables/TC-009-Patient-search: Test Cases/StaffTables/TC-009-Patient-search FAILED.
Reason:
com.kms.katalon.core.exception.StepFailedException: Unable to verify text 'John Patient' is present 
	at com.kms.katalon.core.webui.keyword.internal.WebUIKeywordMain.stepFailed(WebUIKeywordMain.groovy:177)
	at com.kms.katalon.core.webui.keyword.internal.WebUIKeywordMain.runKeyword(WebUIKeywordMain.groovy:49)
	at com.kms.katalon.core.webui.keyword.builtin.VerifyTextPresentKeyword.verifyTextPresent(VerifyTextPresentKeyword.groovy:83)
	at com.kms.katalon.core.webui.keyword.builtin.VerifyTextPresentKeyword.execute(VerifyTextPresentKeyword.groovy:68)
	at com.kms.katalon.core.keyword.internal.KeywordExecutor.executeKeywordForPlatform(KeywordExecutor.groovy:95)
	at com.kms.katalon.core.webui.keyword.WebUiBuiltInKeywords.verifyTextPresent(WebUiBuiltInKeywords.groovy:1808)
	at pulseclinic.WebUiKeywords.verifyTextPresent(WebUiKeywords.groovy:60)
	at java.base/jdk.internal.reflect.DirectMethodHandleAccessor.invoke(DirectMethodHandleAccessor.java:103)
	at com.kms.katalon.core.main.CustomKeywordDelegatingMetaClass.invokeStaticMethod(CustomKeywordDelegatingMetaClass.java:55)
	at Script20260425152000.run(Script20260425152000.groovy:9)
	at com.kms.katalon.core.main.ScriptEngine.run(ScriptEngine.java:194)
	at com.kms.katalon.core.main.ScriptEngine.runScriptAsRawText(ScriptEngine.java:119)
	at com.kms.katalon.core.main.TestCaseExecutor.runScript(TestCaseExecutor.java:502)
	at com.kms.katalon.core.main.TestCaseExecutor.doExecute(TestCaseExecutor.java:493)
	at com.kms.katalon.core.main.TestCaseExecutor.processExecutionPhase(TestCaseExecutor.java:472)
	at com.kms.katalon.core.main.TestCaseExecutor.accessMainPhase(TestCaseExecutor.java:464)
	at com.kms.katalon.core.main.TestCaseExecutor.execute(TestCaseExecutor.java:334)
	at com.kms.katalon.core.common.CommonExecutor.accessTestCaseMainPhase(CommonExecutor.java:71)
	at com.kms.katalon.core.main.TestSuiteExecutor.accessTestSuiteMainPhase(TestSuiteExecutor.java:163)
	at com.kms.katalon.core.main.TestSuiteExecutor.execute(TestSuiteExecutor.java:120)
	at com.kms.katalon.core.main.TestCaseMain.startTestSuite(TestCaseMain.java:205)
	at S0.run(S0.groovy:40)
	at java.base/jdk.internal.reflect.DirectMethodHandleAccessor.invoke(DirectMethodHandleAccessor.java:103)
Caused by: com.kms.katalon.core.exception.StepFailedException: Text 'John Patient' is not present on page 
	at com.kms.katalon.core.webui.keyword.internal.WebUIKeywordMain.stepFailed(WebUIKeywordMain.groovy:177)
	at com.kms.katalon.core.webui.keyword.builtin.VerifyTextPresentKeyword$_verifyTextPresent_closure1.doCall(VerifyTextPresentKeyword.groovy:79)
	at com.kms.katalon.core.webui.keyword.builtin.VerifyTextPresentKeyword$_verifyTextPresent_closure1.call(VerifyTextPresentKeyword.groovy)
	at com.kms.katalon.core.webui.keyword.internal.WebUIKeywordMain.runKeyword(WebUIKeywordMain.groovy:41)
	... 21 more


27-04-2026T22:26:17 - [TEST_STEP][FAILED] - try: Unable to verify text 'John Patient' is present 
com.kms.katalon.core.exception.StepFailedException: Text 'John Patient' is not present on page 

27-04-2026T22:26:17 - [TEST_STEP][PASSED] - pulseclinic.WebUiKeywords.loginAsStaff(): pulseclinic.WebUiKeywords.loginAsStaff is PASSED

27-04-2026T22:26:17 - [MESSAGE][INFO] - Starting 'Edge Chromium' driver

27-04-2026T22:26:17 - [MESSAGE][INFO] - Action delay is set to 0 milliseconds

27-04-2026T22:26:18 - [MESSAGE][PASSED] - Browser is opened with url: ''

27-04-2026T22:26:18 - [MESSAGE][PASSED] - Current window maximized

27-04-2026T22:26:18 - [MESSAGE][PASSED] - Navigate to 'http://staff.localhost:3000/login' successfully

27-04-2026T22:26:18 - [MESSAGE][PASSED] - Wait for page load successfully

27-04-2026T22:26:19 - [MESSAGE][PASSED] - Object 'testid:login-email-input' is visible

27-04-2026T22:26:19 - [MESSAGE][PASSED] - Text 'pharmacist1@hospital.com' is set on object 'testid:login-email-input'

27-04-2026T22:26:20 - [MESSAGE][PASSED] - Object 'testid:login-password-input' is visible

27-04-2026T22:26:20 - [MESSAGE][PASSED] - Text 'password123' is set on object 'testid:login-password-input'

27-04-2026T22:26:21 - [MESSAGE][PASSED] - Object 'testid:login-submit-button' is clickable

27-04-2026T22:26:21 - [MESSAGE][PASSED] - Object: 'testid:login-submit-button' is clicked on

27-04-2026T22:26:21 - [MESSAGE][PASSED] - Current window's url is: 'http://staff.localhost:3000/login'

27-04-2026T22:26:22 - [MESSAGE][PASSED] - Delayed 1 second(s)

27-04-2026T22:26:22 - [MESSAGE][PASSED] - Current window's url is: 'http://staff.localhost:3000/dashboard'

27-04-2026T22:26:22 - [MESSAGE][PASSED] - pulseclinic.WebUiKeywords.loginAsStaff is PASSED

27-04-2026T22:26:22 - [TEST_STEP][PASSED] - navigateToUrl(staffBaseUrl + "/patients"): Navigate to 'http://staff.localhost:3000/patients' successfully

27-04-2026T22:26:23 - [MESSAGE][PASSED] - Navigate to 'http://staff.localhost:3000/patients' successfully

27-04-2026T22:26:23 - [TEST_STEP][PASSED] - pulseclinic.WebUiKeywords.searchToolbar(patientSearchTerm): pulseclinic.WebUiKeywords.searchToolbar is PASSED

27-04-2026T22:26:23 - [MESSAGE][PASSED] - Object 'testid:toolbar-search-input' is visible

27-04-2026T22:26:24 - [MESSAGE][PASSED] - Text 'John Patient' is set on object 'testid:toolbar-search-input'

27-04-2026T22:26:25 - [MESSAGE][PASSED] - Delayed 1 second(s)

27-04-2026T22:26:25 - [MESSAGE][PASSED] - pulseclinic.WebUiKeywords.searchToolbar is PASSED

27-04-2026T22:26:25 - [TEST_STEP][FAILED] - pulseclinic.WebUiKeywords.verifyTextPresent(patientSearchTerm): Unable to verify text 'John Patient' is present 
com.kms.katalon.core.exception.StepFailedException: Text 'John Patient' is not present on page 

27-04-2026T22:26:25 - [MESSAGE][FAILED] - Text 'John Patient' is not present on page  (Root cause: com.kms.katalon.core.exception.StepFailedException: Text 'John Patient' is not present on page 
	at com.kms.katalon.core.webui.keyword.internal.WebUIKeywordMain.stepFailed(WebUIKeywordMain.groovy:177)
	at com.kms.katalon.core.webui.keyword.builtin.VerifyTextPresentKeyword$_verifyTextPresent_closure1.doCall(VerifyTextPresentKeyword.groovy:79)
	at com.kms.katalon.core.webui.keyword.builtin.VerifyTextPresentKeyword$_verifyTextPresent_closure1.call(VerifyTextPresentKeyword.groovy)
	at com.kms.katalon.core.webui.keyword.internal.WebUIKeywordMain.runKeyword(WebUIKeywordMain.groovy:41)
	at com.kms.katalon.core.webui.keyword.builtin.VerifyTextPresentKeyword.verifyTextPresent(VerifyTextPresentKeyword.groovy:83)
	at com.kms.katalon.core.webui.keyword.builtin.VerifyTextPresentKeyword.execute(VerifyTextPresentKeyword.groovy:68)
	at com.kms.katalon.core.keyword.internal.KeywordExecutor.executeKeywordForPlatform(KeywordExecutor.groovy:95)
	at com.kms.katalon.core.webui.keyword.WebUiBuiltInKeywords.verifyTextPresent(WebUiBuiltInKeywords.groovy:1808)
	at pulseclinic.WebUiKeywords.verifyTextPresent(WebUiKeywords.groovy:60)
	at java.base/jdk.internal.reflect.DirectMethodHandleAccessor.invoke(DirectMethodHandleAccessor.java:103)
	at com.kms.katalon.core.main.CustomKeywordDelegatingMetaClass.invokeStaticMethod(CustomKeywordDelegatingMetaClass.java:55)
	at Script20260425152000.run(Script20260425152000.groovy:9)
	at com.kms.katalon.core.main.ScriptEngine.run(ScriptEngine.java:194)
	at com.kms.katalon.core.main.ScriptEngine.runScriptAsRawText(ScriptEngine.java:119)
	at com.kms.katalon.core.main.TestCaseExecutor.runScript(TestCaseExecutor.java:502)
	at com.kms.katalon.core.main.TestCaseExecutor.doExecute(TestCaseExecutor.java:493)
	at com.kms.katalon.core.main.TestCaseExecutor.processExecutionPhase(TestCaseExecutor.java:472)
	at com.kms.katalon.core.main.TestCaseExecutor.accessMainPhase(TestCaseExecutor.java:464)
	at com.kms.katalon.core.main.TestCaseExecutor.execute(TestCaseExecutor.java:334)
	at com.kms.katalon.core.common.CommonExecutor.accessTestCaseMainPhase(CommonExecutor.java:71)
	at com.kms.katalon.core.main.TestSuiteExecutor.accessTestSuiteMainPhase(TestSuiteExecutor.java:163)
	at com.kms.katalon.core.main.TestSuiteExecutor.execute(TestSuiteExecutor.java:120)
	at com.kms.katalon.core.main.TestCaseMain.startTestSuite(TestCaseMain.java:205)
	at S0.run(S0.groovy:40)
	at java.base/jdk.internal.reflect.DirectMethodHandleAccessor.invoke(DirectMethodHandleAccessor.java:103)
)

27-04-2026T22:26:25 - [MESSAGE][FAILED] - Unable to verify text 'John Patient' is present  (Root cause: com.kms.katalon.core.exception.StepFailedException: Unable to verify text 'John Patient' is present 
	at com.kms.katalon.core.webui.keyword.internal.WebUIKeywordMain.stepFailed(WebUIKeywordMain.groovy:177)
	at com.kms.katalon.core.webui.keyword.internal.WebUIKeywordMain.runKeyword(WebUIKeywordMain.groovy:49)
	at com.kms.katalon.core.webui.keyword.builtin.VerifyTextPresentKeyword.verifyTextPresent(VerifyTextPresentKeyword.groovy:83)
	at com.kms.katalon.core.webui.keyword.builtin.VerifyTextPresentKeyword.execute(VerifyTextPresentKeyword.groovy:68)
	at com.kms.katalon.core.keyword.internal.KeywordExecutor.executeKeywordForPlatform(KeywordExecutor.groovy:95)
	at com.kms.katalon.core.webui.keyword.WebUiBuiltInKeywords.verifyTextPresent(WebUiBuiltInKeywords.groovy:1808)
	at pulseclinic.WebUiKeywords.verifyTextPresent(WebUiKeywords.groovy:60)
	at java.base/jdk.internal.reflect.DirectMethodHandleAccessor.invoke(DirectMethodHandleAccessor.java:103)
	at com.kms.katalon.core.main.CustomKeywordDelegatingMetaClass.invokeStaticMethod(CustomKeywordDelegatingMetaClass.java:55)
	at Script20260425152000.run(Script20260425152000.groovy:9)
	at com.kms.katalon.core.main.ScriptEngine.run(ScriptEngine.java:194)
	at com.kms.katalon.core.main.ScriptEngine.runScriptAsRawText(ScriptEngine.java:119)
	at com.kms.katalon.core.main.TestCaseExecutor.runScript(TestCaseExecutor.java:502)
	at com.kms.katalon.core.main.TestCaseExecutor.doExecute(TestCaseExecutor.java:493)
	at com.kms.katalon.core.main.TestCaseExecutor.processExecutionPhase(TestCaseExecutor.java:472)
	at com.kms.katalon.core.main.TestCaseExecutor.accessMainPhase(TestCaseExecutor.java:464)
	at com.kms.katalon.core.main.TestCaseExecutor.execute(TestCaseExecutor.java:334)
	at com.kms.katalon.core.common.CommonExecutor.accessTestCaseMainPhase(CommonExecutor.java:71)
	at com.kms.katalon.core.main.TestSuiteExecutor.accessTestSuiteMainPhase(TestSuiteExecutor.java:163)
	at com.kms.katalon.core.main.TestSuiteExecutor.execute(TestSuiteExecutor.java:120)
	at com.kms.katalon.core.main.TestCaseMain.startTestSuite(TestCaseMain.java:205)
	at S0.run(S0.groovy:40)
	at java.base/jdk.internal.reflect.DirectMethodHandleAccessor.invoke(DirectMethodHandleAccessor.java:103)
Caused by: com.kms.katalon.core.exception.StepFailedException: Text 'John Patient' is not present on page 
	at com.kms.katalon.core.webui.keyword.internal.WebUIKeywordMain.stepFailed(WebUIKeywordMain.groovy:177)
	at com.kms.katalon.core.webui.keyword.builtin.VerifyTextPresentKeyword$_verifyTextPresent_closure1.doCall(VerifyTextPresentKeyword.groovy:79)
	at com.kms.katalon.core.webui.keyword.builtin.VerifyTextPresentKeyword$_verifyTextPresent_closure1.call(VerifyTextPresentKeyword.groovy)
	at com.kms.katalon.core.webui.keyword.internal.WebUIKeywordMain.runKeyword(WebUIKeywordMain.groovy:41)
	... 21 more
)
[[ATTACHMENT|D:\\UNI_DOCS\\HK6\\KCPM\\QuanLyBenhVien_KiemThu\\pulse-katalon\\Reports\\20260427_222524\\Baseline\\20260427_222524\\1777303585747.png]]

27-04-2026T22:26:25 - [MESSAGE][FAILED] - Unable to verify text 'John Patient' is present 
com.kms.katalon.core.exception.StepFailedException: Text 'John Patient' is not present on page 

27-04-2026T22:26:25 - [TEST_STEP][PASSED] - Finally: pulseclinic.WebUiKeywords.closeBrowser is PASSED

27-04-2026T22:26:25 - [TEST_STEP][PASSED] - pulseclinic.WebUiKeywords.closeBrowser(): pulseclinic.WebUiKeywords.closeBrowser is PASSED

27-04-2026T22:26:26 - [MESSAGE][PASSED] - Browser is closed

27-04-2026T22:26:26 - [MESSAGE][PASSED] - pulseclinic.WebUiKeywords.closeBrowser is PASSED]]></system-out>
         <system-err><![CDATA[27-04-2026T22:26:17 - [TEST_CASE][FAILED] - Test Cases/StaffTables/TC-009-Patient-search: Test Cases/StaffTables/TC-009-Patient-search FAILED.
Reason:
com.kms.katalon.core.exception.StepFailedException: Unable to verify text 'John Patient' is present 
	at com.kms.katalon.core.webui.keyword.internal.WebUIKeywordMain.stepFailed(WebUIKeywordMain.groovy:177)
	at com.kms.katalon.core.webui.keyword.internal.WebUIKeywordMain.runKeyword(WebUIKeywordMain.groovy:49)
	at com.kms.katalon.core.webui.keyword.builtin.VerifyTextPresentKeyword.verifyTextPresent(VerifyTextPresentKeyword.groovy:83)
	at com.kms.katalon.core.webui.keyword.builtin.VerifyTextPresentKeyword.execute(VerifyTextPresentKeyword.groovy:68)
	at com.kms.katalon.core.keyword.internal.KeywordExecutor.executeKeywordForPlatform(KeywordExecutor.groovy:95)
	at com.kms.katalon.core.webui.keyword.WebUiBuiltInKeywords.verifyTextPresent(WebUiBuiltInKeywords.groovy:1808)
	at pulseclinic.WebUiKeywords.verifyTextPresent(WebUiKeywords.groovy:60)
	at java.base/jdk.internal.reflect.DirectMethodHandleAccessor.invoke(DirectMethodHandleAccessor.java:103)
	at com.kms.katalon.core.main.CustomKeywordDelegatingMetaClass.invokeStaticMethod(CustomKeywordDelegatingMetaClass.java:55)
	at Script20260425152000.run(Script20260425152000.groovy:9)
	at com.kms.katalon.core.main.ScriptEngine.run(ScriptEngine.java:194)
	at com.kms.katalon.core.main.ScriptEngine.runScriptAsRawText(ScriptEngine.java:119)
	at com.kms.katalon.core.main.TestCaseExecutor.runScript(TestCaseExecutor.java:502)
	at com.kms.katalon.core.main.TestCaseExecutor.doExecute(TestCaseExecutor.java:493)
	at com.kms.katalon.core.main.TestCaseExecutor.processExecutionPhase(TestCaseExecutor.java:472)
	at com.kms.katalon.core.main.TestCaseExecutor.accessMainPhase(TestCaseExecutor.java:464)
	at com.kms.katalon.core.main.TestCaseExecutor.execute(TestCaseExecutor.java:334)
	at com.kms.katalon.core.common.CommonExecutor.accessTestCaseMainPhase(CommonExecutor.java:71)
	at com.kms.katalon.core.main.TestSuiteExecutor.accessTestSuiteMainPhase(TestSuiteExecutor.java:163)
	at com.kms.katalon.core.main.TestSuiteExecutor.execute(TestSuiteExecutor.java:120)
	at com.kms.katalon.core.main.TestCaseMain.startTestSuite(TestCaseMain.java:205)
	at S0.run(S0.groovy:40)
	at java.base/jdk.internal.reflect.DirectMethodHandleAccessor.invoke(DirectMethodHandleAccessor.java:103)
Caused by: com.kms.katalon.core.exception.StepFailedException: Text 'John Patient' is not present on page 
	at com.kms.katalon.core.webui.keyword.internal.WebUIKeywordMain.stepFailed(WebUIKeywordMain.groovy:177)
	at com.kms.katalon.core.webui.keyword.builtin.VerifyTextPresentKeyword$_verifyTextPresent_closure1.doCall(VerifyTextPresentKeyword.groovy:79)
	at com.kms.katalon.core.webui.keyword.builtin.VerifyTextPresentKeyword$_verifyTextPresent_closure1.call(VerifyTextPresentKeyword.groovy)
	at com.kms.katalon.core.webui.keyword.internal.WebUIKeywordMain.runKeyword(WebUIKeywordMain.groovy:41)
	... 21 more]]></system-err>
      </testcase>
      <testcase name="Test Cases/StaffTables/TC-010-Patient-filter-gender" time="17.839" classname="Test Cases/StaffTables/TC-010-Patient-filter-gender" status="FAILED">
         <failure type="FAILED" message="Test Cases/StaffTables/TC-010-Patient-filter-gender FAILED.&#xa;Reason:&#xa;com.kms.katalon.core.exception.StepFailedException: Unable to select option by value 'Male_INVALID' of object 'testid:patient-filter-gender' &#xa;	at com.kms.katalon.core.webui.keyword.internal.WebUIKeywordMain.stepFailed(WebUIKeywordMain.groovy:177)&#xa;	at com.kms.katalon.core.webui.keyword.internal.WebUIKeywordMain.runKeyword(WebUIKeywordMain.groovy:49)&#xa;	at com.kms.katalon.core.webui.keyword.internal.WebUIKeywordMain.runKeywordUntilTimeout(WebUIKeywordMain.groovy:133)&#xa;	at com.kms.katalon.core.webui.keyword.builtin.SelectOptionByValueKeyword.selectOptionByValue(SelectOptionByValueKeyword.groovy:79)&#xa;	at com.kms.katalon.core.webui.keyword.builtin.SelectOptionByValueKeyword.execute(SelectOptionByValueKeyword.groovy:44)&#xa;	at com.kms.katalon.core.keyword.internal.KeywordExecutor.executeKeywordForPlatform(KeywordExecutor.groovy:95)&#xa;	at com.kms.katalon.core.webui.keyword.WebUiBuiltInKeywords.selectOptionByValue(WebUiBuiltInKeywords.groovy:1269)&#xa;	at pulseclinic.WebUiKeywords.selectByValueTestId(WebUiKeywords.groovy:55)&#xa;	at java.base/jdk.internal.reflect.DirectMethodHandleAccessor.invoke(DirectMethodHandleAccessor.java:103)&#xa;	at com.kms.katalon.core.main.CustomKeywordDelegatingMetaClass.invokeStaticMethod(CustomKeywordDelegatingMetaClass.java:55)&#xa;	at Script20260425152000.run(Script20260425152000.groovy:10)&#xa;	at com.kms.katalon.core.main.ScriptEngine.run(ScriptEngine.java:194)&#xa;	at com.kms.katalon.core.main.ScriptEngine.runScriptAsRawText(ScriptEngine.java:119)&#xa;	at com.kms.katalon.core.main.TestCaseExecutor.runScript(TestCaseExecutor.java:502)&#xa;	at com.kms.katalon.core.main.TestCaseExecutor.doExecute(TestCaseExecutor.java:493)&#xa;	at com.kms.katalon.core.main.TestCaseExecutor.processExecutionPhase(TestCaseExecutor.java:472)&#xa;	at com.kms.katalon.core.main.TestCaseExecutor.accessMainPhase(TestCaseExecutor.java:464)&#xa;	at com.kms.katalon.core.main.TestCaseExecutor.execute(TestCaseExecutor.java:334)&#xa;	at com.kms.katalon.core.common.CommonExecutor.accessTestCaseMainPhase(CommonExecutor.java:71)&#xa;	at com.kms.katalon.core.main.TestSuiteExecutor.accessTestSuiteMainPhase(TestSuiteExecutor.java:163)&#xa;	at com.kms.katalon.core.main.TestSuiteExecutor.execute(TestSuiteExecutor.java:120)&#xa;	at com.kms.katalon.core.main.TestCaseMain.startTestSuite(TestCaseMain.java:205)&#xa;	at S0.run(S0.groovy:40)&#xa;	at java.base/jdk.internal.reflect.DirectMethodHandleAccessor.invoke(DirectMethodHandleAccessor.java:103)&#xa;Caused by: org.openqa.selenium.NoSuchElementException: Cannot locate option with value: Male_INVALID&#xa;For documentation on this error, please visit: https://www.selenium.dev/documentation/webdriver/troubleshooting/errors#nosuchelementexception&#xa;Build info: version: '4.39.0', revision: '126f156aee'&#xa;System info: os.name: 'Windows 11', os.arch: 'amd64', os.version: '10.0', java.version: '21.0.9'&#xa;Driver info: driver.version: unknown&#xa;	at org.openqa.selenium.support.ui.Select.findOptionsByValue(Select.java:304)&#xa;	at org.openqa.selenium.support.ui.Select.selectByValue(Select.java:188)&#xa;	at com.kms.katalon.core.webui.common.WebUiCommonHelper.selectOrDeselectOptionsByValue(WebUiCommonHelper.java:290)&#xa;	at com.kms.katalon.core.webui.common.WebUiCommonHelper$selectOrDeselectOptionsByValue$2.call(Unknown Source)&#xa;	at com.kms.katalon.core.webui.keyword.builtin.SelectOptionByValueKeyword.selectOrDeselectOptionsByValue(SelectOptionByValueKeyword.groovy:84)&#xa;	at com.kms.katalon.core.webui.keyword.builtin.SelectOptionByValueKeyword.access$0(SelectOptionByValueKeyword.groovy)&#xa;	at com.kms.katalon.core.webui.keyword.builtin.SelectOptionByValueKeyword$_selectOptionByValue_closure1.doCall(SelectOptionByValueKeyword.groovy:68)&#xa;	at java.base/jdk.internal.reflect.DirectMethodHandleAccessor.invoke(DirectMethodHandleAccessor.java:103)&#xa;	at jdk.proxy2/jdk.proxy2.$Proxy56.execute(Unknown Source)&#xa;	at com.kms.katalon.core.webui.model.SeleniumActionRetryController.performAction(SeleniumActionRetryController.java:96)&#xa;	at com.kms.katalon.core.webui.model.SeleniumActionRetryController.performAction(SeleniumActionRetryController.java:83)&#xa;	at com.kms.katalon.core.webui.keyword.internal.WebUIKeywordMain$_runKeywordUntilTimeout_closure1.doCall(WebUIKeywordMain.groovy:135)&#xa;	at com.kms.katalon.core.webui.keyword.internal.WebUIKeywordMain$_runKeywordUntilTimeout_closure1.call(WebUIKeywordMain.groovy)&#xa;	at com.kms.katalon.core.webui.keyword.internal.WebUIKeywordMain.runKeyword(WebUIKeywordMain.groovy:41)&#xa;	... 22 more&#xa;"/>
         <system-out><![CDATA[27-04-2026T22:26:26 - [TEST_CASE][FAILED] - Test Cases/StaffTables/TC-010-Patient-filter-gender: Test Cases/StaffTables/TC-010-Patient-filter-gender FAILED.
Reason:
com.kms.katalon.core.exception.StepFailedException: Unable to select option by value 'Male_INVALID' of object 'testid:patient-filter-gender' 
	at com.kms.katalon.core.webui.keyword.internal.WebUIKeywordMain.stepFailed(WebUIKeywordMain.groovy:177)
	at com.kms.katalon.core.webui.keyword.internal.WebUIKeywordMain.runKeyword(WebUIKeywordMain.groovy:49)
	at com.kms.katalon.core.webui.keyword.internal.WebUIKeywordMain.runKeywordUntilTimeout(WebUIKeywordMain.groovy:133)
	at com.kms.katalon.core.webui.keyword.builtin.SelectOptionByValueKeyword.selectOptionByValue(SelectOptionByValueKeyword.groovy:79)
	at com.kms.katalon.core.webui.keyword.builtin.SelectOptionByValueKeyword.execute(SelectOptionByValueKeyword.groovy:44)
	at com.kms.katalon.core.keyword.internal.KeywordExecutor.executeKeywordForPlatform(KeywordExecutor.groovy:95)
	at com.kms.katalon.core.webui.keyword.WebUiBuiltInKeywords.selectOptionByValue(WebUiBuiltInKeywords.groovy:1269)
	at pulseclinic.WebUiKeywords.selectByValueTestId(WebUiKeywords.groovy:55)
	at java.base/jdk.internal.reflect.DirectMethodHandleAccessor.invoke(DirectMethodHandleAccessor.java:103)
	at com.kms.katalon.core.main.CustomKeywordDelegatingMetaClass.invokeStaticMethod(CustomKeywordDelegatingMetaClass.java:55)
	at Script20260425152000.run(Script20260425152000.groovy:10)
	at com.kms.katalon.core.main.ScriptEngine.run(ScriptEngine.java:194)
	at com.kms.katalon.core.main.ScriptEngine.runScriptAsRawText(ScriptEngine.java:119)
	at com.kms.katalon.core.main.TestCaseExecutor.runScript(TestCaseExecutor.java:502)
	at com.kms.katalon.core.main.TestCaseExecutor.doExecute(TestCaseExecutor.java:493)
	at com.kms.katalon.core.main.TestCaseExecutor.processExecutionPhase(TestCaseExecutor.java:472)
	at com.kms.katalon.core.main.TestCaseExecutor.accessMainPhase(TestCaseExecutor.java:464)
	at com.kms.katalon.core.main.TestCaseExecutor.execute(TestCaseExecutor.java:334)
	at com.kms.katalon.core.common.CommonExecutor.accessTestCaseMainPhase(CommonExecutor.java:71)
	at com.kms.katalon.core.main.TestSuiteExecutor.accessTestSuiteMainPhase(TestSuiteExecutor.java:163)
	at com.kms.katalon.core.main.TestSuiteExecutor.execute(TestSuiteExecutor.java:120)
	at com.kms.katalon.core.main.TestCaseMain.startTestSuite(TestCaseMain.java:205)
	at S0.run(S0.groovy:40)
	at java.base/jdk.internal.reflect.DirectMethodHandleAccessor.invoke(DirectMethodHandleAccessor.java:103)
Caused by: org.openqa.selenium.NoSuchElementException: Cannot locate option with value: Male_INVALID
For documentation on this error, please visit: https://www.selenium.dev/documentation/webdriver/troubleshooting/errors#nosuchelementexception
Build info: version: '4.39.0', revision: '126f156aee'
System info: os.name: 'Windows 11', os.arch: 'amd64', os.version: '10.0', java.version: '21.0.9'
Driver info: driver.version: unknown
	at org.openqa.selenium.support.ui.Select.findOptionsByValue(Select.java:304)
	at org.openqa.selenium.support.ui.Select.selectByValue(Select.java:188)
	at com.kms.katalon.core.webui.common.WebUiCommonHelper.selectOrDeselectOptionsByValue(WebUiCommonHelper.java:290)
	at com.kms.katalon.core.webui.common.WebUiCommonHelper$selectOrDeselectOptionsByValue$2.call(Unknown Source)
	at com.kms.katalon.core.webui.keyword.builtin.SelectOptionByValueKeyword.selectOrDeselectOptionsByValue(SelectOptionByValueKeyword.groovy:84)
	at com.kms.katalon.core.webui.keyword.builtin.SelectOptionByValueKeyword.access$0(SelectOptionByValueKeyword.groovy)
	at com.kms.katalon.core.webui.keyword.builtin.SelectOptionByValueKeyword$_selectOptionByValue_closure1.doCall(SelectOptionByValueKeyword.groovy:68)
	at java.base/jdk.internal.reflect.DirectMethodHandleAccessor.invoke(DirectMethodHandleAccessor.java:103)
	at jdk.proxy2/jdk.proxy2.$Proxy56.execute(Unknown Source)
	at com.kms.katalon.core.webui.model.SeleniumActionRetryController.performAction(SeleniumActionRetryController.java:96)
	at com.kms.katalon.core.webui.model.SeleniumActionRetryController.performAction(SeleniumActionRetryController.java:83)
	at com.kms.katalon.core.webui.keyword.internal.WebUIKeywordMain$_runKeywordUntilTimeout_closure1.doCall(WebUIKeywordMain.groovy:135)
	at com.kms.katalon.core.webui.keyword.internal.WebUIKeywordMain$_runKeywordUntilTimeout_closure1.call(WebUIKeywordMain.groovy)
	at com.kms.katalon.core.webui.keyword.internal.WebUIKeywordMain.runKeyword(WebUIKeywordMain.groovy:41)
	... 22 more


27-04-2026T22:26:26 - [TEST_STEP][FAILED] - try: Unable to select option by value 'Male_INVALID' of object 'testid:patient-filter-gender' 
org.openqa.selenium.NoSuchElementException: Cannot locate option with value: Male_INVALID
For documentation on this error, please visit: https://www.selenium.dev/documentation/webdriver/troubleshooting/errors#nosuchelementexception
Build info: version: '4.39.0', revision: '126f156aee'
System info: os.name: 'Windows 11', os.arch: 'amd64', os.version: '10.0', java.version: '21.0.9'
Driver info: driver.version: unknown

27-04-2026T22:26:26 - [TEST_STEP][PASSED] - pulseclinic.WebUiKeywords.loginAsStaff(): pulseclinic.WebUiKeywords.loginAsStaff is PASSED

27-04-2026T22:26:26 - [MESSAGE][INFO] - Starting 'Edge Chromium' driver

27-04-2026T22:26:26 - [MESSAGE][INFO] - Action delay is set to 0 milliseconds

27-04-2026T22:26:27 - [MESSAGE][PASSED] - Browser is opened with url: ''

27-04-2026T22:26:27 - [MESSAGE][PASSED] - Current window maximized

27-04-2026T22:26:27 - [MESSAGE][PASSED] - Navigate to 'http://staff.localhost:3000/login' successfully

27-04-2026T22:26:27 - [MESSAGE][PASSED] - Wait for page load successfully

27-04-2026T22:26:28 - [MESSAGE][PASSED] - Object 'testid:login-email-input' is visible

27-04-2026T22:26:29 - [MESSAGE][PASSED] - Text 'pharmacist1@hospital.com' is set on object 'testid:login-email-input'

27-04-2026T22:26:29 - [MESSAGE][PASSED] - Object 'testid:login-password-input' is visible

27-04-2026T22:26:30 - [MESSAGE][PASSED] - Text 'password123' is set on object 'testid:login-password-input'

27-04-2026T22:26:30 - [MESSAGE][PASSED] - Object 'testid:login-submit-button' is clickable

27-04-2026T22:26:30 - [MESSAGE][PASSED] - Object: 'testid:login-submit-button' is clicked on

27-04-2026T22:26:30 - [MESSAGE][PASSED] - Current window's url is: 'http://staff.localhost:3000/login'

27-04-2026T22:26:31 - [MESSAGE][PASSED] - Delayed 1 second(s)

27-04-2026T22:26:31 - [MESSAGE][PASSED] - Current window's url is: 'http://staff.localhost:3000/dashboard'

27-04-2026T22:26:31 - [MESSAGE][PASSED] - pulseclinic.WebUiKeywords.loginAsStaff is PASSED

27-04-2026T22:26:31 - [TEST_STEP][PASSED] - navigateToUrl(staffBaseUrl + "/patients"): Navigate to 'http://staff.localhost:3000/patients' successfully

27-04-2026T22:26:31 - [MESSAGE][PASSED] - Navigate to 'http://staff.localhost:3000/patients' successfully

27-04-2026T22:26:31 - [TEST_STEP][PASSED] - pulseclinic.WebUiKeywords.openToolbarFilter(): pulseclinic.WebUiKeywords.openToolbarFilter is PASSED

27-04-2026T22:26:32 - [MESSAGE][PASSED] - Object 'testid:toolbar-filter-button' is clickable

27-04-2026T22:26:32 - [MESSAGE][PASSED] - Object: 'testid:toolbar-filter-button' is clicked on

27-04-2026T22:26:32 - [MESSAGE][PASSED] - pulseclinic.WebUiKeywords.openToolbarFilter is PASSED

27-04-2026T22:26:32 - [TEST_STEP][FAILED] - pulseclinic.WebUiKeywords.selectByValueTestId("patient-filter-gender", "Male_INVALID"): Unable to select option by value 'Male_INVALID' of object 'testid:patient-filter-gender' 
org.openqa.selenium.NoSuchElementException: Cannot locate option with value: Male_INVALID
For documentation on this error, please visit: https://www.selenium.dev/documentation/webdriver/troubleshooting/errors#nosuchelementexception
Build info: version: '4.39.0', revision: '126f156aee'
System info: os.name: 'Windows 11', os.arch: 'amd64', os.version: '10.0', java.version: '21.0.9'
Driver info: driver.version: unknown

27-04-2026T22:26:33 - [MESSAGE][PASSED] - Object 'testid:patient-filter-gender' is visible

27-04-2026T22:26:43 - [MESSAGE][WARNING] - Waiting for element timed out

27-04-2026T22:26:43 - [MESSAGE][FAILED] - Unable to select option by value 'Male_INVALID' of object 'testid:patient-filter-gender'  (Root cause: com.kms.katalon.core.exception.StepFailedException: Unable to select option by value 'Male_INVALID' of object 'testid:patient-filter-gender' 
	at com.kms.katalon.core.webui.keyword.internal.WebUIKeywordMain.stepFailed(WebUIKeywordMain.groovy:177)
	at com.kms.katalon.core.webui.keyword.internal.WebUIKeywordMain.runKeyword(WebUIKeywordMain.groovy:49)
	at com.kms.katalon.core.webui.keyword.internal.WebUIKeywordMain.runKeywordUntilTimeout(WebUIKeywordMain.groovy:133)
	at com.kms.katalon.core.webui.keyword.builtin.SelectOptionByValueKeyword.selectOptionByValue(SelectOptionByValueKeyword.groovy:79)
	at com.kms.katalon.core.webui.keyword.builtin.SelectOptionByValueKeyword.execute(SelectOptionByValueKeyword.groovy:44)
	at com.kms.katalon.core.keyword.internal.KeywordExecutor.executeKeywordForPlatform(KeywordExecutor.groovy:95)
	at com.kms.katalon.core.webui.keyword.WebUiBuiltInKeywords.selectOptionByValue(WebUiBuiltInKeywords.groovy:1269)
	at pulseclinic.WebUiKeywords.selectByValueTestId(WebUiKeywords.groovy:55)
	at java.base/jdk.internal.reflect.DirectMethodHandleAccessor.invoke(DirectMethodHandleAccessor.java:103)
	at com.kms.katalon.core.main.CustomKeywordDelegatingMetaClass.invokeStaticMethod(CustomKeywordDelegatingMetaClass.java:55)
	at Script20260425152000.run(Script20260425152000.groovy:10)
	at com.kms.katalon.core.main.ScriptEngine.run(ScriptEngine.java:194)
	at com.kms.katalon.core.main.ScriptEngine.runScriptAsRawText(ScriptEngine.java:119)
	at com.kms.katalon.core.main.TestCaseExecutor.runScript(TestCaseExecutor.java:502)
	at com.kms.katalon.core.main.TestCaseExecutor.doExecute(TestCaseExecutor.java:493)
	at com.kms.katalon.core.main.TestCaseExecutor.processExecutionPhase(TestCaseExecutor.java:472)
	at com.kms.katalon.core.main.TestCaseExecutor.accessMainPhase(TestCaseExecutor.java:464)
	at com.kms.katalon.core.main.TestCaseExecutor.execute(TestCaseExecutor.java:334)
	at com.kms.katalon.core.common.CommonExecutor.accessTestCaseMainPhase(CommonExecutor.java:71)
	at com.kms.katalon.core.main.TestSuiteExecutor.accessTestSuiteMainPhase(TestSuiteExecutor.java:163)
	at com.kms.katalon.core.main.TestSuiteExecutor.execute(TestSuiteExecutor.java:120)
	at com.kms.katalon.core.main.TestCaseMain.startTestSuite(TestCaseMain.java:205)
	at S0.run(S0.groovy:40)
	at java.base/jdk.internal.reflect.DirectMethodHandleAccessor.invoke(DirectMethodHandleAccessor.java:103)
Caused by: org.openqa.selenium.NoSuchElementException: Cannot locate option with value: Male_INVALID
For documentation on this error, please visit: https://www.selenium.dev/documentation/webdriver/troubleshooting/errors#nosuchelementexception
Build info: version: '4.39.0', revision: '126f156aee'
System info: os.name: 'Windows 11', os.arch: 'amd64', os.version: '10.0', java.version: '21.0.9'
Driver info: driver.version: unknown
	at org.openqa.selenium.support.ui.Select.findOptionsByValue(Select.java:304)
	at org.openqa.selenium.support.ui.Select.selectByValue(Select.java:188)
	at com.kms.katalon.core.webui.common.WebUiCommonHelper.selectOrDeselectOptionsByValue(WebUiCommonHelper.java:290)
	at com.kms.katalon.core.webui.common.WebUiCommonHelper$selectOrDeselectOptionsByValue$2.call(Unknown Source)
	at com.kms.katalon.core.webui.keyword.builtin.SelectOptionByValueKeyword.selectOrDeselectOptionsByValue(SelectOptionByValueKeyword.groovy:84)
	at com.kms.katalon.core.webui.keyword.builtin.SelectOptionByValueKeyword.access$0(SelectOptionByValueKeyword.groovy)
	at com.kms.katalon.core.webui.keyword.builtin.SelectOptionByValueKeyword$_selectOptionByValue_closure1.doCall(SelectOptionByValueKeyword.groovy:68)
	at java.base/jdk.internal.reflect.DirectMethodHandleAccessor.invoke(DirectMethodHandleAccessor.java:103)
	at jdk.proxy2/jdk.proxy2.$Proxy56.execute(Unknown Source)
	at com.kms.katalon.core.webui.model.SeleniumActionRetryController.performAction(SeleniumActionRetryController.java:96)
	at com.kms.katalon.core.webui.model.SeleniumActionRetryController.performAction(SeleniumActionRetryController.java:83)
	at com.kms.katalon.core.webui.keyword.internal.WebUIKeywordMain$_runKeywordUntilTimeout_closure1.doCall(WebUIKeywordMain.groovy:135)
	at com.kms.katalon.core.webui.keyword.internal.WebUIKeywordMain$_runKeywordUntilTimeout_closure1.call(WebUIKeywordMain.groovy)
	at com.kms.katalon.core.webui.keyword.internal.WebUIKeywordMain.runKeyword(WebUIKeywordMain.groovy:41)
	... 22 more
)
[[ATTACHMENT|D:\\UNI_DOCS\\HK6\\KCPM\\QuanLyBenhVien_KiemThu\\pulse-katalon\\Reports\\20260427_222524\\Baseline\\20260427_222524\\1777303603584.png]]

27-04-2026T22:26:43 - [MESSAGE][FAILED] - Unable to select option by value 'Male_INVALID' of object 'testid:patient-filter-gender' 
org.openqa.selenium.NoSuchElementException: Cannot locate option with value: Male_INVALID
For documentation on this error, please visit: https://www.selenium.dev/documentation/webdriver/troubleshooting/errors#nosuchelementexception
Build info: version: '4.39.0', revision: '126f156aee'
System info: os.name: 'Windows 11', os.arch: 'amd64', os.version: '10.0', java.version: '21.0.9'
Driver info: driver.version: unknown

27-04-2026T22:26:43 - [TEST_STEP][PASSED] - Finally: pulseclinic.WebUiKeywords.closeBrowser is PASSED

27-04-2026T22:26:43 - [TEST_STEP][PASSED] - pulseclinic.WebUiKeywords.closeBrowser(): pulseclinic.WebUiKeywords.closeBrowser is PASSED

27-04-2026T22:26:43 - [MESSAGE][PASSED] - Browser is closed

27-04-2026T22:26:43 - [MESSAGE][PASSED] - pulseclinic.WebUiKeywords.closeBrowser is PASSED]]></system-out>
         <system-err><![CDATA[27-04-2026T22:26:26 - [TEST_CASE][FAILED] - Test Cases/StaffTables/TC-010-Patient-filter-gender: Test Cases/StaffTables/TC-010-Patient-filter-gender FAILED.
Reason:
com.kms.katalon.core.exception.StepFailedException: Unable to select option by value 'Male_INVALID' of object 'testid:patient-filter-gender' 
	at com.kms.katalon.core.webui.keyword.internal.WebUIKeywordMain.stepFailed(WebUIKeywordMain.groovy:177)
	at com.kms.katalon.core.webui.keyword.internal.WebUIKeywordMain.runKeyword(WebUIKeywordMain.groovy:49)
	at com.kms.katalon.core.webui.keyword.internal.WebUIKeywordMain.runKeywordUntilTimeout(WebUIKeywordMain.groovy:133)
	at com.kms.katalon.core.webui.keyword.builtin.SelectOptionByValueKeyword.selectOptionByValue(SelectOptionByValueKeyword.groovy:79)
	at com.kms.katalon.core.webui.keyword.builtin.SelectOptionByValueKeyword.execute(SelectOptionByValueKeyword.groovy:44)
	at com.kms.katalon.core.keyword.internal.KeywordExecutor.executeKeywordForPlatform(KeywordExecutor.groovy:95)
	at com.kms.katalon.core.webui.keyword.WebUiBuiltInKeywords.selectOptionByValue(WebUiBuiltInKeywords.groovy:1269)
	at pulseclinic.WebUiKeywords.selectByValueTestId(WebUiKeywords.groovy:55)
	at java.base/jdk.internal.reflect.DirectMethodHandleAccessor.invoke(DirectMethodHandleAccessor.java:103)
	at com.kms.katalon.core.main.CustomKeywordDelegatingMetaClass.invokeStaticMethod(CustomKeywordDelegatingMetaClass.java:55)
	at Script20260425152000.run(Script20260425152000.groovy:10)
	at com.kms.katalon.core.main.ScriptEngine.run(ScriptEngine.java:194)
	at com.kms.katalon.core.main.ScriptEngine.runScriptAsRawText(ScriptEngine.java:119)
	at com.kms.katalon.core.main.TestCaseExecutor.runScript(TestCaseExecutor.java:502)
	at com.kms.katalon.core.main.TestCaseExecutor.doExecute(TestCaseExecutor.java:493)
	at com.kms.katalon.core.main.TestCaseExecutor.processExecutionPhase(TestCaseExecutor.java:472)
	at com.kms.katalon.core.main.TestCaseExecutor.accessMainPhase(TestCaseExecutor.java:464)
	at com.kms.katalon.core.main.TestCaseExecutor.execute(TestCaseExecutor.java:334)
	at com.kms.katalon.core.common.CommonExecutor.accessTestCaseMainPhase(CommonExecutor.java:71)
	at com.kms.katalon.core.main.TestSuiteExecutor.accessTestSuiteMainPhase(TestSuiteExecutor.java:163)
	at com.kms.katalon.core.main.TestSuiteExecutor.execute(TestSuiteExecutor.java:120)
	at com.kms.katalon.core.main.TestCaseMain.startTestSuite(TestCaseMain.java:205)
	at S0.run(S0.groovy:40)
	at java.base/jdk.internal.reflect.DirectMethodHandleAccessor.invoke(DirectMethodHandleAccessor.java:103)
Caused by: org.openqa.selenium.NoSuchElementException: Cannot locate option with value: Male_INVALID
For documentation on this error, please visit: https://www.selenium.dev/documentation/webdriver/troubleshooting/errors#nosuchelementexception
Build info: version: '4.39.0', revision: '126f156aee'
System info: os.name: 'Windows 11', os.arch: 'amd64', os.version: '10.0', java.version: '21.0.9'
Driver info: driver.version: unknown
	at org.openqa.selenium.support.ui.Select.findOptionsByValue(Select.java:304)
	at org.openqa.selenium.support.ui.Select.selectByValue(Select.java:188)
	at com.kms.katalon.core.webui.common.WebUiCommonHelper.selectOrDeselectOptionsByValue(WebUiCommonHelper.java:290)
	at com.kms.katalon.core.webui.common.WebUiCommonHelper$selectOrDeselectOptionsByValue$2.call(Unknown Source)
	at com.kms.katalon.core.webui.keyword.builtin.SelectOptionByValueKeyword.selectOrDeselectOptionsByValue(SelectOptionByValueKeyword.groovy:84)
	at com.kms.katalon.core.webui.keyword.builtin.SelectOptionByValueKeyword.access$0(SelectOptionByValueKeyword.groovy)
	at com.kms.katalon.core.webui.keyword.builtin.SelectOptionByValueKeyword$_selectOptionByValue_closure1.doCall(SelectOptionByValueKeyword.groovy:68)
	at java.base/jdk.internal.reflect.DirectMethodHandleAccessor.invoke(DirectMethodHandleAccessor.java:103)
	at jdk.proxy2/jdk.proxy2.$Proxy56.execute(Unknown Source)
	at com.kms.katalon.core.webui.model.SeleniumActionRetryController.performAction(SeleniumActionRetryController.java:96)
	at com.kms.katalon.core.webui.model.SeleniumActionRetryController.performAction(SeleniumActionRetryController.java:83)
	at com.kms.katalon.core.webui.keyword.internal.WebUIKeywordMain$_runKeywordUntilTimeout_closure1.doCall(WebUIKeywordMain.groovy:135)
	at com.kms.katalon.core.webui.keyword.internal.WebUIKeywordMain$_runKeywordUntilTimeout_closure1.call(WebUIKeywordMain.groovy)
	at com.kms.katalon.core.webui.keyword.internal.WebUIKeywordMain.runKeyword(WebUIKeywordMain.groovy:41)
	... 22 more]]></system-err>
      </testcase>
      <testcase name="Test Cases/StaffTables/TC-011-Patient-filter-insurance" time="17.496" classname="Test Cases/StaffTables/TC-011-Patient-filter-insurance" status="FAILED">
         <failure type="FAILED" message="Test Cases/StaffTables/TC-011-Patient-filter-insurance FAILED.&#xa;Reason:&#xa;com.kms.katalon.core.exception.StepFailedException: Unable to select option by value 'yes_INVALID' of object 'testid:patient-filter-insurance' &#xa;	at com.kms.katalon.core.webui.keyword.internal.WebUIKeywordMain.stepFailed(WebUIKeywordMain.groovy:177)&#xa;	at com.kms.katalon.core.webui.keyword.internal.WebUIKeywordMain.runKeyword(WebUIKeywordMain.groovy:49)&#xa;	at com.kms.katalon.core.webui.keyword.internal.WebUIKeywordMain.runKeywordUntilTimeout(WebUIKeywordMain.groovy:133)&#xa;	at com.kms.katalon.core.webui.keyword.builtin.SelectOptionByValueKeyword.selectOptionByValue(SelectOptionByValueKeyword.groovy:79)&#xa;	at com.kms.katalon.core.webui.keyword.builtin.SelectOptionByValueKeyword.execute(SelectOptionByValueKeyword.groovy:44)&#xa;	at com.kms.katalon.core.keyword.internal.KeywordExecutor.executeKeywordForPlatform(KeywordExecutor.groovy:95)&#xa;	at com.kms.katalon.core.webui.keyword.WebUiBuiltInKeywords.selectOptionByValue(WebUiBuiltInKeywords.groovy:1269)&#xa;	at pulseclinic.WebUiKeywords.selectByValueTestId(WebUiKeywords.groovy:55)&#xa;	at java.base/jdk.internal.reflect.DirectMethodHandleAccessor.invoke(DirectMethodHandleAccessor.java:103)&#xa;	at com.kms.katalon.core.main.CustomKeywordDelegatingMetaClass.invokeStaticMethod(CustomKeywordDelegatingMetaClass.java:55)&#xa;	at Script20260425152000.run(Script20260425152000.groovy:10)&#xa;	at com.kms.katalon.core.main.ScriptEngine.run(ScriptEngine.java:194)&#xa;	at com.kms.katalon.core.main.ScriptEngine.runScriptAsRawText(ScriptEngine.java:119)&#xa;	at com.kms.katalon.core.main.TestCaseExecutor.runScript(TestCaseExecutor.java:502)&#xa;	at com.kms.katalon.core.main.TestCaseExecutor.doExecute(TestCaseExecutor.java:493)&#xa;	at com.kms.katalon.core.main.TestCaseExecutor.processExecutionPhase(TestCaseExecutor.java:472)&#xa;	at com.kms.katalon.core.main.TestCaseExecutor.accessMainPhase(TestCaseExecutor.java:464)&#xa;	at com.kms.katalon.core.main.TestCaseExecutor.execute(TestCaseExecutor.java:334)&#xa;	at com.kms.katalon.core.common.CommonExecutor.accessTestCaseMainPhase(CommonExecutor.java:71)&#xa;	at com.kms.katalon.core.main.TestSuiteExecutor.accessTestSuiteMainPhase(TestSuiteExecutor.java:163)&#xa;	at com.kms.katalon.core.main.TestSuiteExecutor.execute(TestSuiteExecutor.java:120)&#xa;	at com.kms.katalon.core.main.TestCaseMain.startTestSuite(TestCaseMain.java:205)&#xa;	at S0.run(S0.groovy:40)&#xa;	at java.base/jdk.internal.reflect.DirectMethodHandleAccessor.invoke(DirectMethodHandleAccessor.java:103)&#xa;Caused by: org.openqa.selenium.NoSuchElementException: Cannot locate option with value: yes_INVALID&#xa;For documentation on this error, please visit: https://www.selenium.dev/documentation/webdriver/troubleshooting/errors#nosuchelementexception&#xa;Build info: version: '4.39.0', revision: '126f156aee'&#xa;System info: os.name: 'Windows 11', os.arch: 'amd64', os.version: '10.0', java.version: '21.0.9'&#xa;Driver info: driver.version: unknown&#xa;	at org.openqa.selenium.support.ui.Select.findOptionsByValue(Select.java:304)&#xa;	at org.openqa.selenium.support.ui.Select.selectByValue(Select.java:188)&#xa;	at com.kms.katalon.core.webui.common.WebUiCommonHelper.selectOrDeselectOptionsByValue(WebUiCommonHelper.java:290)&#xa;	at com.kms.katalon.core.webui.common.WebUiCommonHelper$selectOrDeselectOptionsByValue$2.call(Unknown Source)&#xa;	at com.kms.katalon.core.webui.keyword.builtin.SelectOptionByValueKeyword.selectOrDeselectOptionsByValue(SelectOptionByValueKeyword.groovy:84)&#xa;	at com.kms.katalon.core.webui.keyword.builtin.SelectOptionByValueKeyword.access$0(SelectOptionByValueKeyword.groovy)&#xa;	at com.kms.katalon.core.webui.keyword.builtin.SelectOptionByValueKeyword$_selectOptionByValue_closure1.doCall(SelectOptionByValueKeyword.groovy:68)&#xa;	at java.base/jdk.internal.reflect.DirectMethodHandleAccessor.invoke(DirectMethodHandleAccessor.java:103)&#xa;	at jdk.proxy2/jdk.proxy2.$Proxy56.execute(Unknown Source)&#xa;	at com.kms.katalon.core.webui.model.SeleniumActionRetryController.performAction(SeleniumActionRetryController.java:96)&#xa;	at com.kms.katalon.core.webui.model.SeleniumActionRetryController.performAction(SeleniumActionRetryController.java:83)&#xa;	at com.kms.katalon.core.webui.keyword.internal.WebUIKeywordMain$_runKeywordUntilTimeout_closure1.doCall(WebUIKeywordMain.groovy:135)&#xa;	at com.kms.katalon.core.webui.keyword.internal.WebUIKeywordMain$_runKeywordUntilTimeout_closure1.call(WebUIKeywordMain.groovy)&#xa;	at com.kms.katalon.core.webui.keyword.internal.WebUIKeywordMain.runKeyword(WebUIKeywordMain.groovy:41)&#xa;	... 22 more&#xa;"/>
         <system-out><![CDATA[27-04-2026T22:26:44 - [TEST_CASE][FAILED] - Test Cases/StaffTables/TC-011-Patient-filter-insurance: Test Cases/StaffTables/TC-011-Patient-filter-insurance FAILED.
Reason:
com.kms.katalon.core.exception.StepFailedException: Unable to select option by value 'yes_INVALID' of object 'testid:patient-filter-insurance' 
	at com.kms.katalon.core.webui.keyword.internal.WebUIKeywordMain.stepFailed(WebUIKeywordMain.groovy:177)
	at com.kms.katalon.core.webui.keyword.internal.WebUIKeywordMain.runKeyword(WebUIKeywordMain.groovy:49)
	at com.kms.katalon.core.webui.keyword.internal.WebUIKeywordMain.runKeywordUntilTimeout(WebUIKeywordMain.groovy:133)
	at com.kms.katalon.core.webui.keyword.builtin.SelectOptionByValueKeyword.selectOptionByValue(SelectOptionByValueKeyword.groovy:79)
	at com.kms.katalon.core.webui.keyword.builtin.SelectOptionByValueKeyword.execute(SelectOptionByValueKeyword.groovy:44)
	at com.kms.katalon.core.keyword.internal.KeywordExecutor.executeKeywordForPlatform(KeywordExecutor.groovy:95)
	at com.kms.katalon.core.webui.keyword.WebUiBuiltInKeywords.selectOptionByValue(WebUiBuiltInKeywords.groovy:1269)
	at pulseclinic.WebUiKeywords.selectByValueTestId(WebUiKeywords.groovy:55)
	at java.base/jdk.internal.reflect.DirectMethodHandleAccessor.invoke(DirectMethodHandleAccessor.java:103)
	at com.kms.katalon.core.main.CustomKeywordDelegatingMetaClass.invokeStaticMethod(CustomKeywordDelegatingMetaClass.java:55)
	at Script20260425152000.run(Script20260425152000.groovy:10)
	at com.kms.katalon.core.main.ScriptEngine.run(ScriptEngine.java:194)
	at com.kms.katalon.core.main.ScriptEngine.runScriptAsRawText(ScriptEngine.java:119)
	at com.kms.katalon.core.main.TestCaseExecutor.runScript(TestCaseExecutor.java:502)
	at com.kms.katalon.core.main.TestCaseExecutor.doExecute(TestCaseExecutor.java:493)
	at com.kms.katalon.core.main.TestCaseExecutor.processExecutionPhase(TestCaseExecutor.java:472)
	at com.kms.katalon.core.main.TestCaseExecutor.accessMainPhase(TestCaseExecutor.java:464)
	at com.kms.katalon.core.main.TestCaseExecutor.execute(TestCaseExecutor.java:334)
	at com.kms.katalon.core.common.CommonExecutor.accessTestCaseMainPhase(CommonExecutor.java:71)
	at com.kms.katalon.core.main.TestSuiteExecutor.accessTestSuiteMainPhase(TestSuiteExecutor.java:163)
	at com.kms.katalon.core.main.TestSuiteExecutor.execute(TestSuiteExecutor.java:120)
	at com.kms.katalon.core.main.TestCaseMain.startTestSuite(TestCaseMain.java:205)
	at S0.run(S0.groovy:40)
	at java.base/jdk.internal.reflect.DirectMethodHandleAccessor.invoke(DirectMethodHandleAccessor.java:103)
Caused by: org.openqa.selenium.NoSuchElementException: Cannot locate option with value: yes_INVALID
For documentation on this error, please visit: https://www.selenium.dev/documentation/webdriver/troubleshooting/errors#nosuchelementexception
Build info: version: '4.39.0', revision: '126f156aee'
System info: os.name: 'Windows 11', os.arch: 'amd64', os.version: '10.0', java.version: '21.0.9'
Driver info: driver.version: unknown
	at org.openqa.selenium.support.ui.Select.findOptionsByValue(Select.java:304)
	at org.openqa.selenium.support.ui.Select.selectByValue(Select.java:188)
	at com.kms.katalon.core.webui.common.WebUiCommonHelper.selectOrDeselectOptionsByValue(WebUiCommonHelper.java:290)
	at com.kms.katalon.core.webui.common.WebUiCommonHelper$selectOrDeselectOptionsByValue$2.call(Unknown Source)
	at com.kms.katalon.core.webui.keyword.builtin.SelectOptionByValueKeyword.selectOrDeselectOptionsByValue(SelectOptionByValueKeyword.groovy:84)
	at com.kms.katalon.core.webui.keyword.builtin.SelectOptionByValueKeyword.access$0(SelectOptionByValueKeyword.groovy)
	at com.kms.katalon.core.webui.keyword.builtin.SelectOptionByValueKeyword$_selectOptionByValue_closure1.doCall(SelectOptionByValueKeyword.groovy:68)
	at java.base/jdk.internal.reflect.DirectMethodHandleAccessor.invoke(DirectMethodHandleAccessor.java:103)
	at jdk.proxy2/jdk.proxy2.$Proxy56.execute(Unknown Source)
	at com.kms.katalon.core.webui.model.SeleniumActionRetryController.performAction(SeleniumActionRetryController.java:96)
	at com.kms.katalon.core.webui.model.SeleniumActionRetryController.performAction(SeleniumActionRetryController.java:83)
	at com.kms.katalon.core.webui.keyword.internal.WebUIKeywordMain$_runKeywordUntilTimeout_closure1.doCall(WebUIKeywordMain.groovy:135)
	at com.kms.katalon.core.webui.keyword.internal.WebUIKeywordMain$_runKeywordUntilTimeout_closure1.call(WebUIKeywordMain.groovy)
	at com.kms.katalon.core.webui.keyword.internal.WebUIKeywordMain.runKeyword(WebUIKeywordMain.groovy:41)
	... 22 more


27-04-2026T22:26:44 - [TEST_STEP][FAILED] - try: Unable to select option by value 'yes_INVALID' of object 'testid:patient-filter-insurance' 
org.openqa.selenium.NoSuchElementException: Cannot locate option with value: yes_INVALID
For documentation on this error, please visit: https://www.selenium.dev/documentation/webdriver/troubleshooting/errors#nosuchelementexception
Build info: version: '4.39.0', revision: '126f156aee'
System info: os.name: 'Windows 11', os.arch: 'amd64', os.version: '10.0', java.version: '21.0.9'
Driver info: driver.version: unknown

27-04-2026T22:26:44 - [TEST_STEP][PASSED] - pulseclinic.WebUiKeywords.loginAsStaff(): pulseclinic.WebUiKeywords.loginAsStaff is PASSED

27-04-2026T22:26:44 - [MESSAGE][INFO] - Starting 'Edge Chromium' driver

27-04-2026T22:26:44 - [MESSAGE][INFO] - Action delay is set to 0 milliseconds

27-04-2026T22:26:44 - [MESSAGE][PASSED] - Browser is opened with url: ''

27-04-2026T22:26:45 - [MESSAGE][PASSED] - Current window maximized

27-04-2026T22:26:45 - [MESSAGE][PASSED] - Navigate to 'http://staff.localhost:3000/login' successfully

27-04-2026T22:26:45 - [MESSAGE][PASSED] - Wait for page load successfully

27-04-2026T22:26:46 - [MESSAGE][PASSED] - Object 'testid:login-email-input' is visible

27-04-2026T22:26:46 - [MESSAGE][PASSED] - Text 'pharmacist1@hospital.com' is set on object 'testid:login-email-input'

27-04-2026T22:26:46 - [MESSAGE][PASSED] - Object 'testid:login-password-input' is visible

27-04-2026T22:26:47 - [MESSAGE][PASSED] - Text 'password123' is set on object 'testid:login-password-input'

27-04-2026T22:26:47 - [MESSAGE][PASSED] - Object 'testid:login-submit-button' is clickable

27-04-2026T22:26:48 - [MESSAGE][PASSED] - Object: 'testid:login-submit-button' is clicked on

27-04-2026T22:26:48 - [MESSAGE][PASSED] - Current window's url is: 'http://staff.localhost:3000/login'

27-04-2026T22:26:49 - [MESSAGE][PASSED] - Delayed 1 second(s)

27-04-2026T22:26:49 - [MESSAGE][PASSED] - Current window's url is: 'http://staff.localhost:3000/dashboard'

27-04-2026T22:26:49 - [MESSAGE][PASSED] - pulseclinic.WebUiKeywords.loginAsStaff is PASSED

27-04-2026T22:26:49 - [TEST_STEP][PASSED] - navigateToUrl(staffBaseUrl + "/patients"): Navigate to 'http://staff.localhost:3000/patients' successfully

27-04-2026T22:26:49 - [MESSAGE][PASSED] - Navigate to 'http://staff.localhost:3000/patients' successfully

27-04-2026T22:26:49 - [TEST_STEP][PASSED] - pulseclinic.WebUiKeywords.openToolbarFilter(): pulseclinic.WebUiKeywords.openToolbarFilter is PASSED

27-04-2026T22:26:50 - [MESSAGE][PASSED] - Object 'testid:toolbar-filter-button' is clickable

27-04-2026T22:26:50 - [MESSAGE][PASSED] - Object: 'testid:toolbar-filter-button' is clicked on

27-04-2026T22:26:50 - [MESSAGE][PASSED] - pulseclinic.WebUiKeywords.openToolbarFilter is PASSED

27-04-2026T22:26:50 - [TEST_STEP][FAILED] - pulseclinic.WebUiKeywords.selectByValueTestId("patient-filter-insurance", "yes_INVALID"): Unable to select option by value 'yes_INVALID' of object 'testid:patient-filter-insurance' 
org.openqa.selenium.NoSuchElementException: Cannot locate option with value: yes_INVALID
For documentation on this error, please visit: https://www.selenium.dev/documentation/webdriver/troubleshooting/errors#nosuchelementexception
Build info: version: '4.39.0', revision: '126f156aee'
System info: os.name: 'Windows 11', os.arch: 'amd64', os.version: '10.0', java.version: '21.0.9'
Driver info: driver.version: unknown

27-04-2026T22:26:50 - [MESSAGE][PASSED] - Object 'testid:patient-filter-insurance' is visible

27-04-2026T22:27:01 - [MESSAGE][FAILED] - Unable to select option by value 'yes_INVALID' of object 'testid:patient-filter-insurance'  (Root cause: com.kms.katalon.core.exception.StepFailedException: Unable to select option by value 'yes_INVALID' of object 'testid:patient-filter-insurance' 
	at com.kms.katalon.core.webui.keyword.internal.WebUIKeywordMain.stepFailed(WebUIKeywordMain.groovy:177)
	at com.kms.katalon.core.webui.keyword.internal.WebUIKeywordMain.runKeyword(WebUIKeywordMain.groovy:49)
	at com.kms.katalon.core.webui.keyword.internal.WebUIKeywordMain.runKeywordUntilTimeout(WebUIKeywordMain.groovy:133)
	at com.kms.katalon.core.webui.keyword.builtin.SelectOptionByValueKeyword.selectOptionByValue(SelectOptionByValueKeyword.groovy:79)
	at com.kms.katalon.core.webui.keyword.builtin.SelectOptionByValueKeyword.execute(SelectOptionByValueKeyword.groovy:44)
	at com.kms.katalon.core.keyword.internal.KeywordExecutor.executeKeywordForPlatform(KeywordExecutor.groovy:95)
	at com.kms.katalon.core.webui.keyword.WebUiBuiltInKeywords.selectOptionByValue(WebUiBuiltInKeywords.groovy:1269)
	at pulseclinic.WebUiKeywords.selectByValueTestId(WebUiKeywords.groovy:55)
	at java.base/jdk.internal.reflect.DirectMethodHandleAccessor.invoke(DirectMethodHandleAccessor.java:103)
	at com.kms.katalon.core.main.CustomKeywordDelegatingMetaClass.invokeStaticMethod(CustomKeywordDelegatingMetaClass.java:55)
	at Script20260425152000.run(Script20260425152000.groovy:10)
	at com.kms.katalon.core.main.ScriptEngine.run(ScriptEngine.java:194)
	at com.kms.katalon.core.main.ScriptEngine.runScriptAsRawText(ScriptEngine.java:119)
	at com.kms.katalon.core.main.TestCaseExecutor.runScript(TestCaseExecutor.java:502)
	at com.kms.katalon.core.main.TestCaseExecutor.doExecute(TestCaseExecutor.java:493)
[...]
         <system-out><![CDATA[27-04-2026T22:32:08 - [TEST_CASE][FAILED] - Test Cases/StaffTables/TC-035-Room-filter-unavailable: Test Cases/StaffTables/TC-035-Room-filter-unavailable FAILED.
Reason:
com.kms.katalon.core.exception.StepFailedException: Unable to select option by value 'occupied_INVALID' of object 'testid:room-filter-status' 
	at com.kms.katalon.core.webui.keyword.internal.WebUIKeywordMain.stepFailed(WebUIKeywordMain.groovy:177)
	at com.kms.katalon.core.webui.keyword.internal.WebUIKeywordMain.runKeyword(WebUIKeywordMain.groovy:49)
	at com.kms.katalon.core.webui.keyword.internal.WebUIKeywordMain.runKeywordUntilTimeout(WebUIKeywordMain.groovy:133)
	at com.kms.katalon.core.webui.keyword.builtin.SelectOptionByValueKeyword.selectOptionByValue(SelectOptionByValueKeyword.groovy:79)
	at com.kms.katalon.core.webui.keyword.builtin.SelectOptionByValueKeyword.execute(SelectOptionByValueKeyword.groovy:44)
	at com.kms.katalon.core.keyword.internal.KeywordExecutor.executeKeywordForPlatform(KeywordExecutor.groovy:95)
	at com.kms.katalon.core.webui.keyword.WebUiBuiltInKeywords.selectOptionByValue(WebUiBuiltInKeywords.groovy:1269)
	at pulseclinic.WebUiKeywords.selectByValueTestId(WebUiKeywords.groovy:55)
	at java.base/jdk.internal.reflect.DirectMethodHandleAccessor.invoke(DirectMethodHandleAccessor.java:103)
	at com.kms.katalon.core.main.CustomKeywordDelegatingMetaClass.invokeStaticMethod(CustomKeywordDelegatingMetaClass.java:55)
	at Script20260426000000.run(Script20260426000000.groovy:12)
	at com.kms.katalon.core.main.ScriptEngine.run(ScriptEngine.java:194)
	at com.kms.katalon.core.main.ScriptEngine.runScriptAsRawText(ScriptEngine.java:119)
	at com.kms.katalon.core.main.TestCaseExecutor.runScript(TestCaseExecutor.java:502)
	at com.kms.katalon.core.main.TestCaseExecutor.doExecute(TestCaseExecutor.java:493)
	at com.kms.katalon.core.main.TestCaseExecutor.processExecutionPhase(TestCaseExecutor.java:472)
	at com.kms.katalon.core.main.TestCaseExecutor.accessMainPhase(TestCaseExecutor.java:464)
	at com.kms.katalon.core.main.TestCaseExecutor.execute(TestCaseExecutor.java:334)
	at com.kms.katalon.core.common.CommonExecutor.accessTestCaseMainPhase(CommonExecutor.java:71)
	at com.kms.katalon.core.main.TestSuiteExecutor.accessTestSuiteMainPhase(TestSuiteExecutor.java:163)
	at com.kms.katalon.core.main.TestSuiteExecutor.execute(TestSuiteExecutor.java:120)
	at com.kms.katalon.core.main.TestCaseMain.startTestSuite(TestCaseMain.java:205)
	at S0.run(S0.groovy:40)
	at java.base/jdk.internal.reflect.DirectMethodHandleAccessor.invoke(DirectMethodHandleAccessor.java:103)
Caused by: org.openqa.selenium.NoSuchElementException: Cannot locate option with value: occupied_INVALID
For documentation on this error, please visit: https://www.selenium.dev/documentation/webdriver/troubleshooting/errors#nosuchelementexception
Build info: version: '4.39.0', revision: '126f156aee'
System info: os.name: 'Windows 11', os.arch: 'amd64', os.version: '10.0', java.version: '21.0.9'
Driver info: driver.version: unknown
	at org.openqa.selenium.support.ui.Select.findOptionsByValue(Select.java:304)
	at org.openqa.selenium.support.ui.Select.selectByValue(Select.java:188)
	at com.kms.katalon.core.webui.common.WebUiCommonHelper.selectOrDeselectOptionsByValue(WebUiCommonHelper.java:290)
	at com.kms.katalon.core.webui.common.WebUiCommonHelper$selectOrDeselectOptionsByValue$2.call(Unknown Source)
	at com.kms.katalon.core.webui.keyword.builtin.SelectOptionByValueKeyword.selectOrDeselectOptionsByValue(SelectOptionByValueKeyword.groovy:84)
	at com.kms.katalon.core.webui.keyword.builtin.SelectOptionByValueKeyword.access$0(SelectOptionByValueKeyword.groovy)
	at com.kms.katalon.core.webui.keyword.builtin.SelectOptionByValueKeyword$_selectOptionByValue_closure1.doCall(SelectOptionByValueKeyword.groovy:68)
	at java.base/jdk.internal.reflect.DirectMethodHandleAccessor.invoke(DirectMethodHandleAccessor.java:103)
	at jdk.proxy2/jdk.proxy2.$Proxy56.execute(Unknown Source)
	at com.kms.katalon.core.webui.model.SeleniumActionRetryController.performAction(SeleniumActionRetryController.java:96)
	at com.kms.katalon.core.webui.model.SeleniumActionRetryController.performAction(SeleniumActionRetryController.java:83)
	at com.kms.katalon.core.webui.keyword.internal.WebUIKeywordMain$_runKeywordUntilTimeout_closure1.doCall(WebUIKeywordMain.groovy:135)
	at com.kms.katalon.core.webui.keyword.internal.WebUIKeywordMain$_runKeywordUntilTimeout_closure1.call(WebUIKeywordMain.groovy)
	at com.kms.katalon.core.webui.keyword.internal.WebUIKeywordMain.runKeyword(WebUIKeywordMain.groovy:41)
	... 22 more


27-04-2026T22:32:08 - [TEST_STEP][FAILED] - try: Unable to select option by value 'occupied_INVALID' of object 'testid:room-filter-status' 
org.openqa.selenium.NoSuchElementException: Cannot locate option with value: occupied_INVALID
For documentation on this error, please visit: https://www.selenium.dev/documentation/webdriver/troubleshooting/errors#nosuchelementexception
Build info: version: '4.39.0', revision: '126f156aee'
System info: os.name: 'Windows 11', os.arch: 'amd64', os.version: '10.0', java.version: '21.0.9'
Driver info: driver.version: unknown

27-04-2026T22:32:08 - [TEST_STEP][PASSED] - pulseclinic.WebUiKeywords.loginAsStaff(): pulseclinic.WebUiKeywords.loginAsStaff is PASSED

27-04-2026T22:32:08 - [MESSAGE][INFO] - Starting 'Edge Chromium' driver

27-04-2026T22:32:08 - [MESSAGE][INFO] - Action delay is set to 0 milliseconds

27-04-2026T22:32:09 - [MESSAGE][PASSED] - Browser is opened with url: ''

27-04-2026T22:32:09 - [MESSAGE][PASSED] - Current window maximized

27-04-2026T22:32:09 - [MESSAGE][PASSED] - Navigate to 'http://staff.localhost:3000/login' successfully

27-04-2026T22:32:09 - [MESSAGE][PASSED] - Wait for page load successfully

27-04-2026T22:32:10 - [MESSAGE][PASSED] - Object 'testid:login-email-input' is visible

27-04-2026T22:32:11 - [MESSAGE][PASSED] - Text 'pharmacist1@hospital.com' is set on object 'testid:login-email-input'

27-04-2026T22:32:11 - [MESSAGE][PASSED] - Object 'testid:login-password-input' is visible

27-04-2026T22:32:11 - [MESSAGE][PASSED] - Text 'password123' is set on object 'testid:login-password-input'

27-04-2026T22:32:12 - [MESSAGE][PASSED] - Object 'testid:login-submit-button' is clickable

27-04-2026T22:32:12 - [MESSAGE][PASSED] - Object: 'testid:login-submit-button' is clicked on

27-04-2026T22:32:12 - [MESSAGE][PASSED] - Current window's url is: 'http://staff.localhost:3000/login'

27-04-2026T22:32:13 - [MESSAGE][PASSED] - Delayed 1 second(s)

27-04-2026T22:32:13 - [MESSAGE][PASSED] - Current window's url is: 'http://staff.localhost:3000/dashboard'

27-04-2026T22:32:13 - [MESSAGE][PASSED] - pulseclinic.WebUiKeywords.loginAsStaff is PASSED

27-04-2026T22:32:13 - [TEST_STEP][PASSED] - navigateToUrl(staffBaseUrl + "/rooms"): Navigate to 'http://staff.localhost:3000/rooms' successfully

27-04-2026T22:32:13 - [MESSAGE][PASSED] - Navigate to 'http://staff.localhost:3000/rooms' successfully

27-04-2026T22:32:13 - [TEST_STEP][PASSED] - pulseclinic.WebUiKeywords.openToolbarFilter(): pulseclinic.WebUiKeywords.openToolbarFilter is PASSED

27-04-2026T22:32:14 - [MESSAGE][PASSED] - Object 'testid:toolbar-filter-button' is clickable

27-04-2026T22:32:14 - [MESSAGE][PASSED] - Object: 'testid:toolbar-filter-button' is clicked on

27-04-2026T22:32:14 - [MESSAGE][PASSED] - pulseclinic.WebUiKeywords.openToolbarFilter is PASSED

27-04-2026T22:32:14 - [TEST_STEP][FAILED] - pulseclinic.WebUiKeywords.selectByValueTestId("room-filter-status", "occupied_INVALID"): Unable to select option by value 'occupied_INVALID' of object 'testid:room-filter-status' 
org.openqa.selenium.NoSuchElementException: Cannot locate option with value: occupied_INVALID
For documentation on this error, please visit: https://www.selenium.dev/documentation/webdriver/troubleshooting/errors#nosuchelementexception
Build info: version: '4.39.0', revision: '126f156aee'
System info: os.name: 'Windows 11', os.arch: 'amd64', os.version: '10.0', java.version: '21.0.9'
Driver info: driver.version: unknown

27-04-2026T22:32:15 - [MESSAGE][PASSED] - Object 'testid:room-filter-status' is visible

27-04-2026T22:32:25 - [MESSAGE][FAILED] - Unable to select option by value 'occupied_INVALID' of object 'testid:room-filter-status'  (Root cause: com.kms.katalon.core.exception.StepFailedException: Unable to select option by value 'occupied_INVALID' of object 'testid:room-filter-status' 
	at com.kms.katalon.core.webui.keyword.internal.WebUIKeywordMain.stepFailed(WebUIKeywordMain.groovy:177)
	at com.kms.katalon.core.webui.keyword.internal.WebUIKeywordMain.runKeyword(WebUIKeywordMain.groovy:49)
	at com.kms.katalon.core.webui.keyword.internal.WebUIKeywordMain.runKeywordUntilTimeout(WebUIKeywordMain.groovy:133)
	at com.kms.katalon.core.webui.keyword.builtin.SelectOptionByValueKeyword.selectOptionByValue(SelectOptionByValueKeyword.groovy:79)
	at com.kms.katalon.core.webui.keyword.builtin.SelectOptionByValueKeyword.execute(SelectOptionByValueKeyword.groovy:44)
	at com.kms.katalon.core.keyword.internal.KeywordExecutor.executeKeywordForPlatform(KeywordExecutor.groovy:95)
	at com.kms.katalon.core.webui.keyword.WebUiBuiltInKeywords.selectOptionByValue(WebUiBuiltInKeywords.groovy:1269)
	at pulseclinic.WebUiKeywords.selectByValueTestId(WebUiKeywords.groovy:55)
	at java.base/jdk.internal.reflect.DirectMethodHandleAccessor.invoke(DirectMethodHandleAccessor.java:103)
	at com.kms.katalon.core.main.CustomKeywordDelegatingMetaClass.invokeStaticMethod(CustomKeywordDelegatingMetaClass.java:55)
	at Script20260426000000.run(Script20260426000000.groovy:12)
	at com.kms.katalon.core.main.ScriptEngine.run(ScriptEngine.java:194)
	at com.kms.katalon.core.main.ScriptEngine.runScriptAsRawText(ScriptEngine.java:119)
	at com.kms.katalon.core.main.TestCaseExecutor.runScript(TestCaseExecutor.java:502)
	at com.kms.katalon.core.main.TestCaseExecutor.doExecute(TestCaseExecutor.java:493)
	at com.kms.katalon.core.main.TestCaseExecutor.processExecutionPhase(TestCaseExecutor.java:472)
	at com.kms.katalon.core.main.TestCaseExecutor.accessMainPhase(TestCaseExecutor.java:464)
	at com.kms.katalon.core.main.TestCaseExecutor.execute(TestCaseExecutor.java:334)
	at com.kms.katalon.core.common.CommonExecutor.accessTestCaseMainPhase(CommonExecutor.java:71)
	at com.kms.katalon.core.main.TestSuiteExecutor.accessTestSuiteMainPhase(TestSuiteExecutor.java:163)
	at com.kms.katalon.core.main.TestSuiteExecutor.execute(TestSuiteExecutor.java:120)
	at com.kms.katalon.core.main.TestCaseMain.startTestSuite(TestCaseMain.java:205)
	at S0.run(S0.groovy:40)
	at java.base/jdk.internal.reflect.DirectMethodHandleAccessor.invoke(DirectMethodHandleAccessor.java:103)
Caused by: org.openqa.selenium.NoSuchElementException: Cannot locate option with value: occupied_INVALID
For documentation on this error, please visit: https://www.selenium.dev/documentation/webdriver/troubleshooting/errors#nosuchelementexception
Build info: version: '4.39.0', revision: '126f156aee'
System info: os.name: 'Windows 11', os.arch: 'amd64', os.version: '10.0', java.version: '21.0.9'
Driver info: driver.version: unknown
	at org.openqa.selenium.support.ui.Select.findOptionsByValue(Select.java:304)
	at org.openqa.selenium.support.ui.Select.selectByValue(Select.java:188)
	at com.kms.katalon.core.webui.common.WebUiCommonHelper.selectOrDeselectOptionsByValue(WebUiCommonHelper.java:290)
	at com.kms.katalon.core.webui.common.WebUiCommonHelper$selectOrDeselectOptionsByValue$2.call(Unknown Source)
	at com.kms.katalon.core.webui.keyword.builtin.SelectOptionByValueKeyword.selectOrDeselectOptionsByValue(SelectOptionByValueKeyword.groovy:84)
	at com.kms.katalon.core.webui.keyword.builtin.SelectOptionByValueKeyword.access$0(SelectOptionByValueKeyword.groovy)
	at com.kms.katalon.core.webui.keyword.builtin.SelectOptionByValueKeyword$_selectOptionByValue_closure1.doCall(SelectOptionByValueKeyword.groovy:68)
	at java.base/jdk.internal.reflect.DirectMethodHandleAccessor.invoke(DirectMethodHandleAccessor.java:103)
	at jdk.proxy2/jdk.proxy2.$Proxy56.execute(Unknown Source)
	at com.kms.katalon.core.webui.model.SeleniumActionRetryController.performAction(SeleniumActionRetryController.java:96)
	at com.kms.katalon.core.webui.model.SeleniumActionRetryController.performAction(SeleniumActionRetryController.java:83)
	at com.kms.katalon.core.webui.keyword.internal.WebUIKeywordMain$_runKeywordUntilTimeout_closure1.doCall(WebUIKeywordMain.groovy:135)
	at com.kms.katalon.core.webui.keyword.internal.WebUIKeywordMain$_runKeywordUntilTimeout_closure1.call(WebUIKeywordMain.groovy)
	at com.kms.katalon.core.webui.keyword.internal.WebUIKeywordMain.runKeyword(WebUIKeywordMain.groovy:41)
	... 22 more
)
[[ATTACHMENT|D:\\UNI_DOCS\\HK6\\KCPM\\QuanLyBenhVien_KiemThu\\pulse-katalon\\Reports\\20260427_222524\\Baseline\\20260427_222524\\1777303945167.png]]

27-04-2026T22:32:25 - [MESSAGE][FAILED] - Unable to select option by value 'occupied_INVALID' of object 'testid:room-filter-status' 
org.openqa.selenium.NoSuchElementException: Cannot locate option with value: occupied_INVALID
For documentation on this error, please visit: https://www.selenium.dev/documentation/webdriver/troubleshooting/errors#nosuchelementexception
Build info: version: '4.39.0', revision: '126f156aee'
System info: os.name: 'Windows 11', os.arch: 'amd64', os.version: '10.0', java.version: '21.0.9'
Driver info: driver.version: unknown

27-04-2026T22:32:25 - [TEST_STEP][PASSED] - Finally: pulseclinic.WebUiKeywords.closeBrowser is PASSED

27-04-2026T22:32:25 - [TEST_STEP][PASSED] - pulseclinic.WebUiKeywords.closeBrowser(): pulseclinic.WebUiKeywords.closeBrowser is PASSED

27-04-2026T22:32:25 - [MESSAGE][PASSED] - Browser is closed

27-04-2026T22:32:25 - [MESSAGE][PASSED] - pulseclinic.WebUiKeywords.closeBrowser is PASSED]]></system-out>
         <system-err><![CDATA[27-04-2026T22:32:08 - [TEST_CASE][FAILED] - Test Cases/StaffTables/TC-035-Room-filter-unavailable: Test Cases/StaffTables/TC-035-Room-filter-unavailable FAILED.
Reason:
com.kms.katalon.core.exception.StepFailedException: Unable to select option by value 'occupied_INVALID' of object 'testid:room-filter-status' 
	at com.kms.katalon.core.webui.keyword.internal.WebUIKeywordMain.stepFailed(WebUIKeywordMain.groovy:177)
	at com.kms.katalon.core.webui.keyword.internal.WebUIKeywordMain.runKeyword(WebUIKeywordMain.groovy:49)
	at com.kms.katalon.core.webui.keyword.internal.WebUIKeywordMain.runKeywordUntilTimeout(WebUIKeywordMain.groovy:133)
	at com.kms.katalon.core.webui.keyword.builtin.SelectOptionByValueKeyword.selectOptionByValue(SelectOptionByValueKeyword.groovy:79)
	at com.kms.katalon.core.webui.keyword.builtin.SelectOptionByValueKeyword.execute(SelectOptionByValueKeyword.groovy:44)
	at com.kms.katalon.core.keyword.internal.KeywordExecutor.executeKeywordForPlatform(KeywordExecutor.groovy:95)
	at com.kms.katalon.core.webui.keyword.WebUiBuiltInKeywords.selectOptionByValue(WebUiBuiltInKeywords.groovy:1269)
	at pulseclinic.WebUiKeywords.selectByValueTestId(WebUiKeywords.groovy:55)
	at java.base/jdk.internal.reflect.DirectMethodHandleAccessor.invoke(DirectMethodHandleAccessor.java:103)
	at com.kms.katalon.core.main.CustomKeywordDelegatingMetaClass.invokeStaticMethod(CustomKeywordDelegatingMetaClass.java:55)
	at Script20260426000000.run(Script20260426000000.groovy:12)
	at com.kms.katalon.core.main.ScriptEngine.run(ScriptEngine.java:194)
	at com.kms.katalon.core.main.ScriptEngine.runScriptAsRawText(ScriptEngine.java:119)
	at com.kms.katalon.core.main.TestCaseExecutor.runScript(TestCaseExecutor.java:502)
	at com.kms.katalon.core.main.TestCaseExecutor.doExecute(TestCaseExecutor.java:493)
	at com.kms.katalon.core.main.TestCaseExecutor.processExecutionPhase(TestCaseExecutor.java:472)
	at com.kms.katalon.core.main.TestCaseExecutor.accessMainPhase(TestCaseExecutor.java:464)
	at com.kms.katalon.core.main.TestCaseExecutor.execute(TestCaseExecutor.java:334)
	at com.kms.katalon.core.common.CommonExecutor.accessTestCaseMainPhase(CommonExecutor.java:71)
	at com.kms.katalon.core.main.TestSuiteExecutor.accessTestSuiteMainPhase(TestSuiteExecutor.java:163)
	at com.kms.katalon.core.main.TestSuiteExecutor.execute(TestSuiteExecutor.java:120)
	at com.kms.katalon.core.main.TestCaseMain.startTestSuite(TestCaseMain.java:205)
	at S0.run(S0.groovy:40)
	at java.base/jdk.internal.reflect.DirectMethodHandleAccessor.invoke(DirectMethodHandleAccessor.java:103)
Caused by: org.openqa.selenium.NoSuchElementException: Cannot locate option with value: occupied_INVALID
For documentation on this error, please visit: https://www.selenium.dev/documentation/webdriver/troubleshooting/errors#nosuchelementexception
Build info: version: '4.39.0', revision: '126f156aee'
System info: os.name: 'Windows 11', os.arch: 'amd64', os.version: '10.0', java.version: '21.0.9'
Driver info: driver.version: unknown
	at org.openqa.selenium.support.ui.Select.findOptionsByValue(Select.java:304)
	at org.openqa.selenium.support.ui.Select.selectByValue(Select.java:188)
	at com.kms.katalon.core.webui.common.WebUiCommonHelper.selectOrDeselectOptionsByValue(WebUiCommonHelper.java:290)
	at com.kms.katalon.core.webui.common.WebUiCommonHelper$selectOrDeselectOptionsByValue$2.call(Unknown Source)
	at com.kms.katalon.core.webui.keyword.builtin.SelectOptionByValueKeyword.selectOrDeselectOptionsByValue(SelectOptionByValueKeyword.groovy:84)
	at com.kms.katalon.core.webui.keyword.builtin.SelectOptionByValueKeyword.access$0(SelectOptionByValueKeyword.groovy)
	at com.kms.katalon.core.webui.keyword.builtin.SelectOptionByValueKeyword$_selectOptionByValue_closure1.doCall(SelectOptionByValueKeyword.groovy:68)
	at java.base/jdk.internal.reflect.DirectMethodHandleAccessor.invoke(DirectMethodHandleAccessor.java:103)
	at jdk.proxy2/jdk.proxy2.$Proxy56.execute(Unknown Source)
	at com.kms.katalon.core.webui.model.SeleniumActionRetryController.performAction(SeleniumActionRetryController.java:96)
	at com.kms.katalon.core.webui.model.SeleniumActionRetryController.performAction(SeleniumActionRetryController.java:83)
	at com.kms.katalon.core.webui.keyword.internal.WebUIKeywordMain$_runKeywordUntilTimeout_closure1.doCall(WebUIKeywordMain.groovy:135)
	at com.kms.katalon.core.webui.keyword.internal.WebUIKeywordMain$_runKeywordUntilTimeout_closure1.call(WebUIKeywordMain.groovy)
	at com.kms.katalon.core.webui.keyword.internal.WebUIKeywordMain.runKeyword(WebUIKeywordMain.groovy:41)
	... 22 more]]></system-err>
      </testcase>
      <system-out><![CDATA[27-04-2026T22:25:32 - [TEST_SUITE][FAILED] - Baseline: null]]></system-out>
      <system-err><![CDATA[27-04-2026T22:25:32 - [TEST_SUITE][FAILED] - Baseline: null]]></system-err>
   </testsuite>
</testsuites>
