<?xml version="1.0" encoding="UTF-8"?>
<testsuites name="Baseline" time="399.104" tests="35" failures="12" errors="0">
   <testsuite name="Baseline" tests="35" failures="12" errors="0" time="399.104" skipped="0" timestamp="2026-04-25T19:06:43.122Z" hostname="ACER - Aspire-A715" id="Test Suites/Baseline">
      <properties>
[...]
</properties>
      <testcase name="Test Cases/Authentication/TC-001-Open-HMS-role-selection" time="6.594" classname="Test Cases/Authentication/TC-001-Open-HMS-role-selection" status="PASSED">
         <system-out><![CDATA[26-04-2026T02:06:43 - [TEST_CASE][PASSED] - Test Cases/Authentication/TC-001-Open-HMS-role-selection: Test Cases/Authentication/TC-001-Open-HMS-role-selection

26-04-2026T02:06:43 - [TEST_STEP][PASSED] - try: pulseclinic.WebUiKeywords.verifyTextPresent is PASSED

26-04-2026T02:06:43 - [TEST_STEP][PASSED] - pulseclinic.WebUiKeywords.openAt(hmsBaseUrl): pulseclinic.WebUiKeywords.openAt is PASSED

26-04-2026T02:06:44 - [MESSAGE][INFO] - Starting 'Edge Chromium' driver

26-04-2026T02:06:44 - [MESSAGE][INFO] - Action delay is set to 0 milliseconds

26-04-2026T02:06:47 - [MESSAGE][PASSED] - Browser is opened with url: ''

26-04-2026T02:06:47 - [MESSAGE][PASSED] - Current window maximized

26-04-2026T02:06:48 - [MESSAGE][PASSED] - Navigate to 'http://hms.localhost:3000' successfully

26-04-2026T02:06:48 - [MESSAGE][PASSED] - Wait for page load successfully

26-04-2026T02:06:48 - [MESSAGE][PASSED] - pulseclinic.WebUiKeywords.openAt is PASSED

26-04-2026T02:06:48 - [TEST_STEP][PASSED] - pulseclinic.WebUiKeywords.verifyTextPresent("Hospital Management System"): pulseclinic.WebUiKeywords.verifyTextPresent is PASSED

26-04-2026T02:06:49 - [MESSAGE][PASSED] - Text 'Hospital Management System' is present on page 

26-04-2026T02:06:49 - [MESSAGE][PASSED] - pulseclinic.WebUiKeywords.verifyTextPresent is PASSED

26-04-2026T02:06:49 - [TEST_STEP][PASSED] - pulseclinic.WebUiKeywords.verifyTextPresent("Staff"): pulseclinic.WebUiKeywords.verifyTextPresent is PASSED

26-04-2026T02:06:49 - [MESSAGE][PASSED] - Text 'Staff' is present on page 

26-04-2026T02:06:49 - [MESSAGE][PASSED] - pulseclinic.WebUiKeywords.verifyTextPresent is PASSED

26-04-2026T02:06:49 - [TEST_STEP][PASSED] - pulseclinic.WebUiKeywords.verifyTextPresent("Doctor"): pulseclinic.WebUiKeywords.verifyTextPresent is PASSED

26-04-2026T02:06:49 - [MESSAGE][PASSED] - Text 'Doctor' is present on page 

26-04-2026T02:06:49 - [MESSAGE][PASSED] - pulseclinic.WebUiKeywords.verifyTextPresent is PASSED

26-04-2026T02:06:49 - [TEST_STEP][PASSED] - Finally: pulseclinic.WebUiKeywords.closeBrowser is PASSED

26-04-2026T02:06:49 - [TEST_STEP][PASSED] - pulseclinic.WebUiKeywords.closeBrowser(): pulseclinic.WebUiKeywords.closeBrowser is PASSED

26-04-2026T02:06:49 - [MESSAGE][PASSED] - Browser is closed

26-04-2026T02:06:49 - [MESSAGE][PASSED] - pulseclinic.WebUiKeywords.closeBrowser is PASSED]]></system-out>
         <system-err><![CDATA[]]></system-err>
      </testcase>
      <testcase name="Test Cases/Authentication/TC-002-Open-staff-login" time="4.439" classname="Test Cases/Authentication/TC-002-Open-staff-login" status="PASSED">
         <system-out><![CDATA[26-04-2026T02:06:49 - [TEST_CASE][PASSED] - Test Cases/Authentication/TC-002-Open-staff-login: Test Cases/Authentication/TC-002-Open-staff-login

26-04-2026T02:06:50 - [TEST_STEP][PASSED] - try: pulseclinic.WebUiKeywords.verifyTextPresent is PASSED

26-04-2026T02:06:50 - [TEST_STEP][PASSED] - pulseclinic.WebUiKeywords.openAt(hmsBaseUrl): pulseclinic.WebUiKeywords.openAt is PASSED

26-04-2026T02:06:50 - [MESSAGE][INFO] - Starting 'Edge Chromium' driver

26-04-2026T02:06:50 - [MESSAGE][INFO] - Action delay is set to 0 milliseconds

26-04-2026T02:06:51 - [MESSAGE][PASSED] - Browser is opened with url: ''

26-04-2026T02:06:51 - [MESSAGE][PASSED] - Current window maximized

26-04-2026T02:06:51 - [MESSAGE][PASSED] - Navigate to 'http://hms.localhost:3000' successfully

26-04-2026T02:06:51 - [MESSAGE][PASSED] - Wait for page load successfully

26-04-2026T02:06:51 - [MESSAGE][PASSED] - pulseclinic.WebUiKeywords.openAt is PASSED

26-04-2026T02:06:51 - [TEST_STEP][PASSED] - pulseclinic.WebUiKeywords.clickByTestId("role-card-staff"): pulseclinic.WebUiKeywords.clickByTestId is PASSED

26-04-2026T02:06:52 - [MESSAGE][PASSED] - Object 'testid:role-card-staff' is clickable

26-04-2026T02:06:53 - [MESSAGE][PASSED] - Object: 'testid:role-card-staff' is clicked on

26-04-2026T02:06:53 - [MESSAGE][PASSED] - pulseclinic.WebUiKeywords.clickByTestId is PASSED

26-04-2026T02:06:53 - [TEST_STEP][PASSED] - pulseclinic.WebUiKeywords.verifyUrlContains("/login"): pulseclinic.WebUiKeywords.verifyUrlContains is PASSED

26-04-2026T02:06:53 - [MESSAGE][PASSED] - Current window's url is: 'http://staff.localhost:3000/login'

26-04-2026T02:06:53 - [MESSAGE][PASSED] - pulseclinic.WebUiKeywords.verifyUrlContains is PASSED

26-04-2026T02:06:53 - [TEST_STEP][PASSED] - pulseclinic.WebUiKeywords.verifyTextPresent("Staff Login"): pulseclinic.WebUiKeywords.verifyTextPresent is PASSED

26-04-2026T02:06:54 - [MESSAGE][PASSED] - Text 'Staff Login' is present on page 

26-04-2026T02:06:54 - [MESSAGE][PASSED] - pulseclinic.WebUiKeywords.verifyTextPresent is PASSED

26-04-2026T02:06:54 - [TEST_STEP][PASSED] - Finally: pulseclinic.WebUiKeywords.closeBrowser is PASSED

26-04-2026T02:06:54 - [TEST_STEP][PASSED] - pulseclinic.WebUiKeywords.closeBrowser(): pulseclinic.WebUiKeywords.closeBrowser is PASSED

26-04-2026T02:06:54 - [MESSAGE][PASSED] - Browser is closed

26-04-2026T02:06:54 - [MESSAGE][PASSED] - pulseclinic.WebUiKeywords.closeBrowser is PASSED]]></system-out>
         <system-err><![CDATA[]]></system-err>
      </testcase>
      <testcase name="Test Cases/Authentication/TC-003-Staff-login-required-fields" time="3.674" classname="Test Cases/Authentication/TC-003-Staff-login-required-fields" status="PASSED">
         <system-out><![CDATA[26-04-2026T02:06:54 - [TEST_CASE][PASSED] - Test Cases/Authentication/TC-003-Staff-login-required-fields: Test Cases/Authentication/TC-003-Staff-login-required-fields

26-04-2026T02:06:54 - [TEST_STEP][PASSED] - try: pulseclinic.WebUiKeywords.clickByTestId is PASSED

26-04-2026T02:06:54 - [TEST_STEP][PASSED] - pulseclinic.WebUiKeywords.openAt(staffBaseUrl + "/login"): pulseclinic.WebUiKeywords.openAt is PASSED

26-04-2026T02:06:54 - [MESSAGE][INFO] - Starting 'Edge Chromium' driver

26-04-2026T02:06:54 - [MESSAGE][INFO] - Action delay is set to 0 milliseconds

26-04-2026T02:06:55 - [MESSAGE][PASSED] - Browser is opened with url: ''

26-04-2026T02:06:55 - [MESSAGE][PASSED] - Current window maximized

26-04-2026T02:06:56 - [MESSAGE][PASSED] - Navigate to 'http://staff.localhost:3000/login' successfully

26-04-2026T02:06:56 - [MESSAGE][PASSED] - Wait for page load successfully

26-04-2026T02:06:56 - [MESSAGE][PASSED] - pulseclinic.WebUiKeywords.openAt is PASSED

26-04-2026T02:06:56 - [TEST_STEP][PASSED] - verifyElementHasAttribute(pulseclinic.WebUiKeywords.byTestId("login-email-input"), "required", defaultTimeout): Object 'testid:login-email-input' has attribute 'required'

26-04-2026T02:06:56 - [MESSAGE][PASSED] - pulseclinic.WebUiKeywords.byTestId is PASSED

26-04-2026T02:06:56 - [MESSAGE][PASSED] - Object 'testid:login-email-input' has attribute 'required'

26-04-2026T02:06:56 - [TEST_STEP][PASSED] - verifyElementHasAttribute(pulseclinic.WebUiKeywords.byTestId("login-password-input"), "required", defaultTimeout): Object 'testid:login-password-input' has attribute 'required'

26-04-2026T02:06:56 - [MESSAGE][PASSED] - pulseclinic.WebUiKeywords.byTestId is PASSED

26-04-2026T02:06:57 - [MESSAGE][PASSED] - Object 'testid:login-password-input' has attribute 'required'

26-04-2026T02:06:57 - [TEST_STEP][PASSED] - pulseclinic.WebUiKeywords.clickByTestId("login-submit-button"): pulseclinic.WebUiKeywords.clickByTestId is PASSED

26-04-2026T02:06:57 - [MESSAGE][PASSED] - Object 'testid:login-submit-button' is clickable

26-04-2026T02:06:57 - [MESSAGE][PASSED] - Object: 'testid:login-submit-button' is clicked on

26-04-2026T02:06:57 - [MESSAGE][PASSED] - pulseclinic.WebUiKeywords.clickByTestId is PASSED

26-04-2026T02:06:57 - [TEST_STEP][PASSED] - Finally: pulseclinic.WebUiKeywords.closeBrowser is PASSED

26-04-2026T02:06:57 - [TEST_STEP][PASSED] - pulseclinic.WebUiKeywords.closeBrowser(): pulseclinic.WebUiKeywords.closeBrowser is PASSED

26-04-2026T02:06:58 - [MESSAGE][PASSED] - Browser is closed

26-04-2026T02:06:58 - [MESSAGE][PASSED] - pulseclinic.WebUiKeywords.closeBrowser is PASSED]]></system-out>
         <system-err><![CDATA[]]></system-err>
      </testcase>
      <testcase name="Test Cases/Authentication/TC-004-Staff-login-invalid-credentials" time="6.273" classname="Test Cases/Authentication/TC-004-Staff-login-invalid-credentials" status="FAILED">
         <failure type="FAILED" message="Test Cases/Authentication/TC-004-Staff-login-invalid-credentials FAILED.&#xa;Reason:&#xa;com.kms.katalon.core.exception.StepFailedException: Unable to verify object 'testid:login-error' is visible&#xa;	at com.kms.katalon.core.webui.keyword.internal.WebUIKeywordMain.stepFailed(WebUIKeywordMain.groovy:177)&#xa;	at com.kms.katalon.core.webui.keyword.internal.WebUIKeywordMain.runKeyword(WebUIKeywordMain.groovy:49)&#xa;	at com.kms.katalon.core.webui.keyword.internal.WebUIKeywordMain.runKeywordUntilTimeout(WebUIKeywordMain.groovy:133)&#xa;	at com.kms.katalon.core.webui.keyword.builtin.VerifyElementVisibleKeyword.verifyElementVisible(VerifyElementVisibleKeyword.groovy:72)&#xa;	at com.kms.katalon.core.webui.keyword.builtin.VerifyElementVisibleKeyword.execute(VerifyElementVisibleKeyword.groovy:37)&#xa;	at com.kms.katalon.core.keyword.internal.KeywordExecutor.executeKeywordForPlatform(KeywordExecutor.groovy:95)&#xa;	at com.kms.katalon.core.webui.keyword.WebUiBuiltInKeywords.verifyElementVisible(WebUiBuiltInKeywords.groovy:452)&#xa;	at Script20260425152000.run(Script20260425152000.groovy:12)&#xa;	at com.kms.katalon.core.main.ScriptEngine.run(ScriptEngine.java:194)&#xa;	at com.kms.katalon.core.main.ScriptEngine.runScriptAsRawText(ScriptEngine.java:119)&#xa;	at com.kms.katalon.core.main.TestCaseExecutor.runScript(TestCaseExecutor.java:502)&#xa;	at com.kms.katalon.core.main.TestCaseExecutor.doExecute(TestCaseExecutor.java:493)&#xa;	at com.kms.katalon.core.main.TestCaseExecutor.processExecutionPhase(TestCaseExecutor.java:472)&#xa;	at com.kms.katalon.core.main.TestCaseExecutor.accessMainPhase(TestCaseExecutor.java:464)&#xa;	at com.kms.katalon.core.main.TestCaseExecutor.execute(TestCaseExecutor.java:334)&#xa;	at com.kms.katalon.core.common.CommonExecutor.accessTestCaseMainPhase(CommonExecutor.java:71)&#xa;	at com.kms.katalon.core.main.TestSuiteExecutor.accessTestSuiteMainPhase(TestSuiteExecutor.java:163)&#xa;	at com.kms.katalon.core.main.TestSuiteExecutor.execute(TestSuiteExecutor.java:120)&#xa;	at com.kms.katalon.core.main.TestCaseMain.startTestSuite(TestCaseMain.java:205)&#xa;	at S0.run(S0.groovy:40)&#xa;	at java.base/jdk.internal.reflect.DirectMethodHandleAccessor.invoke(DirectMethodHandleAccessor.java:103)&#xa;Caused by: com.kms.katalon.core.exception.StepFailedException: Object 'testid:login-error' is NOT visible&#xa;	at com.kms.katalon.core.webui.keyword.internal.WebUIKeywordMain.stepFailed(WebUIKeywordMain.groovy:177)&#xa;	at com.kms.katalon.core.webui.keyword.builtin.VerifyElementVisibleKeyword$_verifyElementVisible_closure1.doCall(VerifyElementVisibleKeyword.groovy:58)&#xa;	at java.base/jdk.internal.reflect.DirectMethodHandleAccessor.invoke(DirectMethodHandleAccessor.java:103)&#xa;	at jdk.proxy2/jdk.proxy2.$Proxy56.execute(Unknown Source)&#xa;	at com.kms.katalon.core.webui.model.SeleniumActionRetryController.performAction(SeleniumActionRetryController.java:96)&#xa;	at com.kms.katalon.core.webui.model.SeleniumActionRetryController.performAction(SeleniumActionRetryController.java:83)&#xa;	at com.kms.katalon.core.webui.keyword.internal.WebUIKeywordMain$_runKeywordUntilTimeout_closure1.doCall(WebUIKeywordMain.groovy:135)&#xa;	at com.kms.katalon.core.webui.keyword.internal.WebUIKeywordMain$_runKeywordUntilTimeout_closure1.call(WebUIKeywordMain.groovy)&#xa;	at com.kms.katalon.core.webui.keyword.internal.WebUIKeywordMain.runKeyword(WebUIKeywordMain.groovy:41)&#xa;	... 19 more&#xa;"/>
         <system-out><![CDATA[26-04-2026T02:06:58 - [TEST_CASE][FAILED] - Test Cases/Authentication/TC-004-Staff-login-invalid-credentials: Test Cases/Authentication/TC-004-Staff-login-invalid-credentials FAILED.
Reason:
com.kms.katalon.core.exception.StepFailedException: Unable to verify object 'testid:login-error' is visible
	at com.kms.katalon.core.webui.keyword.internal.WebUIKeywordMain.stepFailed(WebUIKeywordMain.groovy:177)
	at com.kms.katalon.core.webui.keyword.internal.WebUIKeywordMain.runKeyword(WebUIKeywordMain.groovy:49)
	at com.kms.katalon.core.webui.keyword.internal.WebUIKeywordMain.runKeywordUntilTimeout(WebUIKeywordMain.groovy:133)
	at com.kms.katalon.core.webui.keyword.builtin.VerifyElementVisibleKeyword.verifyElementVisible(VerifyElementVisibleKeyword.groovy:72)
	at com.kms.katalon.core.webui.keyword.builtin.VerifyElementVisibleKeyword.execute(VerifyElementVisibleKeyword.groovy:37)
	at com.kms.katalon.core.keyword.internal.KeywordExecutor.executeKeywordForPlatform(KeywordExecutor.groovy:95)
	at com.kms.katalon.core.webui.keyword.WebUiBuiltInKeywords.verifyElementVisible(WebUiBuiltInKeywords.groovy:452)
	at Script20260425152000.run(Script20260425152000.groovy:12)
	at com.kms.katalon.core.main.ScriptEngine.run(ScriptEngine.java:194)
	at com.kms.katalon.core.main.ScriptEngine.runScriptAsRawText(ScriptEngine.java:119)
	at com.kms.katalon.core.main.TestCaseExecutor.runScript(TestCaseExecutor.java:502)
	at com.kms.katalon.core.main.TestCaseExecutor.doExecute(TestCaseExecutor.java:493)
	at com.kms.katalon.core.main.TestCaseExecutor.processExecutionPhase(TestCaseExecutor.java:472)
	at com.kms.katalon.core.main.TestCaseExecutor.accessMainPhase(TestCaseExecutor.java:464)
	at com.kms.katalon.core.main.TestCaseExecutor.execute(TestCaseExecutor.java:334)
	at com.kms.katalon.core.common.CommonExecutor.accessTestCaseMainPhase(CommonExecutor.java:71)
	at com.kms.katalon.core.main.TestSuiteExecutor.accessTestSuiteMainPhase(TestSuiteExecutor.java:163)
	at com.kms.katalon.core.main.TestSuiteExecutor.execute(TestSuiteExecutor.java:120)
	at com.kms.katalon.core.main.TestCaseMain.startTestSuite(TestCaseMain.java:205)
	at S0.run(S0.groovy:40)
	at java.base/jdk.internal.reflect.DirectMethodHandleAccessor.invoke(DirectMethodHandleAccessor.java:103)
Caused by: com.kms.katalon.core.exception.StepFailedException: Object 'testid:login-error' is NOT visible
	at com.kms.katalon.core.webui.keyword.internal.WebUIKeywordMain.stepFailed(WebUIKeywordMain.groovy:177)
	at com.kms.katalon.core.webui.keyword.builtin.VerifyElementVisibleKeyword$_verifyElementVisible_closure1.doCall(VerifyElementVisibleKeyword.groovy:58)
	at java.base/jdk.internal.reflect.DirectMethodHandleAccessor.invoke(DirectMethodHandleAccessor.java:103)
	at jdk.proxy2/jdk.proxy2.$Proxy56.execute(Unknown Source)
	at com.kms.katalon.core.webui.model.SeleniumActionRetryController.performAction(SeleniumActionRetryController.java:96)
	at com.kms.katalon.core.webui.model.SeleniumActionRetryController.performAction(SeleniumActionRetryController.java:83)
	at com.kms.katalon.core.webui.keyword.internal.WebUIKeywordMain$_runKeywordUntilTimeout_closure1.doCall(WebUIKeywordMain.groovy:135)
	at com.kms.katalon.core.webui.keyword.internal.WebUIKeywordMain$_runKeywordUntilTimeout_closure1.call(WebUIKeywordMain.groovy)
	at com.kms.katalon.core.webui.keyword.internal.WebUIKeywordMain.runKeyword(WebUIKeywordMain.groovy:41)
	... 19 more


26-04-2026T02:06:58 - [TEST_STEP][FAILED] - try: Unable to verify object 'testid:login-error' is visible (Root cause: com.kms.katalon.core.exception.StepFailedException: Unable to verify object 'testid:login-error' is visible
	at com.kms.katalon.core.webui.keyword.internal.WebUIKeywordMain.stepFailed(WebUIKeywordMain.groovy:177)
	at com.kms.katalon.core.webui.keyword.internal.WebUIKeywordMain.runKeyword(WebUIKeywordMain.groovy:49)
	at com.kms.katalon.core.webui.keyword.internal.WebUIKeywordMain.runKeywordUntilTimeout(WebUIKeywordMain.groovy:133)
	at com.kms.katalon.core.webui.keyword.builtin.VerifyElementVisibleKeyword.verifyElementVisible(VerifyElementVisibleKeyword.groovy:72)
	at com.kms.katalon.core.webui.keyword.builtin.VerifyElementVisibleKeyword.execute(VerifyElementVisibleKeyword.groovy:37)
	at com.kms.katalon.core.keyword.internal.KeywordExecutor.executeKeywordForPlatform(KeywordExecutor.groovy:95)
	at com.kms.katalon.core.webui.keyword.WebUiBuiltInKeywords.verifyElementVisible(WebUiBuiltInKeywords.groovy:452)
	at Script20260425152000.run(Script20260425152000.groovy:12)
	at com.kms.katalon.core.main.ScriptEngine.run(ScriptEngine.java:194)
	at com.kms.katalon.core.main.ScriptEngine.runScriptAsRawText(ScriptEngine.java:119)
	at com.kms.katalon.core.main.TestCaseExecutor.runScript(TestCaseExecutor.java:502)
	at com.kms.katalon.core.main.TestCaseExecutor.doExecute(TestCaseExecutor.java:493)
	at com.kms.katalon.core.main.TestCaseExecutor.processExecutionPhase(TestCaseExecutor.java:472)
	at com.kms.katalon.core.main.TestCaseExecutor.accessMainPhase(TestCaseExecutor.java:464)
	at com.kms.katalon.core.main.TestCaseExecutor.execute(TestCaseExecutor.java:334)
	at com.kms.katalon.core.common.CommonExecutor.accessTestCaseMainPhase(CommonExecutor.java:71)
	at com.kms.katalon.core.main.TestSuiteExecutor.accessTestSuiteMainPhase(TestSuiteExecutor.java:163)
	at com.kms.katalon.core.main.TestSuiteExecutor.execute(TestSuiteExecutor.java:120)
	at com.kms.katalon.core.main.TestCaseMain.startTestSuite(TestCaseMain.java:205)
	at S0.run(S0.groovy:40)
	at java.base/jdk.internal.reflect.DirectMethodHandleAccessor.invoke(DirectMethodHandleAccessor.java:103)
Caused by: com.kms.katalon.core.exception.StepFailedException: Object 'testid:login-error' is NOT visible
	at com.kms.katalon.core.webui.keyword.internal.WebUIKeywordMain.stepFailed(WebUIKeywordMain.groovy:177)
	at com.kms.katalon.core.webui.keyword.builtin.VerifyElementVisibleKeyword$_verifyElementVisible_closure1.doCall(VerifyElementVisibleKeyword.groovy:58)
	at java.base/jdk.internal.reflect.DirectMethodHandleAccessor.invoke(DirectMethodHandleAccessor.java:103)
	at jdk.proxy2/jdk.proxy2.$Proxy56.execute(Unknown Source)
	at com.kms.katalon.core.webui.model.SeleniumActionRetryController.performAction(SeleniumActionRetryController.java:96)
	at com.kms.katalon.core.webui.model.SeleniumActionRetryController.performAction(SeleniumActionRetryController.java:83)
	at com.kms.katalon.core.webui.keyword.internal.WebUIKeywordMain$_runKeywordUntilTimeout_closure1.doCall(WebUIKeywordMain.groovy:135)
	at com.kms.katalon.core.webui.keyword.internal.WebUIKeywordMain$_runKeywordUntilTimeout_closure1.call(WebUIKeywordMain.groovy)
	at com.kms.katalon.core.webui.keyword.internal.WebUIKeywordMain.runKeyword(WebUIKeywordMain.groovy:41)
	... 19 more
)

26-04-2026T02:06:58 - [TEST_STEP][PASSED] - pulseclinic.WebUiKeywords.openAt(staffBaseUrl + "/login"): pulseclinic.WebUiKeywords.openAt is PASSED

26-04-2026T02:06:58 - [MESSAGE][INFO] - Starting 'Edge Chromium' driver

26-04-2026T02:06:58 - [MESSAGE][INFO] - Action delay is set to 0 milliseconds

26-04-2026T02:06:59 - [MESSAGE][PASSED] - Browser is opened with url: ''

26-04-2026T02:06:59 - [MESSAGE][PASSED] - Current window maximized

26-04-2026T02:06:59 - [MESSAGE][PASSED] - Navigate to 'http://staff.localhost:3000/login' successfully

26-04-2026T02:06:59 - [MESSAGE][PASSED] - Wait for page load successfully

26-04-2026T02:06:59 - [MESSAGE][PASSED] - pulseclinic.WebUiKeywords.openAt is PASSED

26-04-2026T02:06:59 - [TEST_STEP][PASSED] - pulseclinic.WebUiKeywords.setTextByTestId("login-email-input", "wrong.staff@hospital.com"): pulseclinic.WebUiKeywords.setTextByTestId is PASSED

26-04-2026T02:07:00 - [MESSAGE][PASSED] - Object 'testid:login-email-input' is visible

26-04-2026T02:07:01 - [MESSAGE][PASSED] - Text 'wrong.staff@hospital.com' is set on object 'testid:login-email-input'

26-04-2026T02:07:01 - [MESSAGE][PASSED] - pulseclinic.WebUiKeywords.setTextByTestId is PASSED

26-04-2026T02:07:01 - [TEST_STEP][PASSED] - pulseclinic.WebUiKeywords.setTextByTestId("login-password-input", "wrong-password"): pulseclinic.WebUiKeywords.setTextByTestId is PASSED

26-04-2026T02:07:01 - [MESSAGE][PASSED] - Object 'testid:login-password-input' is visible

26-04-2026T02:07:02 - [MESSAGE][PASSED] - Text 'wrong-password' is set on object 'testid:login-password-input'

26-04-2026T02:07:02 - [MESSAGE][PASSED] - pulseclinic.WebUiKeywords.setTextByTestId is PASSED

26-04-2026T02:07:02 - [TEST_STEP][PASSED] - pulseclinic.WebUiKeywords.clickByTestId("login-submit-button"): pulseclinic.WebUiKeywords.clickByTestId is PASSED

26-04-2026T02:07:02 - [MESSAGE][PASSED] - Object 'testid:login-submit-button' is clickable

26-04-2026T02:07:02 - [MESSAGE][PASSED] - Object: 'testid:login-submit-button' is clicked on

26-04-2026T02:07:02 - [MESSAGE][PASSED] - pulseclinic.WebUiKeywords.clickByTestId is PASSED

26-04-2026T02:07:02 - [TEST_STEP][PASSED] - waitForElementPresent(pulseclinic.WebUiKeywords.byTestId("login-error"), defaultTimeout): Object 'testid:login-error' is present

26-04-2026T02:07:02 - [MESSAGE][PASSED] - pulseclinic.WebUiKeywords.byTestId is PASSED

26-04-2026T02:07:03 - [MESSAGE][PASSED] - Object 'testid:login-error' is present

26-04-2026T02:07:03 - [TEST_STEP][FAILED] - verifyElementVisible(pulseclinic.WebUiKeywords.byTestId("login-error")): Unable to verify object 'testid:login-error' is visible (Root cause: com.kms.katalon.core.exception.StepFailedException: Unable to verify object 'testid:login-error' is visible
	at com.kms.katalon.core.webui.keyword.internal.WebUIKeywordMain.stepFailed(WebUIKeywordMain.groovy:177)
	at com.kms.katalon.core.webui.keyword.internal.WebUIKeywordMain.runKeyword(WebUIKeywordMain.groovy:49)
	at com.kms.katalon.core.webui.keyword.internal.WebUIKeywordMain.runKeywordUntilTimeout(WebUIKeywordMain.groovy:133)
	at com.kms.katalon.core.webui.keyword.builtin.VerifyElementVisibleKeyword.verifyElementVisible(VerifyElementVisibleKeyword.groovy:72)
	at com.kms.katalon.core.webui.keyword.builtin.VerifyElementVisibleKeyword.execute(VerifyElementVisibleKeyword.groovy:37)
	at com.kms.katalon.core.keyword.internal.KeywordExecutor.executeKeywordForPlatform(KeywordExecutor.groovy:95)
	at com.kms.katalon.core.webui.keyword.WebUiBuiltInKeywords.verifyElementVisible(WebUiBuiltInKeywords.groovy:452)
	at Script20260425152000.run(Script20260425152000.groovy:12)
	at com.kms.katalon.core.main.ScriptEngine.run(ScriptEngine.java:194)
	at com.kms.katalon.core.main.ScriptEngine.runScriptAsRawText(ScriptEngine.java:119)
	at com.kms.katalon.core.main.TestCaseExecutor.runScript(TestCaseExecutor.java:502)
	at com.kms.katalon.core.main.TestCaseExecutor.doExecute(TestCaseExecutor.java:493)
	at com.kms.katalon.core.main.TestCaseExecutor.processExecutionPhase(TestCaseExecutor.java:472)
	at com.kms.katalon.core.main.TestCaseExecutor.accessMainPhase(TestCaseExecutor.java:464)
	at com.kms.katalon.core.main.TestCaseExecutor.execute(TestCaseExecutor.java:334)
	at com.kms.katalon.core.common.CommonExecutor.accessTestCaseMainPhase(CommonExecutor.java:71)
	at com.kms.katalon.core.main.TestSuiteExecutor.accessTestSuiteMainPhase(TestSuiteExecutor.java:163)
	at com.kms.katalon.core.main.TestSuiteExecutor.execute(TestSuiteExecutor.java:120)
	at com.kms.katalon.core.main.TestCaseMain.startTestSuite(TestCaseMain.java:205)
	at S0.run(S0.groovy:40)
	at java.base/jdk.internal.reflect.DirectMethodHandleAccessor.invoke(DirectMethodHandleAccessor.java:103)
Caused by: com.kms.katalon.core.exception.StepFailedException: Object 'testid:login-error' is NOT visible
	at com.kms.katalon.core.webui.keyword.internal.WebUIKeywordMain.stepFailed(WebUIKeywordMain.groovy:177)
	at com.kms.katalon.core.webui.keyword.builtin.VerifyElementVisibleKeyword$_verifyElementVisible_closure1.doCall(VerifyElementVisibleKeyword.groovy:58)
	at java.base/jdk.internal.reflect.DirectMethodHandleAccessor.invoke(DirectMethodHandleAccessor.java:103)
	at jdk.proxy2/jdk.proxy2.$Proxy56.execute(Unknown Source)
	at com.kms.katalon.core.webui.model.SeleniumActionRetryController.performAction(SeleniumActionRetryController.java:96)
	at com.kms.katalon.core.webui.model.SeleniumActionRetryController.performAction(SeleniumActionRetryController.java:83)
	at com.kms.katalon.core.webui.keyword.internal.WebUIKeywordMain$_runKeywordUntilTimeout_closure1.doCall(WebUIKeywordMain.groovy:135)
	at com.kms.katalon.core.webui.keyword.internal.WebUIKeywordMain$_runKeywordUntilTimeout_closure1.call(WebUIKeywordMain.groovy)
	at com.kms.katalon.core.webui.keyword.internal.WebUIKeywordMain.runKeyword(WebUIKeywordMain.groovy:41)
	... 19 more
)

26-04-2026T02:07:03 - [MESSAGE][PASSED] - pulseclinic.WebUiKeywords.byTestId is PASSED

26-04-2026T02:07:03 - [MESSAGE][FAILED] - Object 'testid:login-error' is NOT visible (Root cause: com.kms.katalon.core.exception.StepFailedException: Object 'testid:login-error' is NOT visible
	at com.kms.katalon.core.webui.keyword.internal.WebUIKeywordMain.stepFailed(WebUIKeywordMain.groovy:177)
	at com.kms.katalon.core.webui.keyword.builtin.VerifyElementVisibleKeyword$_verifyElementVisible_closure1.doCall(VerifyElementVisibleKeyword.groovy:58)
	at java.base/jdk.internal.reflect.DirectMethodHandleAccessor.invoke(DirectMethodHandleAccessor.java:103)
	at jdk.proxy2/jdk.proxy2.$Proxy56.execute(Unknown Source)
	at com.kms.katalon.core.webui.model.SeleniumActionRetryController.performAction(SeleniumActionRetryController.java:96)
	at com.kms.katalon.core.webui.model.SeleniumActionRetryController.performAction(SeleniumActionRetryController.java:83)
	at com.kms.katalon.core.webui.keyword.internal.WebUIKeywordMain$_runKeywordUntilTimeout_closure1.doCall(WebUIKeywordMain.groovy:135)
	at com.kms.katalon.core.webui.keyword.internal.WebUIKeywordMain$_runKeywordUntilTimeout_closure1.call(WebUIKeywordMain.groovy)
	at com.kms.katalon.core.webui.keyword.internal.WebUIKeywordMain.runKeyword(WebUIKeywordMain.groovy:41)
	at com.kms.katalon.core.webui.keyword.internal.WebUIKeywordMain.runKeywordUntilTimeout(WebUIKeywordMain.groovy:133)
	at com.kms.katalon.core.webui.keyword.builtin.VerifyElementVisibleKeyword.verifyElementVisible(VerifyElementVisibleKeyword.groovy:72)
	at com.kms.katalon.core.webui.keyword.builtin.VerifyElementVisibleKeyword.execute(VerifyElementVisibleKeyword.groovy:37)
	at com.kms.katalon.core.keyword.internal.KeywordExecutor.executeKeywordForPlatform(KeywordExecutor.groovy:95)
	at com.kms.katalon.core.webui.keyword.WebUiBuiltInKeywords.verifyElementVisible(WebUiBuiltInKeywords.groovy:452)
	at Script20260425152000.run(Script20260425152000.groovy:12)
	at com.kms.katalon.core.main.ScriptEngine.run(ScriptEngine.java:194)
	at com.kms.katalon.core.main.ScriptEngine.runScriptAsRawText(ScriptEngine.java:119)
	at com.kms.katalon.core.main.TestCaseExecutor.runScript(TestCaseExecutor.java:502)
	at com.kms.katalon.core.main.TestCaseExecutor.doExecute(TestCaseExecutor.java:493)
	at com.kms.katalon.core.main.TestCaseExecutor.processExecutionPhase(TestCaseExecutor.java:472)
	at com.kms.katalon.core.main.TestCaseExecutor.accessMainPhase(TestCaseExecutor.java:464)
	at com.kms.katalon.core.main.TestCaseExecutor.execute(TestCaseExecutor.java:334)
	at com.kms.katalon.core.common.CommonExecutor.accessTestCaseMainPhase(CommonExecutor.java:71)
	at com.kms.katalon.core.main.TestSuiteExecutor.accessTestSuiteMainPhase(TestSuiteExecutor.java:163)
	at com.kms.katalon.core.main.TestSuiteExecutor.execute(TestSuiteExecutor.java:120)
	at com.kms.katalon.core.main.TestCaseMain.startTestSuite(TestCaseMain.java:205)
	at S0.run(S0.groovy:40)
	at java.base/jdk.internal.reflect.DirectMethodHandleAccessor.invoke(DirectMethodHandleAccessor.java:103)
)
[[ATTACHMENT|D:\\UNI_DOCS\\HK6\\KCPM\\QuanLyBenhVien_KiemThu\\pulse-katalon\\Reports\\20260426_020636\\Baseline\\20260426_020636\\1777144023868.png]]

26-04-2026T02:07:04 - [MESSAGE][FAILED] - Unable to verify object 'testid:login-error' is visible (Root cause: com.kms.katalon.core.exception.StepFailedException: Unable to verify object 'testid:login-error' is visible
	at com.kms.katalon.core.webui.keyword.internal.WebUIKeywordMain.stepFailed(WebUIKeywordMain.groovy:177)
	at com.kms.katalon.core.webui.keyword.internal.WebUIKeywordMain.runKeyword(WebUIKeywordMain.groovy:49)
	at com.kms.katalon.core.webui.keyword.internal.WebUIKeywordMain.runKeywordUntilTimeout(WebUIKeywordMain.groovy:133)
	at com.kms.katalon.core.webui.keyword.builtin.VerifyElementVisibleKeyword.verifyElementVisible(VerifyElementVisibleKeyword.groovy:72)
	at com.kms.katalon.core.webui.keyword.builtin.VerifyElementVisibleKeyword.execute(VerifyElementVisibleKeyword.groovy:37)
	at com.kms.katalon.core.keyword.internal.KeywordExecutor.executeKeywordForPlatform(KeywordExecutor.groovy:95)
	at com.kms.katalon.core.webui.keyword.WebUiBuiltInKeywords.verifyElementVisible(WebUiBuiltInKeywords.groovy:452)
	at Script20260425152000.run(Script20260425152000.groovy:12)
	at com.kms.katalon.core.main.ScriptEngine.run(ScriptEngine.java:194)
	at com.kms.katalon.core.main.ScriptEngine.runScriptAsRawText(ScriptEngine.java:119)
	at com.kms.katalon.core.main.TestCaseExecutor.runScript(TestCaseExecutor.java:502)
	at com.kms.katalon.core.main.TestCaseExecutor.doExecute(TestCaseExecutor.java:493)
	at com.kms.katalon.core.main.TestCaseExecutor.processExecutionPhase(TestCaseExecutor.java:472)
	at com.kms.katalon.core.main.TestCaseExecutor.accessMainPhase(TestCaseExecutor.java:464)
	at com.kms.katalon.core.main.TestCaseExecutor.execute(TestCaseExecutor.java:334)
	at com.kms.katalon.core.common.CommonExecutor.accessTestCaseMainPhase(CommonExecutor.java:71)
	at com.kms.katalon.core.main.TestSuiteExecutor.accessTestSuiteMainPhase(TestSuiteExecutor.java:163)
	at com.kms.katalon.core.main.TestSuiteExecutor.execute(TestSuiteExecutor.java:120)
	at com.kms.katalon.core.main.TestCaseMain.startTestSuite(TestCaseMain.java:205)
	at S0.run(S0.groovy:40)
	at java.base/jdk.internal.reflect.DirectMethodHandleAccessor.invoke(DirectMethodHandleAccessor.java:103)
Caused by: com.kms.katalon.core.exception.StepFailedException: Object 'testid:login-error' is NOT visible
	at com.kms.katalon.core.webui.keyword.internal.WebUIKeywordMain.stepFailed(WebUIKeywordMain.groovy:177)
	at com.kms.katalon.core.webui.keyword.builtin.VerifyElementVisibleKeyword$_verifyElementVisible_closure1.doCall(VerifyElementVisibleKeyword.groovy:58)
	at java.base/jdk.internal.reflect.DirectMethodHandleAccessor.invoke(DirectMethodHandleAccessor.java:103)
	at jdk.proxy2/jdk.proxy2.$Proxy56.execute(Unknown Source)
	at com.kms.katalon.core.webui.model.SeleniumActionRetryController.performAction(SeleniumActionRetryController.java:96)
	at com.kms.katalon.core.webui.model.SeleniumActionRetryController.performAction(SeleniumActionRetryController.java:83)
	at com.kms.katalon.core.webui.keyword.internal.WebUIKeywordMain$_runKeywordUntilTimeout_closure1.doCall(WebUIKeywordMain.groovy:135)
	at com.kms.katalon.core.webui.keyword.internal.WebUIKeywordMain$_runKeywordUntilTimeout_closure1.call(WebUIKeywordMain.groovy)
	at com.kms.katalon.core.webui.keyword.internal.WebUIKeywordMain.runKeyword(WebUIKeywordMain.groovy:41)
	... 19 more
)
[[ATTACHMENT|D:\\UNI_DOCS\\HK6\\KCPM\\QuanLyBenhVien_KiemThu\\pulse-katalon\\Reports\\20260426_020636\\Baseline\\20260426_020636\\1777144023988.png]]

26-04-2026T02:07:04 - [TEST_STEP][PASSED] - Finally: pulseclinic.WebUiKeywords.closeBrowser is PASSED

26-04-2026T02:07:04 - [TEST_STEP][PASSED] - pulseclinic.WebUiKeywords.closeBrowser(): pulseclinic.WebUiKeywords.closeBrowser is PASSED

26-04-2026T02:07:04 - [MESSAGE][PASSED] - Browser is closed

26-04-2026T02:07:04 - [MESSAGE][PASSED] - pulseclinic.WebUiKeywords.closeBrowser is PASSED]]></system-out>
         <system-err><![CDATA[26-04-2026T02:06:58 - [TEST_CASE][FAILED] - Test Cases/Authentication/TC-004-Staff-login-invalid-credentials: Test Cases/Authentication/TC-004-Staff-login-invalid-credentials FAILED.
Reason:
com.kms.katalon.core.exception.StepFailedException: Unable to verify object 'testid:login-error' is visible
	at com.kms.katalon.core.webui.keyword.internal.WebUIKeywordMain.stepFailed(WebUIKeywordMain.groovy:177)
	at com.kms.katalon.core.webui.keyword.internal.WebUIKeywordMain.runKeyword(WebUIKeywordMain.groovy:49)
	at com.kms.katalon.core.webui.keyword.internal.WebUIKeywordMain.runKeywordUntilTimeout(WebUIKeywordMain.groovy:133)
	at com.kms.katalon.core.webui.keyword.builtin.VerifyElementVisibleKeyword.verifyElementVisible(VerifyElementVisibleKeyword.groovy:72)
	at com.kms.katalon.core.webui.keyword.builtin.VerifyElementVisibleKeyword.execute(VerifyElementVisibleKeyword.groovy:37)
	at com.kms.katalon.core.keyword.internal.KeywordExecutor.executeKeywordForPlatform(KeywordExecutor.groovy:95)
	at com.kms.katalon.core.webui.keyword.WebUiBuiltInKeywords.verifyElementVisible(WebUiBuiltInKeywords.groovy:452)
	at Script20260425152000.run(Script20260425152000.groovy:12)
	at com.kms.katalon.core.main.ScriptEngine.run(ScriptEngine.java:194)
	at com.kms.katalon.core.main.ScriptEngine.runScriptAsRawText(ScriptEngine.java:119)
	at com.kms.katalon.core.main.TestCaseExecutor.runScript(TestCaseExecutor.java:502)
	at com.kms.katalon.core.main.TestCaseExecutor.doExecute(TestCaseExecutor.java:493)
	at com.kms.katalon.core.main.TestCaseExecutor.processExecutionPhase(TestCaseExecutor.java:472)
	at com.kms.katalon.core.main.TestCaseExecutor.accessMainPhase(TestCaseExecutor.java:464)
	at com.kms.katalon.core.main.TestCaseExecutor.execute(TestCaseExecutor.java:334)
	at com.kms.katalon.core.common.CommonExecutor.accessTestCaseMainPhase(CommonExecutor.java:71)
	at com.kms.katalon.core.main.TestSuiteExecutor.accessTestSuiteMainPhase(TestSuiteExecutor.java:163)
	at com.kms.katalon.core.main.TestSuiteExecutor.execute(TestSuiteExecutor.java:120)
	at com.kms.katalon.core.main.TestCaseMain.startTestSuite(TestCaseMain.java:205)
	at S0.run(S0.groovy:40)
	at java.base/jdk.internal.reflect.DirectMethodHandleAccessor.invoke(DirectMethodHandleAccessor.java:103)
Caused by: com.kms.katalon.core.exception.StepFailedException: Object 'testid:login-error' is NOT visible
	at com.kms.katalon.core.webui.keyword.internal.WebUIKeywordMain.stepFailed(WebUIKeywordMain.groovy:177)
	at com.kms.katalon.core.webui.keyword.builtin.VerifyElementVisibleKeyword$_verifyElementVisible_closure1.doCall(VerifyElementVisibleKeyword.groovy:58)
	at java.base/jdk.internal.reflect.DirectMethodHandleAccessor.invoke(DirectMethodHandleAccessor.java:103)
	at jdk.proxy2/jdk.proxy2.$Proxy56.execute(Unknown Source)
	at com.kms.katalon.core.webui.model.SeleniumActionRetryController.performAction(SeleniumActionRetryController.java:96)
	at com.kms.katalon.core.webui.model.SeleniumActionRetryController.performAction(SeleniumActionRetryController.java:83)
	at com.kms.katalon.core.webui.keyword.internal.WebUIKeywordMain$_runKeywordUntilTimeout_closure1.doCall(WebUIKeywordMain.groovy:135)
	at com.kms.katalon.core.webui.keyword.internal.WebUIKeywordMain$_runKeywordUntilTimeout_closure1.call(WebUIKeywordMain.groovy)
	at com.kms.katalon.core.webui.keyword.internal.WebUIKeywordMain.runKeyword(WebUIKeywordMain.groovy:41)
	... 19 more]]></system-err>
      </testcase>
      <testcase name="Test Cases/Authentication/TC-005-Staff-login-success-dashboard" time="15.943" classname="Test Cases/Authentication/TC-005-Staff-login-success-dashboard" status="FAILED">
         <failure type="FAILED" message="Test Cases/Authentication/TC-005-Staff-login-success-dashboard FAILED.&#xa;Reason:&#xa;com.kms.katalon.core.exception.StepFailedException: Expected URL to contain '/dashboard', actual URL: http://staff.localhost:3000/home&#xa;	at com.kms.katalon.core.util.KeywordUtil.markFailedAndStop(KeywordUtil.java:30)&#xa;	at pulseclinic.WebUiKeywords.verifyUrlContains(WebUiKeywords.groovy:75)&#xa;	at java.base/jdk.internal.reflect.DirectMethodHandleAccessor.invoke(DirectMethodHandleAccessor.java:103)&#xa;	at pulseclinic.WebUiKeywords.loginWithCredentials(WebUiKeywords.groovy:85)&#xa;	at java.base/jdk.internal.reflect.DirectMethodHandleAccessor.invoke(DirectMethodHandleAccessor.java:103)&#xa;	at com.kms.katalon.core.main.CustomKeywordDelegatingMetaClass.invokeStaticMethod(CustomKeywordDelegatingMetaClass.java:55)&#xa;	at Script20260425152000.run(Script20260425152000.groovy:9)&#xa;	at com.kms.katalon.core.main.ScriptEngine.run(ScriptEngine.java:194)&#xa;	at com.kms.katalon.core.main.ScriptEngine.runScriptAsRawText(ScriptEngine.java:119)&#xa;	at com.kms.katalon.core.main.TestCaseExecutor.runScript(TestCaseExecutor.java:502)&#xa;	at com.kms.katalon.core.main.TestCaseExecutor.doExecute(TestCaseExecutor.java:493)&#xa;	at com.kms.katalon.core.main.TestCaseExecutor.processExecutionPhase(TestCaseExecutor.java:472)&#xa;	at com.kms.katalon.core.main.TestCaseExecutor.accessMainPhase(TestCaseExecutor.java:464)&#xa;	at com.kms.katalon.core.main.TestCaseExecutor.execute(TestCaseExecutor.java:334)&#xa;	at com.kms.katalon.core.common.CommonExecutor.accessTestCaseMainPhase(CommonExecutor.java:71)&#xa;	at com.kms.katalon.core.main.TestSuiteExecutor.accessTestSuiteMainPhase(TestSuiteExecutor.java:163)&#xa;	at com.kms.katalon.core.main.TestSuiteExecutor.execute(TestSuiteExecutor.java:120)&#xa;	at com.kms.katalon.core.main.TestCaseMain.startTestSuite(TestCaseMain.java:205)&#xa;	at S0.run(S0.groovy:40)&#xa;	at java.base/jdk.internal.reflect.DirectMethodHandleAccessor.invoke(DirectMethodHandleAccessor.java:103)&#xa;"/>
         <system-out><![CDATA[26-04-2026T02:07:04 - [TEST_CASE][FAILED] - Test Cases/Authentication/TC-005-Staff-login-success-dashboard: Test Cases/Authentication/TC-005-Staff-login-success-dashboard FAILED.
Reason:
com.kms.katalon.core.exception.StepFailedException: Expected URL to contain '/dashboard', actual URL: http://staff.localhost:3000/home
	at com.kms.katalon.core.util.KeywordUtil.markFailedAndStop(KeywordUtil.java:30)
	at pulseclinic.WebUiKeywords.verifyUrlContains(WebUiKeywords.groovy:75)
	at java.base/jdk.internal.reflect.DirectMethodHandleAccessor.invoke(DirectMethodHandleAccessor.java:103)
	at pulseclinic.WebUiKeywords.loginWithCredentials(WebUiKeywords.groovy:85)
	at java.base/jdk.internal.reflect.DirectMethodHandleAccessor.invoke(DirectMethodHandleAccessor.java:103)
	at com.kms.katalon.core.main.CustomKeywordDelegatingMetaClass.invokeStaticMethod(CustomKeywordDelegatingMetaClass.java:55)
	at Script20260425152000.run(Script20260425152000.groovy:9)
	at com.kms.katalon.core.main.ScriptEngine.run(ScriptEngine.java:194)
	at com.kms.katalon.core.main.ScriptEngine.runScriptAsRawText(ScriptEngine.java:119)
	at com.kms.katalon.core.main.TestCaseExecutor.runScript(TestCaseExecutor.java:502)
	at com.kms.katalon.core.main.TestCaseExecutor.doExecute(TestCaseExecutor.java:493)
	at com.kms.katalon.core.main.TestCaseExecutor.processExecutionPhase(TestCaseExecutor.java:472)
	at com.kms.katalon.core.main.TestCaseExecutor.accessMainPhase(TestCaseExecutor.java:464)
	at com.kms.katalon.core.main.TestCaseExecutor.execute(TestCaseExecutor.java:334)
	at com.kms.katalon.core.common.CommonExecutor.accessTestCaseMainPhase(CommonExecutor.java:71)
	at com.kms.katalon.core.main.TestSuiteExecutor.accessTestSuiteMainPhase(TestSuiteExecutor.java:163)
	at com.kms.katalon.core.main.TestSuiteExecutor.execute(TestSuiteExecutor.java:120)
	at com.kms.katalon.core.main.TestCaseMain.startTestSuite(TestCaseMain.java:205)
	at S0.run(S0.groovy:40)
	at java.base/jdk.internal.reflect.DirectMethodHandleAccessor.invoke(DirectMethodHandleAccessor.java:103)


26-04-2026T02:07:04 - [TEST_STEP][FAILED] - try: Expected URL to contain '/dashboard', actual URL: http://staff.localhost:3000/home

26-04-2026T02:07:04 - [TEST_STEP][FAILED] - pulseclinic.WebUiKeywords.loginWithCredentials(staffBaseUrl + "/login", staffEmail, staffPassword, "/dashboard"): Expected URL to contain '/dashboard', actual URL: http://staff.localhost:3000/home

26-04-2026T02:07:04 - [MESSAGE][INFO] - Starting 'Edge Chromium' driver

26-04-2026T02:07:04 - [MESSAGE][INFO] - Action delay is set to 0 milliseconds

26-04-2026T02:07:06 - [MESSAGE][PASSED] - Browser is opened with url: ''

26-04-2026T02:07:06 - [MESSAGE][PASSED] - Current window maximized

26-04-2026T02:07:06 - [MESSAGE][PASSED] - Navigate to 'http://staff.localhost:3000/login' successfully

26-04-2026T02:07:06 - [MESSAGE][PASSED] - Wait for page load successfully

26-04-2026T02:07:07 - [MESSAGE][PASSED] - Object 'testid:login-email-input' is visible

26-04-2026T02:07:08 - [MESSAGE][PASSED] - Text 'pharmacist1@hospital.com' is set on object 'testid:login-email-input'

26-04-2026T02:07:08 - [MESSAGE][PASSED] - Object 'testid:login-password-input' is visible

26-04-2026T02:07:09 - [MESSAGE][PASSED] - Text 'password123' is set on object 'testid:login-password-input'

26-04-2026T02:07:09 - [MESSAGE][PASSED] - Object 'testid:login-submit-button' is clickable

26-04-2026T02:07:09 - [MESSAGE][PASSED] - Object: 'testid:login-submit-button' is clicked on

26-04-2026T02:07:09 - [MESSAGE][PASSED] - Current window's url is: 'http://staff.localhost:3000/login'

26-04-2026T02:07:10 - [MESSAGE][PASSED] - Delayed 1 second(s)

26-04-2026T02:07:10 - [MESSAGE][PASSED] - Current window's url is: 'http://staff.localhost:3000/home'

26-04-2026T02:07:11 - [MESSAGE][PASSED] - Delayed 1 second(s)

26-04-2026T02:07:11 - [MESSAGE][PASSED] - Current window's url is: 'http://staff.localhost:3000/home'

26-04-2026T02:07:12 - [MESSAGE][PASSED] - Delayed 1 second(s)

26-04-2026T02:07:12 - [MESSAGE][PASSED] - Current window's url is: 'http://staff.localhost:3000/home'

26-04-2026T02:07:13 - [MESSAGE][PASSED] - Delayed 1 second(s)

26-04-2026T02:07:13 - [MESSAGE][PASSED] - Current window's url is: 'http://staff.localhost:3000/home'

26-04-2026T02:07:14 - [MESSAGE][PASSED] - Delayed 1 second(s)

26-04-2026T02:07:14 - [MESSAGE][PASSED] - Current window's url is: 'http://staff.localhost:3000/home'

26-04-2026T02:07:15 - [MESSAGE][PASSED] - Delayed 1 second(s)

26-04-2026T02:07:15 - [MESSAGE][PASSED] - Current window's url is: 'http://staff.localhost:3000/home'

26-04-2026T02:07:16 - [MESSAGE][PASSED] - Delayed 1 second(s)

26-04-2026T02:07:16 - [MESSAGE][PASSED] - Current window's url is: 'http://staff.localhost:3000/home'

26-04-2026T02:07:17 - [MESSAGE][PASSED] - Delayed 1 second(s)

26-04-2026T02:07:17 - [MESSAGE][PASSED] - Current window's url is: 'http://staff.localhost:3000/home'

26-04-2026T02:07:18 - [MESSAGE][PASSED] - Delayed 1 second(s)

26-04-2026T02:07:18 - [MESSAGE][PASSED] - Current window's url is: 'http://staff.localhost:3000/home'

26-04-2026T02:07:19 - [MESSAGE][PASSED] - Delayed 1 second(s)

26-04-2026T02:07:20 - [MESSAGE][PASSED] - Current window's url is: 'http://staff.localhost:3000/home'

26-04-2026T02:07:20 - [MESSAGE][FAILED] - Expected URL to contain '/dashboard', actual URL: http://staff.localhost:3000/home

26-04-2026T02:07:20 - [TEST_STEP][PASSED] - Finally: pulseclinic.WebUiKeywords.closeBrowser is PASSED

26-04-2026T02:07:20 - [TEST_STEP][PASSED] - pulseclinic.WebUiKeywords.closeBrowser(): pulseclinic.WebUiKeywords.closeBrowser is PASSED

26-04-2026T02:07:20 - [MESSAGE][PASSED] - Browser is closed

26-04-2026T02:07:20 - [MESSAGE][PASSED] - pulseclinic.WebUiKeywords.closeBrowser is PASSED]]></system-out>
         <system-err><![CDATA[26-04-2026T02:07:04 - [TEST_CASE][FAILED] - Test Cases/Authentication/TC-005-Staff-login-success-dashboard: Test Cases/Authentication/TC-005-Staff-login-success-dashboard FAILED.
Reason:
com.kms.katalon.core.exception.StepFailedException: Expected URL to contain '/dashboard', actual URL: http://staff.localhost:3000/home
	at com.kms.katalon.core.util.KeywordUtil.markFailedAndStop(KeywordUtil.java:30)
	at pulseclinic.WebUiKeywords.verifyUrlContains(WebUiKeywords.groovy:75)
	at java.base/jdk.internal.reflect.DirectMethodHandleAccessor.invoke(DirectMethodHandleAccessor.java:103)
	at pulseclinic.WebUiKeywords.loginWithCredentials(WebUiKeywords.groovy:85)
	at java.base/jdk.internal.reflect.DirectMethodHandleAccessor.invoke(DirectMethodHandleAccessor.java:103)
	at com.kms.katalon.core.main.CustomKeywordDelegatingMetaClass.invokeStaticMethod(CustomKeywordDelegatingMetaClass.java:55)
	at Script20260425152000.run(Script20260425152000.groovy:9)
	at com.kms.katalon.core.main.ScriptEngine.run(ScriptEngine.java:194)
	at com.kms.katalon.core.main.ScriptEngine.runScriptAsRawText(ScriptEngine.java:119)
	at com.kms.katalon.core.main.TestCaseExecutor.runScript(TestCaseExecutor.java:502)
	at com.kms.katalon.core.main.TestCaseExecutor.doExecute(TestCaseExecutor.java:493)
	at com.kms.katalon.core.main.TestCaseExecutor.processExecutionPhase(TestCaseExecutor.java:472)
	at com.kms.katalon.core.main.TestCaseExecutor.accessMainPhase(TestCaseExecutor.java:464)
	at com.kms.katalon.core.main.TestCaseExecutor.execute(TestCaseExecutor.java:334)
	at com.kms.katalon.core.common.CommonExecutor.accessTestCaseMainPhase(CommonExecutor.java:71)
	at com.kms.katalon.core.main.TestSuiteExecutor.accessTestSuiteMainPhase(TestSuiteExecutor.java:163)
	at com.kms.katalon.core.main.TestSuiteExecutor.execute(TestSuiteExecutor.java:120)
	at com.kms.katalon.core.main.TestCaseMain.startTestSuite(TestCaseMain.java:205)
	at S0.run(S0.groovy:40)
	at java.base/jdk.internal.reflect.DirectMethodHandleAccessor.invoke(DirectMethodHandleAccessor.java:103)]]></system-err>
      </testcase>
      <testcase name="Test Cases/Authentication/TC-006-Doctor-login-success-schedule" time="5.79" classname="Test Cases/Authentication/TC-006-Doctor-login-success-schedule" status="PASSED">
         <system-out><![CDATA[26-04-2026T02:07:20 - [TEST_CASE][PASSED] - Test Cases/Authentication/TC-006-Doctor-login-success-schedule: Test Cases/Authentication/TC-006-Doctor-login-success-schedule

26-04-2026T02:07:20 - [TEST_STEP][PASSED] - try: pulseclinic.WebUiKeywords.loginAsDoctor is PASSED

26-04-2026T02:07:20 - [TEST_STEP][PASSED] - pulseclinic.WebUiKeywords.loginAsDoctor(): pulseclinic.WebUiKeywords.loginAsDoctor is PASSED

26-04-2026T02:07:20 - [MESSAGE][INFO] - Starting 'Edge Chromium' driver

26-04-2026T02:07:20 - [MESSAGE][INFO] - Action delay is set to 0 milliseconds

26-04-2026T02:07:21 - [MESSAGE][PASSED] - Browser is opened with url: ''

26-04-2026T02:07:21 - [MESSAGE][PASSED] - Current window maximized

26-04-2026T02:07:21 - [MESSAGE][PASSED] - Navigate to 'http://doctor.localhost:3000/login' successfully

26-04-2026T02:07:21 - [MESSAGE][PASSED] - Wait for page load successfully

26-04-2026T02:07:22 - [MESSAGE][PASSED] - Object 'testid:login-email-input' is visible

26-04-2026T02:07:23 - [MESSAGE][PASSED] - Text 'admin.doctor@hospital.com' is set on object 'testid:login-email-input'

26-04-2026T02:07:23 - [MESSAGE][PASSED] - Object 'testid:login-password-input' is visible

26-04-2026T02:07:24 - [MESSAGE][PASSED] - Text 'password123' is set on object 'testid:login-password-input'

26-04-2026T02:07:24 - [MESSAGE][PASSED] - Object 'testid:login-submit-button' is clickable

26-04-2026T02:07:24 - [MESSAGE][PASSED] - Object: 'testid:login-submit-button' is clicked on

26-04-2026T02:07:24 - [MESSAGE][PASSED] - Current window's url is: 'http://doctor.localhost:3000/login'

26-04-2026T02:07:25 - [MESSAGE][PASSED] - Delayed 1 second(s)

26-04-2026T02:07:25 - [MESSAGE][PASSED] - Current window's url is: 'http://doctor.localhost:3000/schedule'

26-04-2026T02:07:25 - [MESSAGE][PASSED] - pulseclinic.WebUiKeywords.loginAsDoctor is PASSED

26-04-2026T02:07:25 - [TEST_STEP][PASSED] - Finally: pulseclinic.WebUiKeywords.closeBrowser is PASSED

26-04-2026T02:07:25 - [TEST_STEP][PASSED] - pulseclinic.WebUiKeywords.closeBrowser(): pulseclinic.WebUiKeywords.closeBrowser is PASSED

26-04-2026T02:07:26 - [MESSAGE][PASSED] - Browser is closed

26-04-2026T02:07:26 - [MESSAGE][PASSED] - pulseclinic.WebUiKeywords.closeBrowser is PASSED]]></system-out>
         <system-err><![CDATA[]]></system-err>
      </testcase>
      <testcase name="Test Cases/Authentication/TC-007-Patient-login-success-dashboard" time="6.11" classname="Test Cases/Authentication/TC-007-Patient-login-success-dashboard" status="PASSED">
         <system-out><![CDATA[26-04-2026T02:07:26 - [TEST_CASE][PASSED] - Test Cases/Authentication/TC-007-Patient-login-success-dashboard: Test Cases/Authentication/TC-007-Patient-login-success-dashboard

26-04-2026T02:07:26 - [TEST_STEP][PASSED] - try: pulseclinic.WebUiKeywords.loginAsPatient is PASSED

26-04-2026T02:07:26 - [TEST_STEP][PASSED] - pulseclinic.WebUiKeywords.loginAsPatient(): pulseclinic.WebUiKeywords.loginAsPatient is PASSED

26-04-2026T02:07:26 - [MESSAGE][INFO] - Starting 'Edge Chromium' driver

26-04-2026T02:07:26 - [MESSAGE][INFO] - Action delay is set to 0 milliseconds

26-04-2026T02:07:27 - [MESSAGE][PASSED] - Browser is opened with url: ''

26-04-2026T02:07:27 - [MESSAGE][PASSED] - Current window maximized

26-04-2026T02:07:27 - [MESSAGE][PASSED] - Navigate to 'http://localhost:3000/login' successfully

26-04-2026T02:07:27 - [MESSAGE][PASSED] - Wait for page load successfully

26-04-2026T02:07:28 - [MESSAGE][PASSED] - Object 'testid:login-email-input' is visible

26-04-2026T02:07:29 - [MESSAGE][PASSED] - Text 'patient1@example.com' is set on object 'testid:login-email-input'

26-04-2026T02:07:29 - [MESSAGE][PASSED] - Object 'testid:login-password-input' is visible

26-04-2026T02:07:30 - [MESSAGE][PASSED] - Text 'password123' is set on object 'testid:login-password-input'

26-04-2026T02:07:30 - [MESSAGE][PASSED] - Object 'testid:login-submit-button' is clickable

26-04-2026T02:07:30 - [MESSAGE][PASSED] - Object: 'testid:login-submit-button' is clicked on

26-04-2026T02:07:30 - [MESSAGE][PASSED] - Current window's url is: 'http://localhost:3000/login'

26-04-2026T02:07:31 - [MESSAGE][PASSED] - Delayed 1 second(s)

26-04-2026T02:07:31 - [MESSAGE][PASSED] - Current window's url is: 'http://localhost:3000/dashboard'

26-04-2026T02:07:31 - [MESSAGE][PASSED] - pulseclinic.WebUiKeywords.loginAsPatient is PASSED

26-04-2026T02:07:31 - [TEST_STEP][PASSED] - Finally: pulseclinic.WebUiKeywords.closeBrowser is PASSED

26-04-2026T02:07:31 - [TEST_STEP][PASSED] - pulseclinic.WebUiKeywords.closeBrowser(): pulseclinic.WebUiKeywords.closeBrowser is PASSED

26-04-2026T02:07:32 - [MESSAGE][PASSED] - Browser is closed

26-04-2026T02:07:32 - [MESSAGE][PASSED] - pulseclinic.WebUiKeywords.closeBrowser is PASSED]]></system-out>
         <system-err><![CDATA[]]></system-err>
      </testcase>
      <testcase name="Test Cases/StaffTables/TC-008-Patient-profile-table" time="7.687" classname="Test Cases/StaffTables/TC-008-Patient-profile-table" status="PASSED">
         <system-out><![CDATA[26-04-2026T02:07:32 - [TEST_CASE][PASSED] - Test Cases/StaffTables/TC-008-Patient-profile-table: Test Cases/StaffTables/TC-008-Patient-profile-table

26-04-2026T02:07:32 - [TEST_STEP][PASSED] - try: pulseclinic.WebUiKeywords.verifyRowsOrEmptyState is PASSED

26-04-2026T02:07:32 - [TEST_STEP][PASSED] - pulseclinic.WebUiKeywords.loginAsStaff(): pulseclinic.WebUiKeywords.loginAsStaff is PASSED

26-04-2026T02:07:32 - [MESSAGE][INFO] - Starting 'Edge Chromium' driver

26-04-2026T02:07:32 - [MESSAGE][INFO] - Action delay is set to 0 milliseconds

26-04-2026T02:07:33 - [MESSAGE][PASSED] - Browser is opened with url: ''

26-04-2026T02:07:33 - [MESSAGE][PASSED] - Current window maximized

26-04-2026T02:07:33 - [MESSAGE][PASSED] - Navigate to 'http://staff.localhost:3000/login' successfully

26-04-2026T02:07:34 - [MESSAGE][PASSED] - Wait for page load successfully

26-04-2026T02:07:34 - [MESSAGE][PASSED] - Object 'testid:login-email-input' is visible

26-04-2026T02:07:35 - [MESSAGE][PASSED] - Text 'pharmacist1@hospital.com' is set on object 'testid:login-email-input'

26-04-2026T02:07:35 - [MESSAGE][PASSED] - Object 'testid:login-password-input' is visible

26-04-2026T02:07:36 - [MESSAGE][PASSED] - Text 'password123' is set on object 'testid:login-password-input'

26-04-2026T02:07:36 - [MESSAGE][PASSED] - Object 'testid:login-submit-button' is clickable

26-04-2026T02:07:37 - [MESSAGE][PASSED] - Object: 'testid:login-submit-button' is clicked on

26-04-2026T02:07:37 - [MESSAGE][PASSED] - Current window's url is: 'http://staff.localhost:3000/login'

26-04-2026T02:07:38 - [MESSAGE][PASSED] - Delayed 1 second(s)

26-04-2026T02:07:38 - [MESSAGE][PASSED] - Current window's url is: 'http://staff.localhost:3000/home'

26-04-2026T02:07:38 - [MESSAGE][PASSED] - pulseclinic.WebUiKeywords.loginAsStaff is PASSED

26-04-2026T02:07:38 - [TEST_STEP][PASSED] - navigateToUrl(staffBaseUrl + "/patients"): Navigate to 'http://staff.localhost:3000/patients' successfully

26-04-2026T02:07:38 - [MESSAGE][PASSED] - Navigate to 'http://staff.localhost:3000/patients' successfully

26-04-2026T02:07:38 - [TEST_STEP][PASSED] - pulseclinic.WebUiKeywords.verifyRowsOrEmptyState(): pulseclinic.WebUiKeywords.verifyRowsOrEmptyState is PASSED

26-04-2026T02:07:39 - [MESSAGE][PASSED] - Object 'testid:data-table' is present

26-04-2026T02:07:39 - [MESSAGE][PASSED] - Object 'testid:data-table' is present

26-04-2026T02:07:39 - [MESSAGE][PASSED] - Execute JavaScript 'return document.querySelectorAll('[data-testid="data-table-row"]').length' successfully

26-04-2026T02:07:39 - [MESSAGE][PASSED] - pulseclinic.WebUiKeywords.verifyRowsOrEmptyState is PASSED

26-04-2026T02:07:39 - [TEST_STEP][PASSED] - Finally: pulseclinic.WebUiKeywords.closeBrowser is PASSED

26-04-2026T02:07:39 - [TEST_STEP][PASSED] - pulseclinic.WebUiKeywords.closeBrowser(): pulseclinic.WebUiKeywords.closeBrowser is PASSED

26-04-2026T02:07:39 - [MESSAGE][PASSED] - Browser is closed

26-04-2026T02:07:39 - [MESSAGE][PASSED] - pulseclinic.WebUiKeywords.closeBrowser is PASSED]]></system-out>
         <system-err><![CDATA[]]></system-err>
      </testcase>
      <testcase name="Test Cases/StaffTables/TC-009-Patient-search" time="9.119" classname="Test Cases/StaffTables/TC-009-Patient-search" status="FAILED">
         <failure type="FAILED" message="Test Cases/StaffTables/TC-009-Patient-search FAILED.&#xa;Reason:&#xa;com.kms.katalon.core.exception.StepFailedException: Unable to verify text 'John Patient' is present &#xa;	at com.kms.katalon.core.webui.keyword.internal.WebUIKeywordMain.stepFailed(WebUIKeywordMain.groovy:177)&#xa;	at com.kms.katalon.core.webui.keyword.internal.WebUIKeywordMain.runKeyword(WebUIKeywordMain.groovy:49)&#xa;	at com.kms.katalon.core.webui.keyword.builtin.VerifyTextPresentKeyword.verifyTextPresent(VerifyTextPresentKeyword.groovy:83)&#xa;	at com.kms.katalon.core.webui.keyword.builtin.VerifyTextPresentKeyword.execute(VerifyTextPresentKeyword.groovy:68)&#xa;	at com.kms.katalon.core.keyword.internal.KeywordExecutor.executeKeywordForPlatform(KeywordExecutor.groovy:95)&#xa;	at com.kms.katalon.core.webui.keyword.WebUiBuiltInKeywords.verifyTextPresent(WebUiBuiltInKeywords.groovy:1808)&#xa;	at pulseclinic.WebUiKeywords.verifyTextPresent(WebUiKeywords.groovy:60)&#xa;	at java.base/jdk.internal.reflect.DirectMethodHandleAccessor.invoke(DirectMethodHandleAccessor.java:103)&#xa;	at com.kms.katalon.core.main.CustomKeywordDelegatingMetaClass.invokeStaticMethod(CustomKeywordDelegatingMetaClass.java:55)&#xa;	at Script20260425152000.run(Script20260425152000.groovy:9)&#xa;	at com.kms.katalon.core.main.ScriptEngine.run(ScriptEngine.java:194)&#xa;	at com.kms.katalon.core.main.ScriptEngine.runScriptAsRawText(ScriptEngine.java:119)&#xa;	at com.kms.katalon.core.main.TestCaseExecutor.runScript(TestCaseExecutor.java:502)&#xa;	at com.kms.katalon.core.main.TestCaseExecutor.doExecute(TestCaseExecutor.java:493)&#xa;	at com.kms.katalon.core.main.TestCaseExecutor.processExecutionPhase(TestCaseExecutor.java:472)&#xa;	at com.kms.katalon.core.main.TestCaseExecutor.accessMainPhase(TestCaseExecutor.java:464)&#xa;	at com.kms.katalon.core.main.TestCaseExecutor.execute(TestCaseExecutor.java:334)&#xa;	at com.kms.katalon.core.common.CommonExecutor.accessTestCaseMainPhase(CommonExecutor.java:71)&#xa;	at com.kms.katalon.core.main.TestSuiteExecutor.accessTestSuiteMainPhase(TestSuiteExecutor.java:163)&#xa;	at com.kms.katalon.core.main.TestSuiteExecutor.execute(TestSuiteExecutor.java:120)&#xa;	at com.kms.katalon.core.main.TestCaseMain.startTestSuite(TestCaseMain.java:205)&#xa;	at S0.run(S0.groovy:40)&#xa;	at java.base/jdk.internal.reflect.DirectMethodHandleAccessor.invoke(DirectMethodHandleAccessor.java:103)&#xa;Caused by: com.kms.katalon.core.exception.StepFailedException: Text 'John Patient' is not present on page &#xa;	at com.kms.katalon.core.webui.keyword.internal.WebUIKeywordMain.stepFailed(WebUIKeywordMain.groovy:177)&#xa;	at com.kms.katalon.core.webui.keyword.builtin.VerifyTextPresentKeyword$_verifyTextPresent_closure1.doCall(VerifyTextPresentKeyword.groovy:79)&#xa;	at com.kms.katalon.core.webui.keyword.builtin.VerifyTextPresentKeyword$_verifyTextPresent_closure1.call(VerifyTextPresentKeyword.groovy)&#xa;	at com.kms.katalon.core.webui.keyword.internal.WebUIKeywordMain.runKeyword(WebUIKeywordMain.groovy:41)&#xa;	... 21 more&#xa;"/>
         <system-out><![CDATA[26-04-2026T02:07:39 - [TEST_CASE][FAILED] - Test Cases/StaffTables/TC-009-Patient-search: Test Cases/StaffTables/TC-009-Patient-search FAILED.
Reason:
com.kms.katalon.core.exception.StepFailedException: Unable to verify text 'John Patient' is present 
	at com.kms.katalon.core.webui.keyword.internal.WebUIKeywordMain.stepFailed(WebUIKeywordMain.groovy:177)
	at com.kms.katalon.core.webui.keyword.internal.WebUIKeywordMain.runKeyword(WebUIKeywordMain.groovy:49)
	at com.kms.katalon.core.webui.keyword.builtin.VerifyTextPresentKeyword.verifyTextPresent(VerifyTextPresentKeyword.groovy:83)
	at com.kms.katalon.core.webui.keyword.builtin.VerifyTextPresentKeyword.execute(VerifyTextPresentKeyword.groovy:68)
	at com.kms.katalon.core.keyword.internal.KeywordExecutor.executeKeywordForPlatform(KeywordExecutor.groovy:95)
	at com.kms.katalon.core.webui.keyword.WebUiBuiltInKeywords.verifyTextPresent(WebUiBuiltInKeywords.groovy:1808)
	at pulseclinic.WebUiKeywords.verifyTextPresent(WebUiKeywords.groovy:60)
	at java.base/jdk.internal.reflect.DirectMethodHandleAccessor.invoke(DirectMethodHandleAccessor.java:103)
	at com.kms.katalon.core.main.CustomKeywordDelegatingMetaClass.invokeStaticMethod(CustomKeywordDelegatingMetaClass.java:55)
	at Script20260425152000.run(Script20260425152000.groovy:9)
	at com.kms.katalon.core.main.ScriptEngine.run(ScriptEngine.java:194)
	at com.kms.katalon.core.main.ScriptEngine.runScriptAsRawText(ScriptEngine.java:119)
	at com.kms.katalon.core.main.TestCaseExecutor.runScript(TestCaseExecutor.java:502)
	at com.kms.katalon.core.main.TestCaseExecutor.doExecute(TestCaseExecutor.java:493)
	at com.kms.katalon.core.main.TestCaseExecutor.processExecutionPhase(TestCaseExecutor.java:472)
	at com.kms.katalon.core.main.TestCaseExecutor.accessMainPhase(TestCaseExecutor.java:464)
	at com.kms.katalon.core.main.TestCaseExecutor.execute(TestCaseExecutor.java:334)
	at com.kms.katalon.core.common.CommonExecutor.accessTestCaseMainPhase(CommonExecutor.java:71)
	at com.kms.katalon.core.main.TestSuiteExecutor.accessTestSuiteMainPhase(TestSuiteExecutor.java:163)
	at com.kms.katalon.core.main.TestSuiteExecutor.execute(TestSuiteExecutor.java:120)
	at com.kms.katalon.core.main.TestCaseMain.startTestSuite(TestCaseMain.java:205)
	at S0.run(S0.groovy:40)
	at java.base/jdk.internal.reflect.DirectMethodHandleAccessor.invoke(DirectMethodHandleAccessor.java:103)
Caused by: com.kms.katalon.core.exception.StepFailedException: Text 'John Patient' is not present on page 
	at com.kms.katalon.core.webui.keyword.internal.WebUIKeywordMain.stepFailed(WebUIKeywordMain.groovy:177)
	at com.kms.katalon.core.webui.keyword.builtin.VerifyTextPresentKeyword$_verifyTextPresent_closure1.doCall(VerifyTextPresentKeyword.groovy:79)
	at com.kms.katalon.core.webui.keyword.builtin.VerifyTextPresentKeyword$_verifyTextPresent_closure1.call(VerifyTextPresentKeyword.groovy)
	at com.kms.katalon.core.webui.keyword.internal.WebUIKeywordMain.runKeyword(WebUIKeywordMain.groovy:41)
	... 21 more


26-04-2026T02:07:39 - [TEST_STEP][FAILED] - try: Unable to verify text 'John Patient' is present 
com.kms.katalon.core.exception.StepFailedException: Text 'John Patient' is not present on page 

26-04-2026T02:07:39 - [TEST_STEP][PASSED] - pulseclinic.WebUiKeywords.loginAsStaff(): pulseclinic.WebUiKeywords.loginAsStaff is PASSED

26-04-2026T02:07:39 - [MESSAGE][INFO] - Starting 'Edge Chromium' driver

26-04-2026T02:07:39 - [MESSAGE][INFO] - Action delay is set to 0 milliseconds

26-04-2026T02:07:41 - [MESSAGE][PASSED] - Browser is opened with url: ''

26-04-2026T02:07:41 - [MESSAGE][PASSED] - Current window maximized

26-04-2026T02:07:41 - [MESSAGE][PASSED] - Navigate to 'http://staff.localhost:3000/login' successfully

26-04-2026T02:07:41 - [MESSAGE][PASSED] - Wait for page load successfully

26-04-2026T02:07:42 - [MESSAGE][PASSED] - Object 'testid:login-email-input' is visible

26-04-2026T02:07:42 - [MESSAGE][PASSED] - Text 'pharmacist1@hospital.com' is set on object 'testid:login-email-input'

26-04-2026T02:07:43 - [MESSAGE][PASSED] - Object 'testid:login-password-input' is visible

26-04-2026T02:07:43 - [MESSAGE][PASSED] - Text 'password123' is set on object 'testid:login-password-input'

26-04-2026T02:07:44 - [MESSAGE][PASSED] - Object 'testid:login-submit-button' is clickable

26-04-2026T02:07:44 - [MESSAGE][PASSED] - Object: 'testid:login-submit-button' is clicked on

26-04-2026T02:07:44 - [MESSAGE][PASSED] - Current window's url is: 'http://staff.localhost:3000/login'

26-04-2026T02:07:45 - [MESSAGE][PASSED] - Delayed 1 second(s)

26-04-2026T02:07:45 - [MESSAGE][PASSED] - Current window's url is: 'http://staff.localhost:3000/home'

26-04-2026T02:07:45 - [MESSAGE][PASSED] - pulseclinic.WebUiKeywords.loginAsStaff is PASSED

26-04-2026T02:07:45 - [TEST_STEP][PASSED] - navigateToUrl(staffBaseUrl + "/patients"): Navigate to 'http://staff.localhost:3000/patients' successfully

26-04-2026T02:07:45 - [MESSAGE][PASSED] - Navigate to 'http://staff.localhost:3000/patients' successfully

26-04-2026T02:07:45 - [TEST_STEP][PASSED] - pulseclinic.WebUiKeywords.searchToolbar(patientSearchTerm): pulseclinic.WebUiKeywords.searchToolbar is PASSED

26-04-2026T02:07:46 - [MESSAGE][PASSED] - Object 'testid:toolbar-search-input' is visible

26-04-2026T02:07:47 - [MESSAGE][PASSED] - Text 'John Patient' is set on object 'testid:toolbar-search-input'

26-04-2026T02:07:48 - [MESSAGE][PASSED] - Delayed 1 second(s)

26-04-2026T02:07:48 - [MESSAGE][PASSED] - pulseclinic.WebUiKeywords.searchToolbar is PASSED

26-04-2026T02:07:48 - [TEST_STEP][FAILED] - pulseclinic.WebUiKeywords.verifyTextPresent(patientSearchTerm): Unable to verify text 'John Patient' is present 
com.kms.katalon.core.exception.StepFailedException: Text 'John Patient' is not present on page 

26-04-2026T02:07:48 - [MESSAGE][FAILED] - Text 'John Patient' is not present on page  (Root cause: com.kms.katalon.core.exception.StepFailedException: Text 'John Patient' is not present on page 
	at com.kms.katalon.core.webui.keyword.internal.WebUIKeywordMain.stepFailed(WebUIKeywordMain.groovy:177)
	at com.kms.katalon.core.webui.keyword.builtin.VerifyTextPresentKeyword$_verifyTextPresent_closure1.doCall(VerifyTextPresentKeyword.groovy:79)
	at com.kms.katalon.core.webui.keyword.builtin.VerifyTextPresentKeyword$_verifyTextPresent_closure1.call(VerifyTextPresentKeyword.groovy)
	at com.kms.katalon.core.webui.keyword.internal.WebUIKeywordMain.runKeyword(WebUIKeywordMain.groovy:41)
	at com.kms.katalon.core.webui.keyword.builtin.VerifyTextPresentKeyword.verifyTextPresent(VerifyTextPresentKeyword.groovy:83)
	at com.kms.katalon.core.webui.keyword.builtin.VerifyTextPresentKeyword.execute(VerifyTextPresentKeyword.groovy:68)
	at com.kms.katalon.core.keyword.internal.KeywordExecutor.executeKeywordForPlatform(KeywordExecutor.groovy:95)
	at com.kms.katalon.core.webui.keyword.WebUiBuiltInKeywords.verifyTextPresent(WebUiBuiltInKeywords.groovy:1808)
	at pulseclinic.WebUiKeywords.verifyTextPresent(WebUiKeywords.groovy:60)
	at java.base/jdk.internal.reflect.DirectMethodHandleAccessor.invoke(DirectMethodHandleAccessor.java:103)
	at com.kms.katalon.core.main.CustomKeywordDelegatingMetaClass.invokeStaticMethod(CustomKeywordDelegatingMetaClass.java:55)
	at Script20260425152000.run(Script20260425152000.groovy:9)
	at com.kms.katalon.core.main.ScriptEngine.run(ScriptEngine.java:194)
	at com.kms.katalon.core.main.ScriptEngine.runScriptAsRawText(ScriptEngine.java:119)
	at com.kms.katalon.core.main.TestCaseExecutor.runScript(TestCaseExecutor.java:502)
	at com.kms.katalon.core.main.TestCaseExecutor.doExecute(TestCaseExecutor.java:493)
	at com.kms.katalon.core.main.TestCaseExecutor.processExecutionPhase(TestCaseExecutor.java:472)
	at com.kms.katalon.core.main.TestCaseExecutor.accessMainPhase(TestCaseExecutor.java:464)
	at com.kms.katalon.core.main.TestCaseExecutor.execute(TestCaseExecutor.java:334)
	at com.kms.katalon.core.common.CommonExecutor.accessTestCaseMainPhase(CommonExecutor.java:71)
	at com.kms.katalon.core.main.TestSuiteExecutor.accessTestSuiteMainPhase(TestSuiteExecutor.java:163)
	at com.kms.katalon.core.main.TestSuiteExecutor.execute(TestSuiteExecutor.java:120)
	at com.kms.katalon.core.main.TestCaseMain.startTestSuite(TestCaseMain.java:205)
	at S0.run(S0.groovy:40)
	at java.base/jdk.internal.reflect.DirectMethodHandleAccessor.invoke(DirectMethodHandleAccessor.java:103)
)

26-04-2026T02:07:48 - [MESSAGE][FAILED] - Unable to verify text 'John Patient' is present  (Root cause: com.kms.katalon.core.exception.StepFailedException: Unable to verify text 'John Patient' is present 
	at com.kms.katalon.core.webui.keyword.internal.WebUIKeywordMain.stepFailed(WebUIKeywordMain.groovy:177)
	at com.kms.katalon.core.webui.keyword.internal.WebUIKeywordMain.runKeyword(WebUIKeywordMain.groovy:49)
	at com.kms.katalon.core.webui.keyword.builtin.VerifyTextPresentKeyword.verifyTextPresent(VerifyTextPresentKeyword.groovy:83)
	at com.kms.katalon.core.webui.keyword.builtin.VerifyTextPresentKeyword.execute(VerifyTextPresentKeyword.groovy:68)
	at com.kms.katalon.core.keyword.internal.KeywordExecutor.executeKeywordForPlatform(KeywordExecutor.groovy:95)
	at com.kms.katalon.core.webui.keyword.WebUiBuiltInKeywords.verifyTextPresent(WebUiBuiltInKeywords.groovy:1808)
	at pulseclinic.WebUiKeywords.verifyTextPresent(WebUiKeywords.groovy:60)
	at java.base/jdk.internal.reflect.DirectMethodHandleAccessor.invoke(DirectMethodHandleAccessor.java:103)
	at com.kms.katalon.core.main.CustomKeywordDelegatingMetaClass.invokeStaticMethod(CustomKeywordDelegatingMetaClass.java:55)
	at Script20260425152000.run(Script20260425152000.groovy:9)
	at com.kms.katalon.core.main.ScriptEngine.run(ScriptEngine.java:194)
	at com.kms.katalon.core.main.ScriptEngine.runScriptAsRawText(ScriptEngine.java:119)
	at com.kms.katalon.core.main.TestCaseExecutor.runScript(TestCaseExecutor.java:502)
	at com.kms.katalon.core.main.TestCaseExecutor.doExecute(TestCaseExecutor.java:493)
	at com.kms.katalon.core.main.TestCaseExecutor.processExecutionPhase(TestCaseExecutor.java:472)
	at com.kms.katalon.core.main.TestCaseExecutor.accessMainPhase(TestCaseExecutor.java:464)
	at com.kms.katalon.core.main.TestCaseExecutor.execute(TestCaseExecutor.java:334)
	at com.kms.katalon.core.common.CommonExecutor.accessTestCaseMainPhase(CommonExecutor.java:71)
	at com.kms.katalon.core.main.TestSuiteExecutor.accessTestSuiteMainPhase(TestSuiteExecutor.java:163)
	at com.kms.katalon.core.main.TestSuiteExecutor.execute(TestSuiteExecutor.java:120)
	at com.kms.katalon.core.main.TestCaseMain.startTestSuite(TestCaseMain.java:205)
	at S0.run(S0.groovy:40)
	at java.base/jdk.internal.reflect.DirectMethodHandleAccessor.invoke(DirectMethodHandleAccessor.java:103)
Caused by: com.kms.katalon.core.exception.StepFailedException: Text 'John Patient' is not present on page 
	at com.kms.katalon.core.webui.keyword.internal.WebUIKeywordMain.stepFailed(WebUIKeywordMain.groovy:177)
	at com.kms.katalon.core.webui.keyword.builtin.VerifyTextPresentKeyword$_verifyTextPresent_closure1.doCall(VerifyTextPresentKeyword.groovy:79)
	at com.kms.katalon.core.webui.keyword.builtin.VerifyTextPresentKeyword$_verifyTextPresent_closure1.call(VerifyTextPresentKeyword.groovy)
	at com.kms.katalon.core.webui.keyword.internal.WebUIKeywordMain.runKeyword(WebUIKeywordMain.groovy:41)
	... 21 more
)
[[ATTACHMENT|D:\\UNI_DOCS\\HK6\\KCPM\\QuanLyBenhVien_KiemThu\\pulse-katalon\\Reports\\20260426_020636\\Baseline\\20260426_020636\\1777144068553.png]]

26-04-2026T02:07:48 - [MESSAGE][FAILED] - Unable to verify text 'John Patient' is present 
com.kms.katalon.core.exception.StepFailedException: Text 'John Patient' is not present on page 

26-04-2026T02:07:48 - [TEST_STEP][PASSED] - Finally: pulseclinic.WebUiKeywords.closeBrowser is PASSED

26-04-2026T02:07:48 - [TEST_STEP][PASSED] - pulseclinic.WebUiKeywords.closeBrowser(): pulseclinic.WebUiKeywords.closeBrowser is PASSED

26-04-2026T02:07:49 - [MESSAGE][PASSED] - Browser is closed

26-04-2026T02:07:49 - [MESSAGE][PASSED] - pulseclinic.WebUiKeywords.closeBrowser is PASSED]]></system-out>
         <system-err><![CDATA[26-04-2026T02:07:39 - [TEST_CASE][FAILED] - Test Cases/StaffTables/TC-009-Patient-search: Test Cases/StaffTables/TC-009-Patient-search FAILED.
Reason:
com.kms.katalon.core.exception.StepFailedException: Unable to verify text 'John Patient' is present 
	at com.kms.katalon.core.webui.keyword.internal.WebUIKeywordMain.stepFailed(WebUIKeywordMain.groovy:177)
	at com.kms.katalon.core.webui.keyword.internal.WebUIKeywordMain.runKeyword(WebUIKeywordMain.groovy:49)
	at com.kms.katalon.core.webui.keyword.builtin.VerifyTextPresentKeyword.verifyTextPresent(VerifyTextPresentKeyword.groovy:83)
	at com.kms.katalon.core.webui.keyword.builtin.VerifyTextPresentKeyword.execute(VerifyTextPresentKeyword.groovy:68)
	at com.kms.katalon.core.keyword.internal.KeywordExecutor.executeKeywordForPlatform(KeywordExecutor.groovy:95)
	at com.kms.katalon.core.webui.keyword.WebUiBuiltInKeywords.verifyTextPresent(WebUiBuiltInKeywords.groovy:1808)
	at pulseclinic.WebUiKeywords.verifyTextPresent(WebUiKeywords.groovy:60)
	at java.base/jdk.internal.reflect.DirectMethodHandleAccessor.invoke(DirectMethodHandleAccessor.java:103)
	at com.kms.katalon.core.main.CustomKeywordDelegatingMetaClass.invokeStaticMethod(CustomKeywordDelegatingMetaClass.java:55)
	at Script20260425152000.run(Script20260425152000.groovy:9)
	at com.kms.katalon.core.main.ScriptEngine.run(ScriptEngine.java:194)
	at com.kms.katalon.core.main.ScriptEngine.runScriptAsRawText(ScriptEngine.java:119)
	at com.kms.katalon.core.main.TestCaseExecutor.runScript(TestCaseExecutor.java:502)
	at com.kms.katalon.core.main.TestCaseExecutor.doExecute(TestCaseExecutor.java:493)
	at com.kms.katalon.core.main.TestCaseExecutor.processExecutionPhase(TestCaseExecutor.java:472)
	at com.kms.katalon.core.main.TestCaseExecutor.accessMainPhase(TestCaseExecutor.java:464)
	at com.kms.katalon.core.main.TestCaseExecutor.execute(TestCaseExecutor.java:334)
	at com.kms.katalon.core.common.CommonExecutor.accessTestCaseMainPhase(CommonExecutor.java:71)
	at com.kms.katalon.core.main.TestSuiteExecutor.accessTestSuiteMainPhase(TestSuiteExecutor.java:163)
	at com.kms.katalon.core.main.TestSuiteExecutor.execute(TestSuiteExecutor.java:120)
	at com.kms.katalon.core.main.TestCaseMain.startTestSuite(TestCaseMain.java:205)
	at S0.run(S0.groovy:40)
	at java.base/jdk.internal.reflect.DirectMethodHandleAccessor.invoke(DirectMethodHandleAccessor.java:103)
Caused by: com.kms.katalon.core.exception.StepFailedException: Text 'John Patient' is not present on page 
	at com.kms.katalon.core.webui.keyword.internal.WebUIKeywordMain.stepFailed(WebUIKeywordMain.groovy:177)
	at com.kms.katalon.core.webui.keyword.builtin.VerifyTextPresentKeyword$_verifyTextPresent_closure1.doCall(VerifyTextPresentKeyword.groovy:79)
	at com.kms.katalon.core.webui.keyword.builtin.VerifyTextPresentKeyword$_verifyTextPresent_closure1.call(VerifyTextPresentKeyword.groovy)
	at com.kms.katalon.core.webui.keyword.internal.WebUIKeywordMain.runKeyword(WebUIKeywordMain.groovy:41)
	... 21 more]]></system-err>
      </testcase>
      <testcase name="Test Cases/StaffTables/TC-010-Patient-filter-gender" time="9.54" classname="Test Cases/StaffTables/TC-010-Patient-filter-gender" status="FAILED">
         <failure type="FAILED" message="Test Cases/StaffTables/TC-010-Patient-filter-gender FAILED.&#xa;Reason:&#xa;com.kms.katalon.core.exception.StepFailedException: Expected at least 1 row(s) in table, but found 0. Seed data should guarantee this result - check that the filter/search is working correctly.&#xa;	at com.kms.katalon.core.util.KeywordUtil.markFailedAndStop(KeywordUtil.java:30)&#xa;	at pulseclinic.WebUiKeywords.verifyMinimumRows(WebUiKeywords.groovy:156)&#xa;	at java.base/jdk.internal.reflect.DirectMethodHandleAccessor.invoke(DirectMethodHandleAccessor.java:103)&#xa;	at com.kms.katalon.core.main.CustomKeywordDelegatingMetaClass.invokeStaticMethod(CustomKeywordDelegatingMetaClass.java:55)&#xa;	at Script20260425152000.run(Script20260425152000.groovy:12)&#xa;	at com.kms.katalon.core.main.ScriptEngine.run(ScriptEngine.java:194)&#xa;	at com.kms.katalon.core.main.ScriptEngine.runScriptAsRawText(ScriptEngine.java:119)&#xa;	at com.kms.katalon.core.main.TestCaseExecutor.runScript(TestCaseExecutor.java:502)&#xa;	at com.kms.katalon.core.main.TestCaseExecutor.doExecute(TestCaseExecutor.java:493)&#xa;	at com.kms.katalon.core.main.TestCaseExecutor.processExecutionPhase(TestCaseExecutor.java:472)&#xa;	at com.kms.katalon.core.main.TestCaseExecutor.accessMainPhase(TestCaseExecutor.java:464)&#xa;	at com.kms.katalon.core.main.TestCaseExecutor.execute(TestCaseExecutor.java:334)&#xa;	at com.kms.katalon.core.common.CommonExecutor.accessTestCaseMainPhase(CommonExecutor.java:71)&#xa;	at com.kms.katalon.core.main.TestSuiteExecutor.accessTestSuiteMainPhase(TestSuiteExecutor.java:163)&#xa;	at com.kms.katalon.core.main.TestSuiteExecutor.execute(TestSuiteExecutor.java:120)&#xa;	at com.kms.katalon.core.main.TestCaseMain.startTestSuite(TestCaseMain.java:205)&#xa;	at S0.run(S0.groovy:40)&#xa;	at java.base/jdk.internal.reflect.DirectMethodHandleAccessor.invoke(DirectMethodHandleAccessor.java:103)&#xa;"/>
         <system-out><![CDATA[26-04-2026T02:07:49 - [TEST_CASE][FAILED] - Test Cases/StaffTables/TC-010-Patient-filter-gender: Test Cases/StaffTables/TC-010-Patient-filter-gender FAILED.
Reason:
com.kms.katalon.core.exception.StepFailedException: Expected at least 1 row(s) in table, but found 0. Seed data should guarantee this result - check that the filter/search is working correctly.
	at com.kms.katalon.core.util.KeywordUtil.markFailedAndStop(KeywordUtil.java:30)
	at pulseclinic.WebUiKeywords.verifyMinimumRows(WebUiKeywords.groovy:156)
	at java.base/jdk.internal.reflect.DirectMethodHandleAccessor.invoke(DirectMethodHandleAccessor.java:103)
	at com.kms.katalon.core.main.CustomKeywordDelegatingMetaClass.invokeStaticMethod(CustomKeywordDelegatingMetaClass.java:55)
	at Script20260425152000.run(Script20260425152000.groovy:12)
	at com.kms.katalon.core.main.ScriptEngine.run(ScriptEngine.java:194)
	at com.kms.katalon.core.main.ScriptEngine.runScriptAsRawText(ScriptEngine.java:119)
	at com.kms.katalon.core.main.TestCaseExecutor.runScript(TestCaseExecutor.java:502)
	at com.kms.katalon.core.main.TestCaseExecutor.doExecute(TestCaseExecutor.java:493)
	at com.kms.katalon.core.main.TestCaseExecutor.processExecutionPhase(TestCaseExecutor.java:472)
	at com.kms.katalon.core.main.TestCaseExecutor.accessMainPhase(TestCaseExecutor.java:464)
	at com.kms.katalon.core.main.TestCaseExecutor.execute(TestCaseExecutor.java:334)
	at com.kms.katalon.core.common.CommonExecutor.accessTestCaseMainPhase(CommonExecutor.java:71)
	at com.kms.katalon.core.main.TestSuiteExecutor.accessTestSuiteMainPhase(TestSuiteExecutor.java:163)
	at com.kms.katalon.core.main.TestSuiteExecutor.execute(TestSuiteExecutor.java:120)
	at com.kms.katalon.core.main.TestCaseMain.startTestSuite(TestCaseMain.java:205)
	at S0.run(S0.groovy:40)
	at java.base/jdk.internal.reflect.DirectMethodHandleAccessor.invoke(DirectMethodHandleAccessor.java:103)


26-04-2026T02:07:49 - [TEST_STEP][FAILED] - try: Expected at least 1 row(s) in table, but found 0. Seed data should guarantee this result - check that the filter/search is working correctly.

26-04-2026T02:07:49 - [TEST_STEP][PASSED] - pulseclinic.WebUiKeywords.loginAsStaff(): pulseclinic.WebUiKeywords.loginAsStaff is PASSED

26-04-2026T02:07:49 - [MESSAGE][INFO] - Starting 'Edge Chromium' driver

26-04-2026T02:07:49 - [MESSAGE][INFO] - Action delay is set to 0 milliseconds

26-04-2026T02:07:50 - [MESSAGE][PASSED] - Browser is opened with url: ''

26-04-2026T02:07:50 - [MESSAGE][PASSED] - Current window maximized

26-04-2026T02:07:50 - [MESSAGE][PASSED] - Navigate to 'http://staff.localhost:3000/login' successfully

26-04-2026T02:07:50 - [MESSAGE][PASSED] - Wait for page load successfully

26-04-2026T02:07:51 - [MESSAGE][PASSED] - Object 'testid:login-email-input' is visible

26-04-2026T02:07:52 - [MESSAGE][PASSED] - Text 'pharmacist1@hospital.com' is set on object 'testid:login-email-input'

26-04-2026T02:07:52 - [MESSAGE][PASSED] - Object 'testid:login-password-input' is visible

26-04-2026T02:07:52 - [MESSAGE][PASSED] - Text 'password123' is set on object 'testid:login-password-input'

26-04-2026T02:07:53 - [MESSAGE][PASSED] - Object 'testid:login-submit-button' is clickable

26-04-2026T02:07:53 - [MESSAGE][PASSED] - Object: 'testid:login-submit-button' is clicked on

26-04-2026T02:07:53 - [MESSAGE][PASSED] - Current window's url is: 'http://staff.localhost:3000/login'

26-04-2026T02:07:54 - [MESSAGE][PASSED] - Delayed 1 second(s)

26-04-2026T02:07:54 - [MESSAGE][PASSED] - Current window's url is: 'http://staff.localhost:3000/home'

26-04-2026T02:07:54 - [MESSAGE][PASSED] - pulseclinic.WebUiKeywords.loginAsStaff is PASSED

26-04-2026T02:07:54 - [TEST_STEP][PASSED] - navigateToUrl(staffBaseUrl + "/patients"): Navigate to 'http://staff.localhost:3000/patients' successfully

26-04-2026T02:07:54 - [MESSAGE][PASSED] - Navigate to 'http://staff.localhost:3000/patients' successfully

26-04-2026T02:07:54 - [TEST_STEP][PASSED] - pulseclinic.WebUiKeywords.openToolbarFilter(): pulseclinic.WebUiKeywords.openToolbarFilter is PASSED

26-04-2026T02:07:55 - [MESSAGE][PASSED] - Object 'testid:toolbar-filter-button' is clickable

26-04-2026T02:07:55 - [MESSAGE][PASSED] - Object: 'testid:toolbar-filter-button' is clicked on

26-04-2026T02:07:55 - [MESSAGE][PASSED] - pulseclinic.WebUiKeywords.openToolbarFilter is PASSED

26-04-2026T02:07:55 - [TEST_STEP][PASSED] - pulseclinic.WebUiKeywords.selectByValueTestId("patient-filter-gender", "Male"): pulseclinic.WebUiKeywords.selectByValueTestId is PASSED

26-04-2026T02:07:56 - [MESSAGE][PASSED] - Object 'testid:patient-filter-gender' is visible

26-04-2026T02:07:56 - [MESSAGE][PASSED] - All options with value 'Male' are selected in object 'testid:patient-filter-gender' 

26-04-2026T02:07:56 - [MESSAGE][PASSED] - pulseclinic.WebUiKeywords.selectByValueTestId is PASSED

26-04-2026T02:07:56 - [TEST_STEP][PASSED] - pulseclinic.WebUiKeywords.clickByTestId("patient-filter-apply"): pulseclinic.WebUiKeywords.clickByTestId is PASSED

26-04-2026T02:07:57 - [MESSAGE][PASSED] - Object 'testid:patient-filter-apply' is clickable

26-04-2026T02:07:57 - [MESSAGE][PASSED] - Object: 'testid:patient-filter-apply' is clicked on

26-04-2026T02:07:57 - [MESSAGE][PASSED] - pulseclinic.WebUiKeywords.clickByTestId is PASSED

26-04-2026T02:07:57 - [TEST_STEP][FAILED] - pulseclinic.WebUiKeywords.verifyMinimumRows(1): Expected at least 1 row(s) in table, but found 0. Seed data should guarantee this result - check that the filter/search is working correctly.

[...]
	at com.kms.katalon.core.main.ScriptEngine.runScriptAsRawText(ScriptEngine.java:119)
	at com.kms.katalon.core.main.TestCaseExecutor.runScript(TestCaseExecutor.java:502)
	at com.kms.katalon.core.main.TestCaseExecutor.doExecute(TestCaseExecutor.java:493)
	at com.kms.katalon.core.main.TestCaseExecutor.processExecutionPhase(TestCaseExecutor.java:472)
	at com.kms.katalon.core.main.TestCaseExecutor.accessMainPhase(TestCaseExecutor.java:464)
	at com.kms.katalon.core.main.TestCaseExecutor.execute(TestCaseExecutor.java:334)
	at com.kms.katalon.core.common.CommonExecutor.accessTestCaseMainPhase(CommonExecutor.java:71)
	at com.kms.katalon.core.main.TestSuiteExecutor.accessTestSuiteMainPhase(TestSuiteExecutor.java:163)
	at com.kms.katalon.core.main.TestSuiteExecutor.execute(TestSuiteExecutor.java:120)
	at com.kms.katalon.core.main.TestCaseMain.startTestSuite(TestCaseMain.java:205)
	at S0.run(S0.groovy:40)
	at java.base/jdk.internal.reflect.DirectMethodHandleAccessor.invoke(DirectMethodHandleAccessor.java:103)


26-04-2026T02:12:14 - [TEST_STEP][FAILED] - try: Expected at least 1 row(s) in table, but found 0. Seed data should guarantee this result - check that the filter/search is working correctly.

26-04-2026T02:12:14 - [TEST_STEP][PASSED] - pulseclinic.WebUiKeywords.loginAsStaff(): pulseclinic.WebUiKeywords.loginAsStaff is PASSED

26-04-2026T02:12:14 - [MESSAGE][INFO] - Starting 'Edge Chromium' driver

26-04-2026T02:12:14 - [MESSAGE][INFO] - Action delay is set to 0 milliseconds

26-04-2026T02:12:15 - [MESSAGE][PASSED] - Browser is opened with url: ''

26-04-2026T02:12:15 - [MESSAGE][PASSED] - Current window maximized

26-04-2026T02:12:15 - [MESSAGE][PASSED] - Navigate to 'http://staff.localhost:3000/login' successfully

26-04-2026T02:12:16 - [MESSAGE][PASSED] - Wait for page load successfully

26-04-2026T02:12:16 - [MESSAGE][PASSED] - Object 'testid:login-email-input' is visible

26-04-2026T02:12:17 - [MESSAGE][PASSED] - Text 'pharmacist1@hospital.com' is set on object 'testid:login-email-input'

26-04-2026T02:12:17 - [MESSAGE][PASSED] - Object 'testid:login-password-input' is visible

26-04-2026T02:12:18 - [MESSAGE][PASSED] - Text 'password123' is set on object 'testid:login-password-input'

26-04-2026T02:12:18 - [MESSAGE][PASSED] - Object 'testid:login-submit-button' is clickable

26-04-2026T02:12:18 - [MESSAGE][PASSED] - Object: 'testid:login-submit-button' is clicked on

26-04-2026T02:12:18 - [MESSAGE][PASSED] - Current window's url is: 'http://staff.localhost:3000/login'

26-04-2026T02:12:19 - [MESSAGE][PASSED] - Delayed 1 second(s)

26-04-2026T02:12:19 - [MESSAGE][PASSED] - Current window's url is: 'http://staff.localhost:3000/home'

26-04-2026T02:12:19 - [MESSAGE][PASSED] - pulseclinic.WebUiKeywords.loginAsStaff is PASSED

26-04-2026T02:12:19 - [TEST_STEP][PASSED] - navigateToUrl(staffBaseUrl + "/drugs"): Navigate to 'http://staff.localhost:3000/drugs' successfully

26-04-2026T02:12:20 - [MESSAGE][PASSED] - Navigate to 'http://staff.localhost:3000/drugs' successfully

26-04-2026T02:12:20 - [TEST_STEP][PASSED] - pulseclinic.WebUiKeywords.openToolbarFilter(): pulseclinic.WebUiKeywords.openToolbarFilter is PASSED

26-04-2026T02:12:20 - [MESSAGE][PASSED] - Object 'testid:toolbar-filter-button' is clickable

26-04-2026T02:12:21 - [MESSAGE][PASSED] - Object: 'testid:toolbar-filter-button' is clicked on

26-04-2026T02:12:21 - [MESSAGE][PASSED] - pulseclinic.WebUiKeywords.openToolbarFilter is PASSED

26-04-2026T02:12:21 - [TEST_STEP][PASSED] - pulseclinic.WebUiKeywords.selectByValueTestId("drug-filter-dosage-form", "CAPSULE"): pulseclinic.WebUiKeywords.selectByValueTestId is PASSED

26-04-2026T02:12:21 - [MESSAGE][PASSED] - Object 'testid:drug-filter-dosage-form' is visible

26-04-2026T02:12:22 - [MESSAGE][PASSED] - All options with value 'CAPSULE' are selected in object 'testid:drug-filter-dosage-form' 

26-04-2026T02:12:22 - [MESSAGE][PASSED] - pulseclinic.WebUiKeywords.selectByValueTestId is PASSED

26-04-2026T02:12:22 - [TEST_STEP][PASSED] - pulseclinic.WebUiKeywords.clickByTestId("drug-filter-apply"): pulseclinic.WebUiKeywords.clickByTestId is PASSED

26-04-2026T02:12:22 - [MESSAGE][PASSED] - Object 'testid:drug-filter-apply' is clickable

26-04-2026T02:12:22 - [MESSAGE][PASSED] - Object: 'testid:drug-filter-apply' is clicked on

26-04-2026T02:12:22 - [MESSAGE][PASSED] - pulseclinic.WebUiKeywords.clickByTestId is PASSED

26-04-2026T02:12:22 - [TEST_STEP][FAILED] - pulseclinic.WebUiKeywords.verifyMinimumRows(1): Expected at least 1 row(s) in table, but found 0. Seed data should guarantee this result - check that the filter/search is working correctly.

26-04-2026T02:12:33 - [MESSAGE][WARNING] - Object 'testid:data-table' is not present after 10 second(s)

26-04-2026T02:12:43 - [MESSAGE][WARNING] - Object 'testid:data-table' is not present after 10 second(s)

26-04-2026T02:12:43 - [MESSAGE][PASSED] - Execute JavaScript 'return document.querySelectorAll('[data-testid="data-table-row"]').length' successfully

26-04-2026T02:12:43 - [MESSAGE][FAILED] - Expected at least 1 row(s) in table, but found 0. Seed data should guarantee this result - check that the filter/search is working correctly.

26-04-2026T02:12:43 - [TEST_STEP][PASSED] - Finally: pulseclinic.WebUiKeywords.closeBrowser is PASSED

26-04-2026T02:12:43 - [TEST_STEP][PASSED] - pulseclinic.WebUiKeywords.closeBrowser(): pulseclinic.WebUiKeywords.closeBrowser is PASSED

26-04-2026T02:12:43 - [MESSAGE][PASSED] - Browser is closed

26-04-2026T02:12:43 - [MESSAGE][PASSED] - pulseclinic.WebUiKeywords.closeBrowser is PASSED]]></system-out>
         <system-err><![CDATA[26-04-2026T02:12:14 - [TEST_CASE][FAILED] - Test Cases/StaffTables/TC-033-Drug-filter-capsule: Test Cases/StaffTables/TC-033-Drug-filter-capsule FAILED.
Reason:
com.kms.katalon.core.exception.StepFailedException: Expected at least 1 row(s) in table, but found 0. Seed data should guarantee this result - check that the filter/search is working correctly.
	at com.kms.katalon.core.util.KeywordUtil.markFailedAndStop(KeywordUtil.java:30)
	at pulseclinic.WebUiKeywords.verifyMinimumRows(WebUiKeywords.groovy:156)
	at java.base/jdk.internal.reflect.DirectMethodHandleAccessor.invoke(DirectMethodHandleAccessor.java:103)
	at com.kms.katalon.core.main.CustomKeywordDelegatingMetaClass.invokeStaticMethod(CustomKeywordDelegatingMetaClass.java:55)
	at Script20260426000000.run(Script20260426000000.groovy:14)
	at com.kms.katalon.core.main.ScriptEngine.run(ScriptEngine.java:194)
	at com.kms.katalon.core.main.ScriptEngine.runScriptAsRawText(ScriptEngine.java:119)
	at com.kms.katalon.core.main.TestCaseExecutor.runScript(TestCaseExecutor.java:502)
	at com.kms.katalon.core.main.TestCaseExecutor.doExecute(TestCaseExecutor.java:493)
	at com.kms.katalon.core.main.TestCaseExecutor.processExecutionPhase(TestCaseExecutor.java:472)
	at com.kms.katalon.core.main.TestCaseExecutor.accessMainPhase(TestCaseExecutor.java:464)
	at com.kms.katalon.core.main.TestCaseExecutor.execute(TestCaseExecutor.java:334)
	at com.kms.katalon.core.common.CommonExecutor.accessTestCaseMainPhase(CommonExecutor.java:71)
	at com.kms.katalon.core.main.TestSuiteExecutor.accessTestSuiteMainPhase(TestSuiteExecutor.java:163)
	at com.kms.katalon.core.main.TestSuiteExecutor.execute(TestSuiteExecutor.java:120)
	at com.kms.katalon.core.main.TestCaseMain.startTestSuite(TestCaseMain.java:205)
	at S0.run(S0.groovy:40)
	at java.base/jdk.internal.reflect.DirectMethodHandleAccessor.invoke(DirectMethodHandleAccessor.java:103)]]></system-err>
      </testcase>
      <testcase name="Test Cases/StaffTables/TC-034-Waitlist-filter-urgent" time="9.498" classname="Test Cases/StaffTables/TC-034-Waitlist-filter-urgent" status="PASSED">
         <system-out><![CDATA[26-04-2026T02:12:43 - [TEST_CASE][PASSED] - Test Cases/StaffTables/TC-034-Waitlist-filter-urgent: Test Cases/StaffTables/TC-034-Waitlist-filter-urgent

26-04-2026T02:12:43 - [TEST_STEP][PASSED] - try: pulseclinic.WebUiKeywords.verifyRowsOrEmptyState is PASSED

26-04-2026T02:12:43 - [TEST_STEP][PASSED] - pulseclinic.WebUiKeywords.loginAsStaff(): pulseclinic.WebUiKeywords.loginAsStaff is PASSED

26-04-2026T02:12:43 - [MESSAGE][INFO] - Starting 'Edge Chromium' driver

26-04-2026T02:12:43 - [MESSAGE][INFO] - Action delay is set to 0 milliseconds

26-04-2026T02:12:44 - [MESSAGE][PASSED] - Browser is opened with url: ''

26-04-2026T02:12:44 - [MESSAGE][PASSED] - Current window maximized

26-04-2026T02:12:45 - [MESSAGE][PASSED] - Navigate to 'http://staff.localhost:3000/login' successfully

26-04-2026T02:12:45 - [MESSAGE][PASSED] - Wait for page load successfully

26-04-2026T02:12:45 - [MESSAGE][PASSED] - Object 'testid:login-email-input' is visible

26-04-2026T02:12:46 - [MESSAGE][PASSED] - Text 'pharmacist1@hospital.com' is set on object 'testid:login-email-input'

26-04-2026T02:12:46 - [MESSAGE][PASSED] - Object 'testid:login-password-input' is visible

26-04-2026T02:12:47 - [MESSAGE][PASSED] - Text 'password123' is set on object 'testid:login-password-input'

26-04-2026T02:12:47 - [MESSAGE][PASSED] - Object 'testid:login-submit-button' is clickable

26-04-2026T02:12:47 - [MESSAGE][PASSED] - Object: 'testid:login-submit-button' is clicked on

26-04-2026T02:12:48 - [MESSAGE][PASSED] - Current window's url is: 'http://staff.localhost:3000/login'

26-04-2026T02:12:49 - [MESSAGE][PASSED] - Delayed 1 second(s)

26-04-2026T02:12:49 - [MESSAGE][PASSED] - Current window's url is: 'http://staff.localhost:3000/home'

26-04-2026T02:12:49 - [MESSAGE][PASSED] - pulseclinic.WebUiKeywords.loginAsStaff is PASSED

26-04-2026T02:12:49 - [TEST_STEP][PASSED] - navigateToUrl(staffBaseUrl + "/wait-list"): Navigate to 'http://staff.localhost:3000/wait-list' successfully

26-04-2026T02:12:49 - [MESSAGE][PASSED] - Navigate to 'http://staff.localhost:3000/wait-list' successfully

26-04-2026T02:12:49 - [TEST_STEP][PASSED] - pulseclinic.WebUiKeywords.openToolbarFilter(): pulseclinic.WebUiKeywords.openToolbarFilter is PASSED

26-04-2026T02:12:49 - [MESSAGE][PASSED] - Object 'testid:toolbar-filter-button' is clickable

26-04-2026T02:12:50 - [MESSAGE][PASSED] - Object: 'testid:toolbar-filter-button' is clicked on

26-04-2026T02:12:50 - [MESSAGE][PASSED] - pulseclinic.WebUiKeywords.openToolbarFilter is PASSED

26-04-2026T02:12:50 - [TEST_STEP][PASSED] - pulseclinic.WebUiKeywords.selectByValueTestId("waitlist-filter-priority", "EMERGENCY"): pulseclinic.WebUiKeywords.selectByValueTestId is PASSED

26-04-2026T02:12:50 - [MESSAGE][PASSED] - Object 'testid:waitlist-filter-priority' is visible

26-04-2026T02:12:51 - [MESSAGE][PASSED] - All options with value 'EMERGENCY' are selected in object 'testid:waitlist-filter-priority' 

26-04-2026T02:12:51 - [MESSAGE][PASSED] - pulseclinic.WebUiKeywords.selectByValueTestId is PASSED

26-04-2026T02:12:51 - [TEST_STEP][PASSED] - pulseclinic.WebUiKeywords.clickByTestId("waitlist-filter-apply"): pulseclinic.WebUiKeywords.clickByTestId is PASSED

26-04-2026T02:12:51 - [MESSAGE][PASSED] - Object 'testid:waitlist-filter-apply' is clickable

26-04-2026T02:12:52 - [MESSAGE][PASSED] - Object: 'testid:waitlist-filter-apply' is clicked on

26-04-2026T02:12:52 - [MESSAGE][PASSED] - pulseclinic.WebUiKeywords.clickByTestId is PASSED

26-04-2026T02:12:52 - [TEST_STEP][PASSED] - pulseclinic.WebUiKeywords.verifyRowsOrEmptyState(): pulseclinic.WebUiKeywords.verifyRowsOrEmptyState is PASSED

26-04-2026T02:12:52 - [MESSAGE][PASSED] - Object 'testid:data-table' is present

26-04-2026T02:12:52 - [MESSAGE][PASSED] - Object 'testid:data-table' is present

26-04-2026T02:12:52 - [MESSAGE][PASSED] - Execute JavaScript 'return document.querySelectorAll('[data-testid="data-table-row"]').length' successfully

26-04-2026T02:12:52 - [MESSAGE][PASSED] - Text 'No data available' is present on page 

26-04-2026T02:12:52 - [MESSAGE][PASSED] - pulseclinic.WebUiKeywords.verifyRowsOrEmptyState is PASSED

26-04-2026T02:12:52 - [TEST_STEP][PASSED] - Finally: pulseclinic.WebUiKeywords.closeBrowser is PASSED

26-04-2026T02:12:52 - [TEST_STEP][PASSED] - pulseclinic.WebUiKeywords.closeBrowser(): pulseclinic.WebUiKeywords.closeBrowser is PASSED

26-04-2026T02:12:53 - [MESSAGE][PASSED] - Browser is closed

26-04-2026T02:12:53 - [MESSAGE][PASSED] - pulseclinic.WebUiKeywords.closeBrowser is PASSED]]></system-out>
         <system-err><![CDATA[]]></system-err>
      </testcase>
      <testcase name="Test Cases/StaffTables/TC-035-Room-filter-unavailable" time="29.11" classname="Test Cases/StaffTables/TC-035-Room-filter-unavailable" status="PASSED">
         <system-out><![CDATA[26-04-2026T02:12:53 - [TEST_CASE][PASSED] - Test Cases/StaffTables/TC-035-Room-filter-unavailable: Test Cases/StaffTables/TC-035-Room-filter-unavailable

26-04-2026T02:12:53 - [TEST_STEP][PASSED] - try: pulseclinic.WebUiKeywords.verifyRowsOrEmptyState is PASSED

26-04-2026T02:12:53 - [TEST_STEP][PASSED] - pulseclinic.WebUiKeywords.loginAsStaff(): pulseclinic.WebUiKeywords.loginAsStaff is PASSED

26-04-2026T02:12:53 - [MESSAGE][INFO] - Starting 'Edge Chromium' driver

26-04-2026T02:12:53 - [MESSAGE][INFO] - Action delay is set to 0 milliseconds

26-04-2026T02:12:54 - [MESSAGE][PASSED] - Browser is opened with url: ''

26-04-2026T02:12:54 - [MESSAGE][PASSED] - Current window maximized

26-04-2026T02:12:54 - [MESSAGE][PASSED] - Navigate to 'http://staff.localhost:3000/login' successfully

26-04-2026T02:12:54 - [MESSAGE][PASSED] - Wait for page load successfully

26-04-2026T02:12:55 - [MESSAGE][PASSED] - Object 'testid:login-email-input' is visible

26-04-2026T02:12:55 - [MESSAGE][PASSED] - Text 'pharmacist1@hospital.com' is set on object 'testid:login-email-input'

26-04-2026T02:12:56 - [MESSAGE][PASSED] - Object 'testid:login-password-input' is visible

26-04-2026T02:12:56 - [MESSAGE][PASSED] - Text 'password123' is set on object 'testid:login-password-input'

26-04-2026T02:12:57 - [MESSAGE][PASSED] - Object 'testid:login-submit-button' is clickable

26-04-2026T02:12:57 - [MESSAGE][PASSED] - Object: 'testid:login-submit-button' is clicked on

26-04-2026T02:12:57 - [MESSAGE][PASSED] - Current window's url is: 'http://staff.localhost:3000/login'

26-04-2026T02:12:58 - [MESSAGE][PASSED] - Delayed 1 second(s)

26-04-2026T02:12:58 - [MESSAGE][PASSED] - Current window's url is: 'http://staff.localhost:3000/home'

26-04-2026T02:12:58 - [MESSAGE][PASSED] - pulseclinic.WebUiKeywords.loginAsStaff is PASSED

26-04-2026T02:12:58 - [TEST_STEP][PASSED] - navigateToUrl(staffBaseUrl + "/rooms"): Navigate to 'http://staff.localhost:3000/rooms' successfully

26-04-2026T02:12:58 - [MESSAGE][PASSED] - Navigate to 'http://staff.localhost:3000/rooms' successfully

26-04-2026T02:12:58 - [TEST_STEP][PASSED] - pulseclinic.WebUiKeywords.openToolbarFilter(): pulseclinic.WebUiKeywords.openToolbarFilter is PASSED

26-04-2026T02:12:59 - [MESSAGE][PASSED] - Object 'testid:toolbar-filter-button' is clickable

26-04-2026T02:12:59 - [MESSAGE][PASSED] - Object: 'testid:toolbar-filter-button' is clicked on

26-04-2026T02:12:59 - [MESSAGE][PASSED] - pulseclinic.WebUiKeywords.openToolbarFilter is PASSED

26-04-2026T02:12:59 - [TEST_STEP][PASSED] - pulseclinic.WebUiKeywords.selectByValueTestId("room-filter-status", "occupied"): pulseclinic.WebUiKeywords.selectByValueTestId is PASSED

26-04-2026T02:13:00 - [MESSAGE][PASSED] - Object 'testid:room-filter-status' is visible

26-04-2026T02:13:00 - [MESSAGE][PASSED] - All options with value 'occupied' are selected in object 'testid:room-filter-status' 

26-04-2026T02:13:00 - [MESSAGE][PASSED] - pulseclinic.WebUiKeywords.selectByValueTestId is PASSED

26-04-2026T02:13:00 - [TEST_STEP][PASSED] - pulseclinic.WebUiKeywords.clickByTestId("room-filter-apply"): pulseclinic.WebUiKeywords.clickByTestId is PASSED

26-04-2026T02:13:01 - [MESSAGE][PASSED] - Object 'testid:room-filter-apply' is clickable

26-04-2026T02:13:01 - [MESSAGE][PASSED] - Object: 'testid:room-filter-apply' is clicked on

26-04-2026T02:13:01 - [MESSAGE][PASSED] - pulseclinic.WebUiKeywords.clickByTestId is PASSED

26-04-2026T02:13:01 - [TEST_STEP][PASSED] - pulseclinic.WebUiKeywords.verifyRowsOrEmptyState(): pulseclinic.WebUiKeywords.verifyRowsOrEmptyState is PASSED

26-04-2026T02:13:11 - [MESSAGE][WARNING] - Object 'testid:data-table' is not present after 10 second(s)

26-04-2026T02:13:21 - [MESSAGE][WARNING] - Object 'testid:data-table' is not present after 10 second(s)

26-04-2026T02:13:21 - [MESSAGE][PASSED] - Execute JavaScript 'return document.querySelectorAll('[data-testid="data-table-row"]').length' successfully

26-04-2026T02:13:21 - [MESSAGE][WARNING] - Text 'No data available' is not present on page  (Root cause: com.kms.katalon.core.exception.StepFailedException: Text 'No data available' is not present on page 
	at com.kms.katalon.core.webui.keyword.internal.WebUIKeywordMain.stepFailed(WebUIKeywordMain.groovy:177)
	at com.kms.katalon.core.webui.keyword.builtin.VerifyTextPresentKeyword$_verifyTextPresent_closure1.doCall(VerifyTextPresentKeyword.groovy:79)
	at com.kms.katalon.core.webui.keyword.builtin.VerifyTextPresentKeyword$_verifyTextPresent_closure1.call(VerifyTextPresentKeyword.groovy)
	at com.kms.katalon.core.webui.keyword.internal.WebUIKeywordMain.runKeyword(WebUIKeywordMain.groovy:41)
	at com.kms.katalon.core.webui.keyword.builtin.VerifyTextPresentKeyword.verifyTextPresent(VerifyTextPresentKeyword.groovy:83)
	at com.kms.katalon.core.webui.keyword.builtin.VerifyTextPresentKeyword.execute(VerifyTextPresentKeyword.groovy:68)
	at com.kms.katalon.core.keyword.internal.KeywordExecutor.executeKeywordForPlatform(KeywordExecutor.groovy:95)
	at com.kms.katalon.core.webui.keyword.WebUiBuiltInKeywords.verifyTextPresent(WebUiBuiltInKeywords.groovy:1808)
	at pulseclinic.WebUiKeywords.verifyRowsOrEmptyState(WebUiKeywords.groovy:145)
	at java.base/jdk.internal.reflect.DirectMethodHandleAccessor.invoke(DirectMethodHandleAccessor.java:103)
	at com.kms.katalon.core.main.CustomKeywordDelegatingMetaClass.invokeStaticMethod(CustomKeywordDelegatingMetaClass.java:55)
	at Script20260426000000.run(Script20260426000000.groovy:13)
	at com.kms.katalon.core.main.ScriptEngine.run(ScriptEngine.java:194)
	at com.kms.katalon.core.main.ScriptEngine.runScriptAsRawText(ScriptEngine.java:119)
	at com.kms.katalon.core.main.TestCaseExecutor.runScript(TestCaseExecutor.java:502)
	at com.kms.katalon.core.main.TestCaseExecutor.doExecute(TestCaseExecutor.java:493)
	at com.kms.katalon.core.main.TestCaseExecutor.processExecutionPhase(TestCaseExecutor.java:472)
	at com.kms.katalon.core.main.TestCaseExecutor.accessMainPhase(TestCaseExecutor.java:464)
	at com.kms.katalon.core.main.TestCaseExecutor.execute(TestCaseExecutor.java:334)
	at com.kms.katalon.core.common.CommonExecutor.accessTestCaseMainPhase(CommonExecutor.java:71)
	at com.kms.katalon.core.main.TestSuiteExecutor.accessTestSuiteMainPhase(TestSuiteExecutor.java:163)
	at com.kms.katalon.core.main.TestSuiteExecutor.execute(TestSuiteExecutor.java:120)
	at com.kms.katalon.core.main.TestCaseMain.startTestSuite(TestCaseMain.java:205)
	at S0.run(S0.groovy:40)
	at java.base/jdk.internal.reflect.DirectMethodHandleAccessor.invoke(DirectMethodHandleAccessor.java:103)
)

26-04-2026T02:13:21 - [MESSAGE][PASSED] - pulseclinic.WebUiKeywords.verifyRowsOrEmptyState is PASSED

26-04-2026T02:13:21 - [TEST_STEP][PASSED] - Finally: pulseclinic.WebUiKeywords.closeBrowser is PASSED

26-04-2026T02:13:21 - [TEST_STEP][PASSED] - pulseclinic.WebUiKeywords.closeBrowser(): pulseclinic.WebUiKeywords.closeBrowser is PASSED

26-04-2026T02:13:22 - [MESSAGE][PASSED] - Browser is closed

26-04-2026T02:13:22 - [MESSAGE][PASSED] - pulseclinic.WebUiKeywords.closeBrowser is PASSED]]></system-out>
         <system-err><![CDATA[]]></system-err>
      </testcase>
      <system-out><![CDATA[26-04-2026T02:06:43 - [TEST_SUITE][FAILED] - Baseline: null]]></system-out>
      <system-err><![CDATA[26-04-2026T02:06:43 - [TEST_SUITE][FAILED] - Baseline: null]]></system-err>
   </testsuite>
</testsuites>
